srun: error: cmp120: task 0: Segmentation fault
/usr/bin/timeout: the monitored command dumped core
srun: launch/slurm: _step_signal: Terminating StepId=264332.0
srun: error: cmp120: task 0: Exited with exit code 124
srun: launch/slurm: _step_signal: Terminating StepId=264332.1
srun: error: cmp120: task 0: Exited with exit code 124
srun: launch/slurm: _step_signal: Terminating StepId=264332.2
srun: error: cmp120: task 0: Exited with exit code 124
srun: launch/slurm: _step_signal: Terminating StepId=264332.3
srun: error: cmp120: task 0: Exited with exit code 124
srun: launch/slurm: _step_signal: Terminating StepId=264332.4
srun: error: cmp120: task 0: Exited with exit code 124
srun: launch/slurm: _step_signal: Terminating StepId=264332.5
srun: error: cmp120: task 0: Exited with exit code 124
srun: launch/slurm: _step_signal: Terminating StepId=264332.6
srun: error: cmp120: task 0: Exited with exit code 124
srun: launch/slurm: _step_signal: Terminating StepId=264332.7
srun: error: cmp120: task 0: Segmentation fault
srun: launch/slurm: _step_signal: Terminating StepId=264332.8
/usr/bin/timeout: the monitored command dumped core
srun: error: cmp120: task 0: Exited with exit code 124
srun: launch/slurm: _step_signal: Terminating StepId=264332.9
srun: error: cmp120: task 0: Exited with exit code 124
srun: launch/slurm: _step_signal: Terminating StepId=264332.10
srun: error: cmp120: task 0: Exited with exit code 124
srun: launch/slurm: _step_signal: Terminating StepId=264332.11
srun: error: cmp120: task 0: Exited with exit code 124
srun: launch/slurm: _step_signal: Terminating StepId=264332.12
srun: error: cmp120: task 0: Exited with exit code 124
srun: launch/slurm: _step_signal: Terminating StepId=264332.13
srun: error: cmp120: task 0: Exited with exit code 124
srun: launch/slurm: _step_signal: Terminating StepId=264332.14
srun: error: cmp120: task 0: Exited with exit code 124
srun: launch/slurm: _step_signal: Terminating StepId=264332.15
srun: error: cmp120: task 0: Exited with exit code 124
srun: launch/slurm: _step_signal: Terminating StepId=264332.16
srun: error: cmp120: task 0: Exited with exit code 124
srun: launch/slurm: _step_signal: Terminating StepId=264332.17
srun: error: cmp120: task 0: Exited with exit code 124
srun: launch/slurm: _step_signal: Terminating StepId=264332.18
srun: error: cmp120: task 0: Exited with exit code 124
srun: launch/slurm: _step_signal: Terminating StepId=264332.19
srun: error: cmp120: task 0: Exited with exit code 124
srun: launch/slurm: _step_signal: Terminating StepId=264332.20
srun: error: cmp120: task 0: Exited with exit code 124
srun: launch/slurm: _step_signal: Terminating StepId=264332.21
srun: error: cmp120: task 0: Exited with exit code 124
srun: launch/slurm: _step_signal: Terminating StepId=264332.22
srun: error: cmp120: task 0: Exited with exit code 124
srun: launch/slurm: _step_signal: Terminating StepId=264332.23
srun: error: cmp120: task 0: Exited with exit code 124
srun: launch/slurm: _step_signal: Terminating StepId=264332.24
srun: error: cmp120: task 0: Exited with exit code 124
srun: launch/slurm: _step_signal: Terminating StepId=264332.25
srun: error: cmp120: task 0: Exited with exit code 124
srun: launch/slurm: _step_signal: Terminating StepId=264332.26
srun: error: cmp120: task 0: Exited with exit code 124
srun: launch/slurm: _step_signal: Terminating StepId=264332.27
srun: error: cmp120: task 0: Exited with exit code 124
srun: launch/slurm: _step_signal: Terminating StepId=264332.28
srun: error: cmp120: task 0: Exited with exit code 124
srun: launch/slurm: _step_signal: Terminating StepId=264332.30
srun: error: cmp120: task 0: Exited with exit code 124
srun: launch/slurm: _step_signal: Terminating StepId=264332.31
srun: error: cmp120: task 0: Exited with exit code 124
srun: launch/slurm: _step_signal: Terminating StepId=264332.32
srun: error: cmp120: task 0: Exited with exit code 124
srun: launch/slurm: _step_signal: Terminating StepId=264332.33
srun: error: cmp120: task 0: Exited with exit code 124
srun: launch/slurm: _step_signal: Terminating StepId=264332.34
srun: error: cmp120: task 0: Exited with exit code 124
srun: launch/slurm: _step_signal: Terminating StepId=264332.35
srun: error: cmp120: task 0: Exited with exit code 124
srun: launch/slurm: _step_signal: Terminating StepId=264332.36
srun: error: cmp120: task 0: Exited with exit code 124
srun: launch/slurm: _step_signal: Terminating StepId=264332.37
srun: error: cmp120: task 0: Exited with exit code 124
srun: launch/slurm: _step_signal: Terminating StepId=264332.38
srun: error: cmp120: task 0: Exited with exit code 124
srun: launch/slurm: _step_signal: Terminating StepId=264332.39
srun: error: cmp120: task 0: Exited with exit code 124
srun: launch/slurm: _step_signal: Terminating StepId=264332.40
srun: error: cmp120: task 0: Exited with exit code 124
srun: launch/slurm: _step_signal: Terminating StepId=264332.41
srun: error: cmp120: task 0: Exited with exit code 124
srun: launch/slurm: _step_signal: Terminating StepId=264332.42
srun: error: cmp120: task 0: Exited with exit code 124
srun: launch/slurm: _step_signal: Terminating StepId=264332.44
srun: error: cmp120: task 0: Exited with exit code 124
srun: launch/slurm: _step_signal: Terminating StepId=264332.45
srun: error: cmp120: task 0: Exited with exit code 124
srun: launch/slurm: _step_signal: Terminating StepId=264332.46
srun: error: cmp120: task 0: Exited with exit code 124
srun: launch/slurm: _step_signal: Terminating StepId=264332.48
srun: error: cmp120: task 0: Exited with exit code 124
srun: launch/slurm: _step_signal: Terminating StepId=264332.50
srun: error: cmp120: task 0: Exited with exit code 124
srun: launch/slurm: _step_signal: Terminating StepId=264332.52
srun: error: cmp120: task 0: Exited with exit code 124
srun: launch/slurm: _step_signal: Terminating StepId=264332.54
srun: error: cmp120: task 0: Exited with exit code 124
srun: launch/slurm: _step_signal: Terminating StepId=264332.56
srun: error: cmp120: task 0: Exited with exit code 124
srun: launch/slurm: _step_signal: Terminating StepId=264332.58
srun: error: cmp120: task 0: Exited with exit code 124
srun: launch/slurm: _step_signal: Terminating StepId=264332.60
srun: error: cmp120: task 0: Exited with exit code 124
srun: launch/slurm: _step_signal: Terminating StepId=264332.62
srun: error: cmp120: task 0: Exited with exit code 124
srun: launch/slurm: _step_signal: Terminating StepId=264332.64
srun: error: cmp120: task 0: Exited with exit code 124
srun: launch/slurm: _step_signal: Terminating StepId=264332.66
srun: error: cmp120: task 0: Exited with exit code 124
srun: launch/slurm: _step_signal: Terminating StepId=264332.68
srun: error: cmp120: task 0: Exited with exit code 124
srun: launch/slurm: _step_signal: Terminating StepId=264332.70
srun: error: cmp120: task 0: Exited with exit code 124
srun: launch/slurm: _step_signal: Terminating StepId=264332.72
srun: error: cmp120: task 0: Exited with exit code 124
srun: launch/slurm: _step_signal: Terminating StepId=264332.74
srun: error: cmp120: task 0: Exited with exit code 124
srun: launch/slurm: _step_signal: Terminating StepId=264332.76
srun: error: cmp120: task 0: Exited with exit code 124
srun: launch/slurm: _step_signal: Terminating StepId=264332.78
srun: error: cmp120: task 0: Exited with exit code 124
srun: launch/slurm: _step_signal: Terminating StepId=264332.80
srun: error: cmp120: task 0: Exited with exit code 124
srun: launch/slurm: _step_signal: Terminating StepId=264332.82
srun: error: cmp120: task 0: Exited with exit code 124
srun: launch/slurm: _step_signal: Terminating StepId=264332.84
srun: error: cmp120: task 0: Exited with exit code 124
srun: launch/slurm: _step_signal: Terminating StepId=264332.86
srun: error: cmp120: task 0: Exited with exit code 124
srun: launch/slurm: _step_signal: Terminating StepId=264332.88
srun: error: cmp120: task 0: Exited with exit code 124
srun: launch/slurm: _step_signal: Terminating StepId=264332.89
srun: error: cmp120: task 0: Exited with exit code 124
srun: launch/slurm: _step_signal: Terminating StepId=264332.90
srun: error: cmp120: task 0: Exited with exit code 124
srun: launch/slurm: _step_signal: Terminating StepId=264332.91
srun: error: cmp120: task 0: Exited with exit code 124
srun: launch/slurm: _step_signal: Terminating StepId=264332.92
srun: error: cmp120: task 0: Exited with exit code 124
srun: launch/slurm: _step_signal: Terminating StepId=264332.93
srun: error: cmp120: task 0: Exited with exit code 124
srun: launch/slurm: _step_signal: Terminating StepId=264332.94
srun: error: cmp120: task 0: Exited with exit code 124
srun: launch/slurm: _step_signal: Terminating StepId=264332.96
srun: error: cmp120: task 0: Exited with exit code 124
srun: launch/slurm: _step_signal: Terminating StepId=264332.97
srun: error: cmp120: task 0: Exited with exit code 124
srun: launch/slurm: _step_signal: Terminating StepId=264332.98
srun: error: cmp120: task 0: Exited with exit code 124
srun: launch/slurm: _step_signal: Terminating StepId=264332.99
srun: error: cmp120: task 0: Exited with exit code 124
srun: launch/slurm: _step_signal: Terminating StepId=264332.100
srun: error: cmp120: task 0: Exited with exit code 124
srun: launch/slurm: _step_signal: Terminating StepId=264332.102
srun: error: cmp120: task 0: Exited with exit code 124
srun: launch/slurm: _step_signal: Terminating StepId=264332.103
srun: error: cmp120: task 0: Exited with exit code 124
srun: launch/slurm: _step_signal: Terminating StepId=264332.104
srun: error: cmp120: task 0: Exited with exit code 124
srun: launch/slurm: _step_signal: Terminating StepId=264332.106
srun: error: cmp120: task 0: Exited with exit code 124
srun: launch/slurm: _step_signal: Terminating StepId=264332.108
srun: error: cmp120: task 0: Exited with exit code 124
srun: launch/slurm: _step_signal: Terminating StepId=264332.110
srun: error: cmp120: task 0: Exited with exit code 124
srun: launch/slurm: _step_signal: Terminating StepId=264332.111
srun: error: cmp120: task 0: Exited with exit code 124
srun: launch/slurm: _step_signal: Terminating StepId=264332.112
srun: error: cmp120: task 0: Exited with exit code 124
srun: launch/slurm: _step_signal: Terminating StepId=264332.113
srun: error: cmp120: task 0: Exited with exit code 124
srun: launch/slurm: _step_signal: Terminating StepId=264332.114
srun: error: cmp120: task 0: Exited with exit code 124
srun: launch/slurm: _step_signal: Terminating StepId=264332.115
srun: error: cmp120: task 0: Exited with exit code 124
srun: launch/slurm: _step_signal: Terminating StepId=264332.116
srun: error: cmp120: task 0: Exited with exit code 124
srun: launch/slurm: _step_signal: Terminating StepId=264332.117
srun: error: cmp120: task 0: Exited with exit code 124
srun: launch/slurm: _step_signal: Terminating StepId=264332.118
srun: error: cmp120: task 0: Exited with exit code 124
srun: launch/slurm: _step_signal: Terminating StepId=264332.120
srun: error: cmp120: task 0: Exited with exit code 124
srun: launch/slurm: _step_signal: Terminating StepId=264332.122
srun: error: cmp120: task 0: Exited with exit code 124
srun: launch/slurm: _step_signal: Terminating StepId=264332.124
srun: Job 264332 step creation temporarily disabled, retrying (Requested nodes are busy)
srun: Step created for job 264332
srun: error: cmp120: task 0: Exited with exit code 124
srun: launch/slurm: _step_signal: Terminating StepId=264332.126
srun: error: cmp120: task 0: Exited with exit code 124
srun: launch/slurm: _step_signal: Terminating StepId=264332.127
srun: error: cmp120: task 0: Exited with exit code 124
srun: launch/slurm: _step_signal: Terminating StepId=264332.128
srun: error: cmp120: task 0: Exited with exit code 124
srun: launch/slurm: _step_signal: Terminating StepId=264332.130
srun: error: cmp120: task 0: Exited with exit code 124
srun: launch/slurm: _step_signal: Terminating StepId=264332.131
srun: error: cmp120: task 0: Exited with exit code 124
srun: launch/slurm: _step_signal: Terminating StepId=264332.132
srun: error: cmp120: task 0: Exited with exit code 124
srun: launch/slurm: _step_signal: Terminating StepId=264332.133
srun: error: cmp120: task 0: Exited with exit code 124
srun: launch/slurm: _step_signal: Terminating StepId=264332.134
srun: error: cmp120: task 0: Exited with exit code 124
srun: launch/slurm: _step_signal: Terminating StepId=264332.136
srun: error: cmp120: task 0: Exited with exit code 124
srun: launch/slurm: _step_signal: Terminating StepId=264332.138
srun: error: cmp120: task 0: Exited with exit code 124
srun: launch/slurm: _step_signal: Terminating StepId=264332.140
srun: error: cmp120: task 0: Exited with exit code 124
srun: launch/slurm: _step_signal: Terminating StepId=264332.142
srun: error: cmp120: task 0: Exited with exit code 124
srun: launch/slurm: _step_signal: Terminating StepId=264332.143
srun: error: cmp120: task 0: Exited with exit code 124
srun: launch/slurm: _step_signal: Terminating StepId=264332.144
srun: error: cmp120: task 0: Exited with exit code 124
srun: launch/slurm: _step_signal: Terminating StepId=264332.146
srun: error: cmp120: task 0: Exited with exit code 124
srun: launch/slurm: _step_signal: Terminating StepId=264332.148
srun: error: cmp120: task 0: Exited with exit code 124
srun: launch/slurm: _step_signal: Terminating StepId=264332.150
srun: error: cmp120: task 0: Exited with exit code 124
srun: launch/slurm: _step_signal: Terminating StepId=264332.152
srun: error: cmp120: task 0: Exited with exit code 124
srun: launch/slurm: _step_signal: Terminating StepId=264332.153
srun: error: cmp120: task 0: Segmentation fault
srun: launch/slurm: _step_signal: Terminating StepId=264332.154
/usr/bin/timeout: the monitored command dumped core
srun: error: cmp120: task 0: Exited with exit code 124
srun: launch/slurm: _step_signal: Terminating StepId=264332.155
srun: error: cmp120: task 0: Exited with exit code 124
srun: launch/slurm: _step_signal: Terminating StepId=264332.156
srun: error: cmp120: task 0: Exited with exit code 124
srun: launch/slurm: _step_signal: Terminating StepId=264332.157
srun: error: cmp120: task 0: Exited with exit code 124
srun: launch/slurm: _step_signal: Terminating StepId=264332.158
srun: error: cmp120: task 0: Exited with exit code 124
srun: launch/slurm: _step_signal: Terminating StepId=264332.159
performance-testing: /home/jaspervermeule/executables/performance-testing/performance-testing.cpp:544: int Heuristic_Solver::optimize_task_list(int, std::vector<Heuristic_Solver::Task>&, bool, int): Assertion `optimal_insertion_index >= 0' failed.
/usr/bin/timeout: the monitored command dumped core
srun: error: cmp120: task 0: Aborted
srun: launch/slurm: _step_signal: Terminating StepId=264332.160
srun: error: cmp120: task 0: Exited with exit code 124
srun: launch/slurm: _step_signal: Terminating StepId=264332.161
srun: error: cmp120: task 0: Exited with exit code 124
srun: launch/slurm: _step_signal: Terminating StepId=264332.162
srun: error: cmp120: task 0: Exited with exit code 124
srun: launch/slurm: _step_signal: Terminating StepId=264332.163
srun: error: cmp120: task 0: Segmentation fault
srun: launch/slurm: _step_signal: Terminating StepId=264332.164
/usr/bin/timeout: the monitored command dumped core
srun: error: cmp120: task 0: Exited with exit code 124
srun: launch/slurm: _step_signal: Terminating StepId=264332.165
srun: error: cmp120: task 0: Exited with exit code 124
srun: launch/slurm: _step_signal: Terminating StepId=264332.166
srun: error: cmp120: task 0: Exited with exit code 124
srun: launch/slurm: _step_signal: Terminating StepId=264332.167
performance-testing: /home/jaspervermeule/executables/performance-testing/performance-testing.cpp:544: int Heuristic_Solver::optimize_task_list(int, std::vector<Heuristic_Solver::Task>&, bool, int): Assertion `optimal_insertion_index >= 0' failed.
/usr/bin/timeout: the monitored command dumped core
srun: error: cmp120: task 0: Aborted
srun: launch/slurm: _step_signal: Terminating StepId=264332.168
srun: error: cmp120: task 0: Exited with exit code 124
srun: launch/slurm: _step_signal: Terminating StepId=264332.169
srun: error: cmp120: task 0: Segmentation fault
srun: launch/slurm: _step_signal: Terminating StepId=264332.170
/usr/bin/timeout: the monitored command dumped core
srun: error: cmp120: task 0: Exited with exit code 124
srun: launch/slurm: _step_signal: Terminating StepId=264332.171
srun: error: cmp120: task 0: Exited with exit code 124
srun: launch/slurm: _step_signal: Terminating StepId=264332.172
srun: error: cmp120: task 0: Segmentation fault
srun: launch/slurm: _step_signal: Terminating StepId=264332.174
/usr/bin/timeout: the monitored command dumped core
srun: error: cmp120: task 0: Exited with exit code 124
srun: launch/slurm: _step_signal: Terminating StepId=264332.175
performance-testing: /home/jaspervermeule/executables/performance-testing/performance-testing.cpp:544: int Heuristic_Solver::optimize_task_list(int, std::vector<Heuristic_Solver::Task>&, bool, int): Assertion `optimal_insertion_index >= 0' failed.
/usr/bin/timeout: the monitored command dumped core
srun: error: cmp120: task 0: Aborted
srun: launch/slurm: _step_signal: Terminating StepId=264332.176
srun: error: cmp120: task 0: Exited with exit code 124
srun: launch/slurm: _step_signal: Terminating StepId=264332.177
srun: error: cmp120: task 0: Exited with exit code 124
srun: launch/slurm: _step_signal: Terminating StepId=264332.178
srun: error: cmp120: task 0: Exited with exit code 124
srun: launch/slurm: _step_signal: Terminating StepId=264332.180
srun: error: cmp120: task 0: Exited with exit code 124
srun: launch/slurm: _step_signal: Terminating StepId=264332.181
srun: error: cmp120: task 0: Exited with exit code 124
srun: launch/slurm: _step_signal: Terminating StepId=264332.182
srun: error: cmp120: task 0: Exited with exit code 124
srun: launch/slurm: _step_signal: Terminating StepId=264332.183
srun: error: cmp120: task 0: Exited with exit code 124
srun: launch/slurm: _step_signal: Terminating StepId=264332.184
srun: error: cmp120: task 0: Exited with exit code 124
srun: launch/slurm: _step_signal: Terminating StepId=264332.186
srun: error: cmp120: task 0: Exited with exit code 124
srun: launch/slurm: _step_signal: Terminating StepId=264332.187
srun: error: cmp120: task 0: Exited with exit code 124
srun: launch/slurm: _step_signal: Terminating StepId=264332.188
srun: error: cmp120: task 0: Exited with exit code 124
srun: launch/slurm: _step_signal: Terminating StepId=264332.190
performance-testing: /home/jaspervermeule/executables/performance-testing/performance-testing.cpp:544: int Heuristic_Solver::optimize_task_list(int, std::vector<Heuristic_Solver::Task>&, bool, int): Assertion `optimal_insertion_index >= 0' failed.
/usr/bin/timeout: the monitored command dumped core
srun: error: cmp120: task 0: Aborted
srun: launch/slurm: _step_signal: Terminating StepId=264332.192
srun: error: cmp120: task 0: Exited with exit code 124
srun: launch/slurm: _step_signal: Terminating StepId=264332.193
srun: error: cmp120: task 0: Exited with exit code 124
srun: launch/slurm: _step_signal: Terminating StepId=264332.194
srun: error: cmp120: task 0: Exited with exit code 124
srun: launch/slurm: _step_signal: Terminating StepId=264332.196
srun: error: cmp120: task 0: Exited with exit code 124
srun: launch/slurm: _step_signal: Terminating StepId=264332.197
srun: error: cmp120: task 0: Exited with exit code 124
srun: launch/slurm: _step_signal: Terminating StepId=264332.198
srun: error: cmp120: task 0: Exited with exit code 124
srun: launch/slurm: _step_signal: Terminating StepId=264332.199
srun: error: cmp120: task 0: Exited with exit code 124
srun: launch/slurm: _step_signal: Terminating StepId=264332.200
srun: error: cmp120: task 0: Exited with exit code 124
srun: launch/slurm: _step_signal: Terminating StepId=264332.202
srun: error: cmp120: task 0: Exited with exit code 124
srun: launch/slurm: _step_signal: Terminating StepId=264332.204
srun: error: cmp120: task 0: Exited with exit code 124
srun: launch/slurm: _step_signal: Terminating StepId=264332.205
srun: error: cmp120: task 0: Exited with exit code 124
srun: launch/slurm: _step_signal: Terminating StepId=264332.206
srun: error: cmp120: task 0: Exited with exit code 124
srun: launch/slurm: _step_signal: Terminating StepId=264332.207
srun: error: cmp120: task 0: Exited with exit code 124
srun: launch/slurm: _step_signal: Terminating StepId=264332.208
srun: error: cmp120: task 0: Exited with exit code 124
srun: launch/slurm: _step_signal: Terminating StepId=264332.209
srun: error: cmp120: task 0: Exited with exit code 124
srun: launch/slurm: _step_signal: Terminating StepId=264332.210
srun: error: cmp120: task 0: Exited with exit code 124
srun: launch/slurm: _step_signal: Terminating StepId=264332.211
srun: error: cmp120: task 0: Exited with exit code 124
srun: launch/slurm: _step_signal: Terminating StepId=264332.212
srun: error: cmp120: task 0: Exited with exit code 124
srun: launch/slurm: _step_signal: Terminating StepId=264332.213
srun: error: cmp120: task 0: Exited with exit code 124
srun: launch/slurm: _step_signal: Terminating StepId=264332.214
srun: error: cmp120: task 0: Exited with exit code 124
srun: launch/slurm: _step_signal: Terminating StepId=264332.216
srun: error: cmp120: task 0: Exited with exit code 124
srun: launch/slurm: _step_signal: Terminating StepId=264332.218
performance-testing: /home/jaspervermeule/executables/performance-testing/performance-testing.cpp:288: void Heuristic_Solver::construct_initial_task_list(std::vector<Heuristic_Solver::Task>&): Assertion `optimal_index >= 0' failed.
/usr/bin/timeout: the monitored command dumped core
srun: error: cmp120: task 0: Aborted
srun: launch/slurm: _step_signal: Terminating StepId=264332.220
performance-testing: /home/jaspervermeule/executables/performance-testing/performance-testing.cpp:946: void SAT_encoder::construct_upper_bound_task_list(std::vector<SAT_encoder::Task>&): Assertion `optimal_index >= 0' failed.
/usr/bin/timeout: the monitored command dumped core
srun: error: cmp120: task 0: Aborted
srun: launch/slurm: _step_signal: Terminating StepId=264332.221
performance-testing: /home/jaspervermeule/executables/performance-testing/performance-testing.cpp:288: void Heuristic_Solver::construct_initial_task_list(std::vector<Heuristic_Solver::Task>&): Assertion `optimal_index >= 0' failed.
/usr/bin/timeout: the monitored command dumped core
srun: error: cmp120: task 0: Aborted
srun: launch/slurm: _step_signal: Terminating StepId=264332.222
performance-testing: /home/jaspervermeule/executables/performance-testing/performance-testing.cpp:946: void SAT_encoder::construct_upper_bound_task_list(std::vector<SAT_encoder::Task>&): Assertion `optimal_index >= 0' failed.
/usr/bin/timeout: the monitored command dumped core
srun: error: cmp120: task 0: Aborted
srun: launch/slurm: _step_signal: Terminating StepId=264332.223
performance-testing: /home/jaspervermeule/executables/performance-testing/performance-testing.cpp:544: int Heuristic_Solver::optimize_task_list(int, std::vector<Heuristic_Solver::Task>&, bool, int): Assertion `optimal_insertion_index >= 0' failed.
/usr/bin/timeout: the monitored command dumped core
srun: error: cmp120: task 0: Aborted
srun: launch/slurm: _step_signal: Terminating StepId=264332.224
srun: error: cmp120: task 0: Exited with exit code 124
srun: launch/slurm: _step_signal: Terminating StepId=264332.225
performance-testing: /home/jaspervermeule/executables/performance-testing/performance-testing.cpp:544: int Heuristic_Solver::optimize_task_list(int, std::vector<Heuristic_Solver::Task>&, bool, int): Assertion `optimal_insertion_index >= 0' failed.
/usr/bin/timeout: the monitored command dumped core
srun: error: cmp120: task 0: Aborted
srun: launch/slurm: _step_signal: Terminating StepId=264332.226
srun: error: cmp120: task 0: Exited with exit code 124
srun: launch/slurm: _step_signal: Terminating StepId=264332.227
performance-testing: /home/jaspervermeule/executables/performance-testing/performance-testing.cpp:544: int Heuristic_Solver::optimize_task_list(int, std::vector<Heuristic_Solver::Task>&, bool, int): Assertion `optimal_insertion_index >= 0' failed.
/usr/bin/timeout: the monitored command dumped core
srun: error: cmp120: task 0: Aborted
srun: launch/slurm: _step_signal: Terminating StepId=264332.228
srun: error: cmp120: task 0: Exited with exit code 124
srun: launch/slurm: _step_signal: Terminating StepId=264332.229
performance-testing: /home/jaspervermeule/executables/performance-testing/performance-testing.cpp:288: void Heuristic_Solver::construct_initial_task_list(std::vector<Heuristic_Solver::Task>&): Assertion `optimal_index >= 0' failed.
/usr/bin/timeout: the monitored command dumped core
srun: error: cmp120: task 0: Aborted
srun: launch/slurm: _step_signal: Terminating StepId=264332.230
performance-testing: /home/jaspervermeule/executables/performance-testing/performance-testing.cpp:946: void SAT_encoder::construct_upper_bound_task_list(std::vector<SAT_encoder::Task>&): Assertion `optimal_index >= 0' failed.
/usr/bin/timeout: the monitored command dumped core
srun: error: cmp120: task 0: Aborted
srun: launch/slurm: _step_signal: Terminating StepId=264332.231
performance-testing: /home/jaspervermeule/executables/performance-testing/performance-testing.cpp:288: void Heuristic_Solver::construct_initial_task_list(std::vector<Heuristic_Solver::Task>&): Assertion `optimal_index >= 0' failed.
/usr/bin/timeout: the monitored command dumped core
srun: error: cmp120: task 0: Aborted
srun: launch/slurm: _step_signal: Terminating StepId=264332.232
performance-testing: /home/jaspervermeule/executables/performance-testing/performance-testing.cpp:946: void SAT_encoder::construct_upper_bound_task_list(std::vector<SAT_encoder::Task>&): Assertion `optimal_index >= 0' failed.
/usr/bin/timeout: the monitored command dumped core
srun: error: cmp120: task 0: Aborted
srun: launch/slurm: _step_signal: Terminating StepId=264332.233
performance-testing: /home/jaspervermeule/executables/performance-testing/performance-testing.cpp:288: void Heuristic_Solver::construct_initial_task_list(std::vector<Heuristic_Solver::Task>&): Assertion `optimal_index >= 0' failed.
/usr/bin/timeout: the monitored command dumped core
srun: error: cmp120: task 0: Aborted
srun: launch/slurm: _step_signal: Terminating StepId=264332.234
performance-testing: /home/jaspervermeule/executables/performance-testing/performance-testing.cpp:946: void SAT_encoder::construct_upper_bound_task_list(std::vector<SAT_encoder::Task>&): Assertion `optimal_index >= 0' failed.
/usr/bin/timeout: the monitored command dumped core
srun: error: cmp120: task 0: Aborted
srun: launch/slurm: _step_signal: Terminating StepId=264332.235
performance-testing: /home/jaspervermeule/executables/performance-testing/performance-testing.cpp:544: int Heuristic_Solver::optimize_task_list(int, std::vector<Heuristic_Solver::Task>&, bool, int): Assertion `optimal_insertion_index >= 0' failed.
/usr/bin/timeout: the monitored command dumped core
srun: error: cmp120: task 0: Aborted
srun: launch/slurm: _step_signal: Terminating StepId=264332.236
srun: error: cmp120: task 0: Exited with exit code 124
srun: launch/slurm: _step_signal: Terminating StepId=264332.237
srun: error: cmp120: task 0: Exited with exit code 124
srun: launch/slurm: _step_signal: Terminating StepId=264332.238
