srun: error: cmp210: task 0: Segmentation fault
/usr/bin/timeout: the monitored command dumped core
srun: launch/slurm: _step_signal: Terminating StepId=264349.0
srun: error: cmp210: task 0: Exited with exit code 124
srun: launch/slurm: _step_signal: Terminating StepId=264349.1
srun: error: cmp210: task 0: Segmentation fault
srun: launch/slurm: _step_signal: Terminating StepId=264349.2
/usr/bin/timeout: the monitored command dumped core
srun: error: cmp210: task 0: Exited with exit code 124
srun: launch/slurm: _step_signal: Terminating StepId=264349.3
performance-testing: /home/jaspervermeule/executables/performance-testing/performance-testing.cpp:544: int Heuristic_Solver::optimize_task_list(int, std::vector<Heuristic_Solver::Task>&, bool, int): Assertion `optimal_insertion_index >= 0' failed.
/usr/bin/timeout: the monitored command dumped core
srun: error: cmp210: task 0: Aborted
srun: launch/slurm: _step_signal: Terminating StepId=264349.4
srun: error: cmp210: task 0: Exited with exit code 124
srun: launch/slurm: _step_signal: Terminating StepId=264349.5
srun: error: cmp210: task 0: Exited with exit code 124
srun: launch/slurm: _step_signal: Terminating StepId=264349.6
srun: error: cmp210: task 0: Exited with exit code 124
srun: launch/slurm: _step_signal: Terminating StepId=264349.7
srun: error: cmp210: task 0: Segmentation fault
srun: launch/slurm: _step_signal: Terminating StepId=264349.8
/usr/bin/timeout: the monitored command dumped core
srun: error: cmp210: task 0: Exited with exit code 124
srun: launch/slurm: _step_signal: Terminating StepId=264349.9
srun: error: cmp210: task 0: Exited with exit code 124
srun: launch/slurm: _step_signal: Terminating StepId=264349.10
srun: error: cmp210: task 0: Exited with exit code 124
srun: launch/slurm: _step_signal: Terminating StepId=264349.11
srun: error: cmp210: task 0: Exited with exit code 124
srun: launch/slurm: _step_signal: Terminating StepId=264349.12
srun: error: cmp210: task 0: Exited with exit code 124
srun: launch/slurm: _step_signal: Terminating StepId=264349.13
performance-testing: /home/jaspervermeule/executables/performance-testing/performance-testing.cpp:544: int Heuristic_Solver::optimize_task_list(int, std::vector<Heuristic_Solver::Task>&, bool, int): Assertion `optimal_insertion_index >= 0' failed.
/usr/bin/timeout: the monitored command dumped core
srun: error: cmp210: task 0: Aborted
srun: launch/slurm: _step_signal: Terminating StepId=264349.14
srun: error: cmp210: task 0: Exited with exit code 124
srun: launch/slurm: _step_signal: Terminating StepId=264349.16
srun: error: cmp210: task 0: Exited with exit code 124
srun: launch/slurm: _step_signal: Terminating StepId=264349.17
srun: error: cmp210: task 0: Exited with exit code 124
srun: launch/slurm: _step_signal: Terminating StepId=264349.18
srun: error: cmp210: task 0: Exited with exit code 124
srun: launch/slurm: _step_signal: Terminating StepId=264349.19
srun: error: cmp210: task 0: Exited with exit code 124
srun: launch/slurm: _step_signal: Terminating StepId=264349.20
srun: error: cmp210: task 0: Exited with exit code 124
srun: launch/slurm: _step_signal: Terminating StepId=264349.21
srun: error: cmp210: task 0: Exited with exit code 124
srun: launch/slurm: _step_signal: Terminating StepId=264349.22
srun: error: cmp210: task 0: Exited with exit code 124
srun: launch/slurm: _step_signal: Terminating StepId=264349.24
srun: error: cmp210: task 0: Exited with exit code 124
srun: launch/slurm: _step_signal: Terminating StepId=264349.25
srun: error: cmp210: task 0: Exited with exit code 124
srun: launch/slurm: _step_signal: Terminating StepId=264349.26
srun: error: cmp210: task 0: Exited with exit code 124
srun: launch/slurm: _step_signal: Terminating StepId=264349.27
srun: error: cmp210: task 0: Exited with exit code 124
srun: launch/slurm: _step_signal: Terminating StepId=264349.28
srun: error: cmp210: task 0: Exited with exit code 124
srun: launch/slurm: _step_signal: Terminating StepId=264349.30
srun: error: cmp210: task 0: Exited with exit code 124
srun: launch/slurm: _step_signal: Terminating StepId=264349.31
srun: error: cmp210: task 0: Exited with exit code 124
srun: launch/slurm: _step_signal: Terminating StepId=264349.32
srun: error: cmp210: task 0: Exited with exit code 124
srun: launch/slurm: _step_signal: Terminating StepId=264349.33
srun: error: cmp210: task 0: Exited with exit code 124
srun: launch/slurm: _step_signal: Terminating StepId=264349.34
srun: error: cmp210: task 0: Exited with exit code 124
srun: launch/slurm: _step_signal: Terminating StepId=264349.35
srun: error: cmp210: task 0: Exited with exit code 124
srun: launch/slurm: _step_signal: Terminating StepId=264349.36
srun: error: cmp210: task 0: Exited with exit code 124
srun: launch/slurm: _step_signal: Terminating StepId=264349.37
srun: error: cmp210: task 0: Exited with exit code 124
srun: launch/slurm: _step_signal: Terminating StepId=264349.38
srun: error: cmp210: task 0: Exited with exit code 124
srun: launch/slurm: _step_signal: Terminating StepId=264349.39
srun: error: cmp210: task 0: Exited with exit code 124
srun: launch/slurm: _step_signal: Terminating StepId=264349.40
srun: error: cmp210: task 0: Exited with exit code 124
srun: launch/slurm: _step_signal: Terminating StepId=264349.41
srun: error: cmp210: task 0: Exited with exit code 124
srun: launch/slurm: _step_signal: Terminating StepId=264349.42
srun: error: cmp210: task 0: Exited with exit code 124
srun: launch/slurm: _step_signal: Terminating StepId=264349.44
srun: error: cmp210: task 0: Exited with exit code 124
srun: launch/slurm: _step_signal: Terminating StepId=264349.45
srun: error: cmp210: task 0: Exited with exit code 124
srun: launch/slurm: _step_signal: Terminating StepId=264349.46
srun: error: cmp210: task 0: Exited with exit code 124
srun: launch/slurm: _step_signal: Terminating StepId=264349.48
srun: error: cmp210: task 0: Exited with exit code 124
srun: launch/slurm: _step_signal: Terminating StepId=264349.50
srun: error: cmp210: task 0: Exited with exit code 124
srun: launch/slurm: _step_signal: Terminating StepId=264349.52
srun: error: cmp210: task 0: Exited with exit code 124
srun: launch/slurm: _step_signal: Terminating StepId=264349.54
srun: error: cmp210: task 0: Exited with exit code 124
srun: launch/slurm: _step_signal: Terminating StepId=264349.56
srun: error: cmp210: task 0: Exited with exit code 124
srun: launch/slurm: _step_signal: Terminating StepId=264349.58
srun: error: cmp210: task 0: Exited with exit code 124
srun: launch/slurm: _step_signal: Terminating StepId=264349.60
srun: error: cmp210: task 0: Exited with exit code 124
srun: launch/slurm: _step_signal: Terminating StepId=264349.62
srun: error: cmp210: task 0: Exited with exit code 124
srun: launch/slurm: _step_signal: Terminating StepId=264349.64
srun: error: cmp210: task 0: Exited with exit code 124
srun: launch/slurm: _step_signal: Terminating StepId=264349.66
srun: error: cmp210: task 0: Exited with exit code 124
srun: launch/slurm: _step_signal: Terminating StepId=264349.68
srun: error: cmp210: task 0: Exited with exit code 124
srun: launch/slurm: _step_signal: Terminating StepId=264349.70
srun: error: cmp210: task 0: Exited with exit code 124
srun: launch/slurm: _step_signal: Terminating StepId=264349.72
srun: error: cmp210: task 0: Exited with exit code 124
srun: launch/slurm: _step_signal: Terminating StepId=264349.74
srun: error: cmp210: task 0: Exited with exit code 124
srun: launch/slurm: _step_signal: Terminating StepId=264349.76
srun: error: cmp210: task 0: Exited with exit code 124
srun: launch/slurm: _step_signal: Terminating StepId=264349.78
srun: error: cmp210: task 0: Exited with exit code 124
srun: launch/slurm: _step_signal: Terminating StepId=264349.80
srun: error: cmp210: task 0: Exited with exit code 124
srun: launch/slurm: _step_signal: Terminating StepId=264349.82
srun: error: cmp210: task 0: Exited with exit code 124
srun: launch/slurm: _step_signal: Terminating StepId=264349.84
srun: error: cmp210: task 0: Exited with exit code 124
srun: launch/slurm: _step_signal: Terminating StepId=264349.86
srun: error: cmp210: task 0: Exited with exit code 124
srun: launch/slurm: _step_signal: Terminating StepId=264349.88
srun: error: cmp210: task 0: Exited with exit code 124
srun: launch/slurm: _step_signal: Terminating StepId=264349.89
srun: error: cmp210: task 0: Exited with exit code 124
srun: launch/slurm: _step_signal: Terminating StepId=264349.90
srun: error: cmp210: task 0: Exited with exit code 124
srun: launch/slurm: _step_signal: Terminating StepId=264349.91
srun: error: cmp210: task 0: Exited with exit code 124
srun: launch/slurm: _step_signal: Terminating StepId=264349.92
srun: error: cmp210: task 0: Exited with exit code 124
srun: launch/slurm: _step_signal: Terminating StepId=264349.93
srun: error: cmp210: task 0: Exited with exit code 124
srun: launch/slurm: _step_signal: Terminating StepId=264349.94
performance-testing: /home/jaspervermeule/executables/performance-testing/performance-testing.cpp:544: int Heuristic_Solver::optimize_task_list(int, std::vector<Heuristic_Solver::Task>&, bool, int): Assertion `optimal_insertion_index >= 0' failed.
/usr/bin/timeout: the monitored command dumped core
srun: error: cmp210: task 0: Aborted
srun: launch/slurm: _step_signal: Terminating StepId=264349.96
srun: error: cmp210: task 0: Exited with exit code 124
srun: launch/slurm: _step_signal: Terminating StepId=264349.97
srun: error: cmp210: task 0: Exited with exit code 124
srun: launch/slurm: _step_signal: Terminating StepId=264349.98
srun: error: cmp210: task 0: Exited with exit code 124
srun: launch/slurm: _step_signal: Terminating StepId=264349.99
srun: error: cmp210: task 0: Exited with exit code 124
srun: launch/slurm: _step_signal: Terminating StepId=264349.100
srun: error: cmp210: task 0: Exited with exit code 124
srun: launch/slurm: _step_signal: Terminating StepId=264349.102
srun: error: cmp210: task 0: Exited with exit code 124
srun: launch/slurm: _step_signal: Terminating StepId=264349.103
srun: error: cmp210: task 0: Exited with exit code 124
srun: launch/slurm: _step_signal: Terminating StepId=264349.104
srun: error: cmp210: task 0: Exited with exit code 124
srun: launch/slurm: _step_signal: Terminating StepId=264349.106
srun: error: cmp210: task 0: Exited with exit code 124
srun: launch/slurm: _step_signal: Terminating StepId=264349.108
srun: error: cmp210: task 0: Exited with exit code 124
srun: launch/slurm: _step_signal: Terminating StepId=264349.110
srun: error: cmp210: task 0: Exited with exit code 124
srun: launch/slurm: _step_signal: Terminating StepId=264349.111
srun: error: cmp210: task 0: Exited with exit code 124
srun: launch/slurm: _step_signal: Terminating StepId=264349.112
srun: error: cmp210: task 0: Exited with exit code 124
srun: launch/slurm: _step_signal: Terminating StepId=264349.113
srun: error: cmp210: task 0: Segmentation fault
srun: launch/slurm: _step_signal: Terminating StepId=264349.114
/usr/bin/timeout: the monitored command dumped core
srun: error: cmp210: task 0: Exited with exit code 124
srun: launch/slurm: _step_signal: Terminating StepId=264349.116
srun: error: cmp210: task 0: Exited with exit code 124
srun: launch/slurm: _step_signal: Terminating StepId=264349.117
srun: error: cmp210: task 0: Exited with exit code 124
srun: launch/slurm: _step_signal: Terminating StepId=264349.118
srun: error: cmp210: task 0: Exited with exit code 124
srun: launch/slurm: _step_signal: Terminating StepId=264349.120
srun: error: cmp210: task 0: Exited with exit code 124
srun: launch/slurm: _step_signal: Terminating StepId=264349.122
srun: error: cmp210: task 0: Exited with exit code 124
srun: launch/slurm: _step_signal: Terminating StepId=264349.124
srun: error: cmp210: task 0: Exited with exit code 124
srun: launch/slurm: _step_signal: Terminating StepId=264349.126
srun: error: cmp210: task 0: Exited with exit code 124
srun: launch/slurm: _step_signal: Terminating StepId=264349.128
srun: error: cmp210: task 0: Exited with exit code 124
srun: launch/slurm: _step_signal: Terminating StepId=264349.130
srun: error: cmp210: task 0: Exited with exit code 124
srun: launch/slurm: _step_signal: Terminating StepId=264349.132
srun: error: cmp210: task 0: Exited with exit code 124
srun: launch/slurm: _step_signal: Terminating StepId=264349.134
srun: error: cmp210: task 0: Exited with exit code 124
srun: launch/slurm: _step_signal: Terminating StepId=264349.136
srun: error: cmp210: task 0: Exited with exit code 124
srun: launch/slurm: _step_signal: Terminating StepId=264349.138
srun: error: cmp210: task 0: Exited with exit code 124
srun: launch/slurm: _step_signal: Terminating StepId=264349.140
srun: error: cmp210: task 0: Exited with exit code 124
srun: launch/slurm: _step_signal: Terminating StepId=264349.142
srun: error: cmp210: task 0: Exited with exit code 124
srun: launch/slurm: _step_signal: Terminating StepId=264349.143
srun: error: cmp210: task 0: Exited with exit code 124
srun: launch/slurm: _step_signal: Terminating StepId=264349.144
srun: error: cmp210: task 0: Exited with exit code 124
srun: launch/slurm: _step_signal: Terminating StepId=264349.146
srun: error: cmp210: task 0: Exited with exit code 124
srun: launch/slurm: _step_signal: Terminating StepId=264349.148
srun: error: cmp210: task 0: Exited with exit code 124
srun: launch/slurm: _step_signal: Terminating StepId=264349.150
srun: error: cmp210: task 0: Exited with exit code 124
srun: launch/slurm: _step_signal: Terminating StepId=264349.152
performance-testing: /home/jaspervermeule/executables/performance-testing/performance-testing.cpp:544: int Heuristic_Solver::optimize_task_list(int, std::vector<Heuristic_Solver::Task>&, bool, int): Assertion `optimal_insertion_index >= 0' failed.
/usr/bin/timeout: the monitored command dumped core
srun: error: cmp210: task 0: Aborted
srun: launch/slurm: _step_signal: Terminating StepId=264349.154
srun: error: cmp210: task 0: Exited with exit code 124
srun: launch/slurm: _step_signal: Terminating StepId=264349.155
srun: error: cmp210: task 0: Exited with exit code 124
srun: launch/slurm: _step_signal: Terminating StepId=264349.156
srun: error: cmp210: task 0: Exited with exit code 124
srun: launch/slurm: _step_signal: Terminating StepId=264349.157
srun: error: cmp210: task 0: Exited with exit code 124
srun: launch/slurm: _step_signal: Terminating StepId=264349.158
srun: error: cmp210: task 0: Exited with exit code 124
srun: launch/slurm: _step_signal: Terminating StepId=264349.159
performance-testing: /home/jaspervermeule/executables/performance-testing/performance-testing.cpp:544: int Heuristic_Solver::optimize_task_list(int, std::vector<Heuristic_Solver::Task>&, bool, int): Assertion `optimal_insertion_index >= 0' failed.
/usr/bin/timeout: the monitored command dumped core
srun: error: cmp210: task 0: Aborted
srun: launch/slurm: _step_signal: Terminating StepId=264349.160
srun: error: cmp210: task 0: Exited with exit code 124
srun: launch/slurm: _step_signal: Terminating StepId=264349.161
srun: error: cmp210: task 0: Exited with exit code 124
srun: launch/slurm: _step_signal: Terminating StepId=264349.162
srun: error: cmp210: task 0: Exited with exit code 124
srun: launch/slurm: _step_signal: Terminating StepId=264349.163
srun: error: cmp210: task 0: Segmentation fault
srun: launch/slurm: _step_signal: Terminating StepId=264349.164
/usr/bin/timeout: the monitored command dumped core
srun: error: cmp210: task 0: Exited with exit code 124
srun: launch/slurm: _step_signal: Terminating StepId=264349.165
srun: error: cmp210: task 0: Exited with exit code 124
srun: launch/slurm: _step_signal: Terminating StepId=264349.166
srun: error: cmp210: task 0: Exited with exit code 124
srun: launch/slurm: _step_signal: Terminating StepId=264349.167
srun: error: cmp210: task 0: Segmentation fault
srun: launch/slurm: _step_signal: Terminating StepId=264349.168
/usr/bin/timeout: the monitored command dumped core
srun: error: cmp210: task 0: Exited with exit code 124
srun: launch/slurm: _step_signal: Terminating StepId=264349.169
srun: error: cmp210: task 0: Segmentation fault
srun: launch/slurm: _step_signal: Terminating StepId=264349.170
/usr/bin/timeout: the monitored command dumped core
srun: error: cmp210: task 0: Exited with exit code 124
srun: launch/slurm: _step_signal: Terminating StepId=264349.171
srun: error: cmp210: task 0: Exited with exit code 124
srun: launch/slurm: _step_signal: Terminating StepId=264349.172
srun: error: cmp210: task 0: Segmentation fault
srun: launch/slurm: _step_signal: Terminating StepId=264349.174
/usr/bin/timeout: the monitored command dumped core
srun: error: cmp210: task 0: Exited with exit code 124
srun: launch/slurm: _step_signal: Terminating StepId=264349.175
srun: error: cmp210: task 0: Segmentation fault
srun: launch/slurm: _step_signal: Terminating StepId=264349.176
/usr/bin/timeout: the monitored command dumped core
srun: error: cmp210: task 0: Exited with exit code 124
srun: launch/slurm: _step_signal: Terminating StepId=264349.177
srun: error: cmp210: task 0: Exited with exit code 124
srun: launch/slurm: _step_signal: Terminating StepId=264349.178
srun: error: cmp210: task 0: Exited with exit code 124
srun: launch/slurm: _step_signal: Terminating StepId=264349.180
srun: error: cmp210: task 0: Exited with exit code 124
srun: launch/slurm: _step_signal: Terminating StepId=264349.182
srun: error: cmp210: task 0: Exited with exit code 124
srun: launch/slurm: _step_signal: Terminating StepId=264349.183
srun: error: cmp210: task 0: Exited with exit code 124
srun: launch/slurm: _step_signal: Terminating StepId=264349.184
srun: error: cmp210: task 0: Exited with exit code 124
srun: launch/slurm: _step_signal: Terminating StepId=264349.186
srun: error: cmp210: task 0: Exited with exit code 124
srun: launch/slurm: _step_signal: Terminating StepId=264349.187
srun: error: cmp210: task 0: Exited with exit code 124
srun: launch/slurm: _step_signal: Terminating StepId=264349.188
srun: error: cmp210: task 0: Exited with exit code 124
srun: launch/slurm: _step_signal: Terminating StepId=264349.190
performance-testing: /home/jaspervermeule/executables/performance-testing/performance-testing.cpp:544: int Heuristic_Solver::optimize_task_list(int, std::vector<Heuristic_Solver::Task>&, bool, int): Assertion `optimal_insertion_index >= 0' failed.
/usr/bin/timeout: the monitored command dumped core
srun: error: cmp210: task 0: Aborted
srun: launch/slurm: _step_signal: Terminating StepId=264349.192
srun: error: cmp210: task 0: Exited with exit code 124
srun: launch/slurm: _step_signal: Terminating StepId=264349.193
srun: error: cmp210: task 0: Exited with exit code 124
srun: launch/slurm: _step_signal: Terminating StepId=264349.194
srun: error: cmp210: task 0: Exited with exit code 124
srun: launch/slurm: _step_signal: Terminating StepId=264349.196
srun: error: cmp210: task 0: Exited with exit code 124
srun: launch/slurm: _step_signal: Terminating StepId=264349.197
srun: error: cmp210: task 0: Exited with exit code 124
srun: launch/slurm: _step_signal: Terminating StepId=264349.198
srun: error: cmp210: task 0: Exited with exit code 124
srun: launch/slurm: _step_signal: Terminating StepId=264349.199
srun: error: cmp210: task 0: Exited with exit code 124
srun: launch/slurm: _step_signal: Terminating StepId=264349.200
srun: error: cmp210: task 0: Exited with exit code 124
srun: launch/slurm: _step_signal: Terminating StepId=264349.202
srun: error: cmp210: task 0: Exited with exit code 124
srun: launch/slurm: _step_signal: Terminating StepId=264349.204
srun: error: cmp210: task 0: Exited with exit code 124
srun: launch/slurm: _step_signal: Terminating StepId=264349.206
srun: error: cmp210: task 0: Exited with exit code 124
srun: launch/slurm: _step_signal: Terminating StepId=264349.207
srun: error: cmp210: task 0: Exited with exit code 124
srun: launch/slurm: _step_signal: Terminating StepId=264349.208
srun: error: cmp210: task 0: Exited with exit code 124
srun: launch/slurm: _step_signal: Terminating StepId=264349.209
srun: error: cmp210: task 0: Exited with exit code 124
srun: launch/slurm: _step_signal: Terminating StepId=264349.210
srun: error: cmp210: task 0: Exited with exit code 124
srun: launch/slurm: _step_signal: Terminating StepId=264349.211
srun: error: cmp210: task 0: Exited with exit code 124
srun: launch/slurm: _step_signal: Terminating StepId=264349.212
srun: error: cmp210: task 0: Exited with exit code 124
srun: launch/slurm: _step_signal: Terminating StepId=264349.213
srun: error: cmp210: task 0: Exited with exit code 124
srun: launch/slurm: _step_signal: Terminating StepId=264349.214
srun: error: cmp210: task 0: Exited with exit code 124
srun: launch/slurm: _step_signal: Terminating StepId=264349.216
srun: error: cmp210: task 0: Exited with exit code 124
srun: launch/slurm: _step_signal: Terminating StepId=264349.218
performance-testing: /home/jaspervermeule/executables/performance-testing/performance-testing.cpp:288: void Heuristic_Solver::construct_initial_task_list(std::vector<Heuristic_Solver::Task>&): Assertion `optimal_index >= 0' failed.
/usr/bin/timeout: the monitored command dumped core
srun: error: cmp210: task 0: Aborted
srun: launch/slurm: _step_signal: Terminating StepId=264349.220
performance-testing: /home/jaspervermeule/executables/performance-testing/performance-testing.cpp:946: void SAT_encoder::construct_upper_bound_task_list(std::vector<SAT_encoder::Task>&): Assertion `optimal_index >= 0' failed.
/usr/bin/timeout: the monitored command dumped core
srun: error: cmp210: task 0: Aborted
srun: launch/slurm: _step_signal: Terminating StepId=264349.221
performance-testing: /home/jaspervermeule/executables/performance-testing/performance-testing.cpp:288: void Heuristic_Solver::construct_initial_task_list(std::vector<Heuristic_Solver::Task>&): Assertion `optimal_index >= 0' failed.
/usr/bin/timeout: the monitored command dumped core
srun: error: cmp210: task 0: Aborted
srun: launch/slurm: _step_signal: Terminating StepId=264349.222
performance-testing: /home/jaspervermeule/executables/performance-testing/performance-testing.cpp:946: void SAT_encoder::construct_upper_bound_task_list(std::vector<SAT_encoder::Task>&): Assertion `optimal_index >= 0' failed.
/usr/bin/timeout: the monitored command dumped core
srun: error: cmp210: task 0: Aborted
srun: launch/slurm: _step_signal: Terminating StepId=264349.223
performance-testing: /home/jaspervermeule/executables/performance-testing/performance-testing.cpp:544: int Heuristic_Solver::optimize_task_list(int, std::vector<Heuristic_Solver::Task>&, bool, int): Assertion `optimal_insertion_index >= 0' failed.
/usr/bin/timeout: the monitored command dumped core
srun: error: cmp210: task 0: Aborted
srun: launch/slurm: _step_signal: Terminating StepId=264349.224
srun: error: cmp210: task 0: Exited with exit code 124
srun: launch/slurm: _step_signal: Terminating StepId=264349.225
performance-testing: /home/jaspervermeule/executables/performance-testing/performance-testing.cpp:544: int Heuristic_Solver::optimize_task_list(int, std::vector<Heuristic_Solver::Task>&, bool, int): Assertion `optimal_insertion_index >= 0' failed.
/usr/bin/timeout: the monitored command dumped core
srun: error: cmp210: task 0: Aborted
srun: launch/slurm: _step_signal: Terminating StepId=264349.226
srun: error: cmp210: task 0: Exited with exit code 124
srun: launch/slurm: _step_signal: Terminating StepId=264349.227
srun: error: cmp210: task 0: Segmentation fault
srun: launch/slurm: _step_signal: Terminating StepId=264349.228
/usr/bin/timeout: the monitored command dumped core
srun: error: cmp210: task 0: Exited with exit code 124
srun: launch/slurm: _step_signal: Terminating StepId=264349.229
performance-testing: /home/jaspervermeule/executables/performance-testing/performance-testing.cpp:288: void Heuristic_Solver::construct_initial_task_list(std::vector<Heuristic_Solver::Task>&): Assertion `optimal_index >= 0' failed.
/usr/bin/timeout: the monitored command dumped core
srun: error: cmp210: task 0: Aborted
srun: launch/slurm: _step_signal: Terminating StepId=264349.230
performance-testing: /home/jaspervermeule/executables/performance-testing/performance-testing.cpp:946: void SAT_encoder::construct_upper_bound_task_list(std::vector<SAT_encoder::Task>&): Assertion `optimal_index >= 0' failed.
/usr/bin/timeout: the monitored command dumped core
srun: error: cmp210: task 0: Aborted
srun: launch/slurm: _step_signal: Terminating StepId=264349.231
performance-testing: /home/jaspervermeule/executables/performance-testing/performance-testing.cpp:288: void Heuristic_Solver::construct_initial_task_list(std::vector<Heuristic_Solver::Task>&): Assertion `optimal_index >= 0' failed.
/usr/bin/timeout: the monitored command dumped core
srun: error: cmp210: task 0: Aborted
srun: launch/slurm: _step_signal: Terminating StepId=264349.232
performance-testing: /home/jaspervermeule/executables/performance-testing/performance-testing.cpp:946: void SAT_encoder::construct_upper_bound_task_list(std::vector<SAT_encoder::Task>&): Assertion `optimal_index >= 0' failed.
/usr/bin/timeout: the monitored command dumped core
srun: error: cmp210: task 0: Aborted
srun: launch/slurm: _step_signal: Terminating StepId=264349.233
performance-testing: /home/jaspervermeule/executables/performance-testing/performance-testing.cpp:288: void Heuristic_Solver::construct_initial_task_list(std::vector<Heuristic_Solver::Task>&): Assertion `optimal_index >= 0' failed.
/usr/bin/timeout: the monitored command dumped core
srun: error: cmp210: task 0: Aborted
srun: launch/slurm: _step_signal: Terminating StepId=264349.234
performance-testing: /home/jaspervermeule/executables/performance-testing/performance-testing.cpp:946: void SAT_encoder::construct_upper_bound_task_list(std::vector<SAT_encoder::Task>&): Assertion `optimal_index >= 0' failed.
/usr/bin/timeout: the monitored command dumped core
srun: error: cmp210: task 0: Aborted
srun: launch/slurm: _step_signal: Terminating StepId=264349.235
srun: error: cmp210: task 0: Segmentation fault
srun: launch/slurm: _step_signal: Terminating StepId=264349.236
/usr/bin/timeout: the monitored command dumped core
srun: error: cmp210: task 0: Exited with exit code 124
srun: launch/slurm: _step_signal: Terminating StepId=264349.237
srun: error: cmp210: task 0: Exited with exit code 124
srun: launch/slurm: _step_signal: Terminating StepId=264349.238
