srun: error: cmp004: task 0: Exited with exit code 124
srun: launch/slurm: _step_signal: Terminating StepId=264335.0
srun: error: cmp004: task 0: Exited with exit code 124
srun: launch/slurm: _step_signal: Terminating StepId=264335.1
srun: error: cmp004: task 0: Exited with exit code 124
srun: launch/slurm: _step_signal: Terminating StepId=264335.2
srun: error: cmp004: task 0: Exited with exit code 124
srun: launch/slurm: _step_signal: Terminating StepId=264335.4
srun: error: cmp004: task 0: Exited with exit code 124
srun: launch/slurm: _step_signal: Terminating StepId=264335.5
srun: error: cmp004: task 0: Exited with exit code 124
srun: launch/slurm: _step_signal: Terminating StepId=264335.6
srun: error: cmp004: task 0: Exited with exit code 124
srun: launch/slurm: _step_signal: Terminating StepId=264335.8
srun: error: cmp004: task 0: Exited with exit code 124
srun: launch/slurm: _step_signal: Terminating StepId=264335.10
srun: error: cmp004: task 0: Exited with exit code 124
srun: launch/slurm: _step_signal: Terminating StepId=264335.12
srun: error: cmp004: task 0: Exited with exit code 124
srun: launch/slurm: _step_signal: Terminating StepId=264335.13
srun: error: cmp004: task 0: Exited with exit code 124
srun: launch/slurm: _step_signal: Terminating StepId=264335.14
srun: error: cmp004: task 0: Exited with exit code 124
srun: launch/slurm: _step_signal: Terminating StepId=264335.16
srun: error: cmp004: task 0: Exited with exit code 124
srun: launch/slurm: _step_signal: Terminating StepId=264335.18
srun: error: cmp004: task 0: Exited with exit code 124
srun: launch/slurm: _step_signal: Terminating StepId=264335.19
srun: error: cmp004: task 0: Exited with exit code 124
srun: launch/slurm: _step_signal: Terminating StepId=264335.20
srun: error: cmp004: task 0: Exited with exit code 124
srun: launch/slurm: _step_signal: Terminating StepId=264335.22
srun: error: cmp004: task 0: Exited with exit code 124
srun: launch/slurm: _step_signal: Terminating StepId=264335.24
srun: error: cmp004: task 0: Exited with exit code 124
srun: launch/slurm: _step_signal: Terminating StepId=264335.26
srun: error: cmp004: task 0: Exited with exit code 124
srun: launch/slurm: _step_signal: Terminating StepId=264335.28
srun: error: cmp004: task 0: Exited with exit code 124
srun: launch/slurm: _step_signal: Terminating StepId=264335.30
srun: error: cmp004: task 0: Exited with exit code 124
srun: launch/slurm: _step_signal: Terminating StepId=264335.32
srun: error: cmp004: task 0: Exited with exit code 124
srun: launch/slurm: _step_signal: Terminating StepId=264335.33
srun: error: cmp004: task 0: Exited with exit code 124
srun: launch/slurm: _step_signal: Terminating StepId=264335.34
srun: error: cmp004: task 0: Exited with exit code 124
srun: launch/slurm: _step_signal: Terminating StepId=264335.36
srun: error: cmp004: task 0: Exited with exit code 124
srun: launch/slurm: _step_signal: Terminating StepId=264335.38
srun: error: cmp004: task 0: Exited with exit code 124
srun: launch/slurm: _step_signal: Terminating StepId=264335.40
srun: error: cmp004: task 0: Exited with exit code 124
srun: launch/slurm: _step_signal: Terminating StepId=264335.42
srun: error: cmp004: task 0: Exited with exit code 124
srun: launch/slurm: _step_signal: Terminating StepId=264335.44
srun: error: cmp004: task 0: Exited with exit code 124
srun: launch/slurm: _step_signal: Terminating StepId=264335.46
srun: error: cmp004: task 0: Exited with exit code 124
srun: launch/slurm: _step_signal: Terminating StepId=264335.48
srun: error: cmp004: task 0: Exited with exit code 124
srun: launch/slurm: _step_signal: Terminating StepId=264335.50
srun: error: cmp004: task 0: Exited with exit code 124
srun: launch/slurm: _step_signal: Terminating StepId=264335.52
srun: error: cmp004: task 0: Exited with exit code 124
srun: launch/slurm: _step_signal: Terminating StepId=264335.54
srun: error: cmp004: task 0: Exited with exit code 124
srun: launch/slurm: _step_signal: Terminating StepId=264335.56
srun: error: cmp004: task 0: Exited with exit code 124
srun: launch/slurm: _step_signal: Terminating StepId=264335.58
srun: error: cmp004: task 0: Exited with exit code 124
srun: launch/slurm: _step_signal: Terminating StepId=264335.60
srun: error: cmp004: task 0: Exited with exit code 124
srun: launch/slurm: _step_signal: Terminating StepId=264335.61
srun: error: cmp004: task 0: Exited with exit code 124
srun: launch/slurm: _step_signal: Terminating StepId=264335.62
srun: error: cmp004: task 0: Exited with exit code 124
srun: launch/slurm: _step_signal: Terminating StepId=264335.63
srun: error: cmp004: task 0: Exited with exit code 124
srun: launch/slurm: _step_signal: Terminating StepId=264335.64
srun: error: cmp004: task 0: Exited with exit code 124
srun: launch/slurm: _step_signal: Terminating StepId=264335.65
srun: error: cmp004: task 0: Exited with exit code 124
srun: launch/slurm: _step_signal: Terminating StepId=264335.66
srun: error: cmp004: task 0: Exited with exit code 124
srun: launch/slurm: _step_signal: Terminating StepId=264335.67
srun: error: cmp004: task 0: Exited with exit code 124
srun: launch/slurm: _step_signal: Terminating StepId=264335.68
srun: error: cmp004: task 0: Exited with exit code 124
srun: launch/slurm: _step_signal: Terminating StepId=264335.69
srun: error: cmp004: task 0: Exited with exit code 124
srun: launch/slurm: _step_signal: Terminating StepId=264335.70
srun: error: cmp004: task 0: Exited with exit code 124
srun: launch/slurm: _step_signal: Terminating StepId=264335.72
srun: error: cmp004: task 0: Exited with exit code 124
srun: launch/slurm: _step_signal: Terminating StepId=264335.73
srun: error: cmp004: task 0: Exited with exit code 124
srun: launch/slurm: _step_signal: Terminating StepId=264335.74
srun: error: cmp004: task 0: Exited with exit code 124
srun: launch/slurm: _step_signal: Terminating StepId=264335.75
srun: error: cmp004: task 0: Exited with exit code 124
srun: launch/slurm: _step_signal: Terminating StepId=264335.76
srun: error: cmp004: task 0: Exited with exit code 124
srun: launch/slurm: _step_signal: Terminating StepId=264335.77
srun: error: cmp004: task 0: Exited with exit code 124
srun: launch/slurm: _step_signal: Terminating StepId=264335.78
srun: error: cmp004: task 0: Exited with exit code 124
srun: launch/slurm: _step_signal: Terminating StepId=264335.79
srun: error: cmp004: task 0: Exited with exit code 124
srun: launch/slurm: _step_signal: Terminating StepId=264335.80
srun: error: cmp004: task 0: Exited with exit code 124
srun: launch/slurm: _step_signal: Terminating StepId=264335.81
srun: error: cmp004: task 0: Exited with exit code 124
srun: launch/slurm: _step_signal: Terminating StepId=264335.82
srun: error: cmp004: task 0: Exited with exit code 124
srun: launch/slurm: _step_signal: Terminating StepId=264335.83
srun: error: cmp004: task 0: Exited with exit code 124
srun: launch/slurm: _step_signal: Terminating StepId=264335.84
srun: error: cmp004: task 0: Exited with exit code 124
srun: launch/slurm: _step_signal: Terminating StepId=264335.85
srun: error: cmp004: task 0: Exited with exit code 124
srun: launch/slurm: _step_signal: Terminating StepId=264335.86
srun: error: cmp004: task 0: Exited with exit code 124
srun: launch/slurm: _step_signal: Terminating StepId=264335.87
srun: error: cmp004: task 0: Exited with exit code 124
srun: launch/slurm: _step_signal: Terminating StepId=264335.88
srun: error: cmp004: task 0: Exited with exit code 124
srun: launch/slurm: _step_signal: Terminating StepId=264335.89
srun: error: cmp004: task 0: Exited with exit code 124
srun: launch/slurm: _step_signal: Terminating StepId=264335.90
srun: error: cmp004: task 0: Exited with exit code 124
srun: launch/slurm: _step_signal: Terminating StepId=264335.91
srun: error: cmp004: task 0: Exited with exit code 124
srun: launch/slurm: _step_signal: Terminating StepId=264335.92
srun: error: cmp004: task 0: Exited with exit code 124
srun: launch/slurm: _step_signal: Terminating StepId=264335.93
srun: error: cmp004: task 0: Exited with exit code 124
srun: launch/slurm: _step_signal: Terminating StepId=264335.94
srun: error: cmp004: task 0: Exited with exit code 124
srun: launch/slurm: _step_signal: Terminating StepId=264335.96
srun: error: cmp004: task 0: Exited with exit code 124
srun: launch/slurm: _step_signal: Terminating StepId=264335.97
srun: error: cmp004: task 0: Exited with exit code 124
srun: launch/slurm: _step_signal: Terminating StepId=264335.98
srun: error: cmp004: task 0: Exited with exit code 124
srun: launch/slurm: _step_signal: Terminating StepId=264335.99
srun: error: cmp004: task 0: Exited with exit code 124
srun: launch/slurm: _step_signal: Terminating StepId=264335.100
srun: error: cmp004: task 0: Exited with exit code 124
srun: launch/slurm: _step_signal: Terminating StepId=264335.102
srun: error: cmp004: task 0: Exited with exit code 124
srun: launch/slurm: _step_signal: Terminating StepId=264335.104
srun: error: cmp004: task 0: Exited with exit code 124
srun: launch/slurm: _step_signal: Terminating StepId=264335.105
srun: error: cmp004: task 0: Exited with exit code 124
srun: launch/slurm: _step_signal: Terminating StepId=264335.106
srun: error: cmp004: task 0: Exited with exit code 124
srun: launch/slurm: _step_signal: Terminating StepId=264335.108
srun: error: cmp004: task 0: Exited with exit code 124
srun: launch/slurm: _step_signal: Terminating StepId=264335.110
srun: error: cmp004: task 0: Exited with exit code 124
srun: launch/slurm: _step_signal: Terminating StepId=264335.111
srun: error: cmp004: task 0: Exited with exit code 124
srun: launch/slurm: _step_signal: Terminating StepId=264335.112
srun: error: cmp004: task 0: Exited with exit code 124
srun: launch/slurm: _step_signal: Terminating StepId=264335.113
srun: error: cmp004: task 0: Exited with exit code 124
srun: launch/slurm: _step_signal: Terminating StepId=264335.114
srun: Job 264335 step creation temporarily disabled, retrying (Requested nodes are busy)
srun: Step created for job 264335
srun: error: cmp004: task 0: Exited with exit code 124
srun: launch/slurm: _step_signal: Terminating StepId=264335.115
srun: error: cmp004: task 0: Exited with exit code 124
srun: launch/slurm: _step_signal: Terminating StepId=264335.116
srun: error: cmp004: task 0: Exited with exit code 124
srun: launch/slurm: _step_signal: Terminating StepId=264335.117
srun: error: cmp004: task 0: Exited with exit code 124
srun: launch/slurm: _step_signal: Terminating StepId=264335.118
srun: error: cmp004: task 0: Exited with exit code 124
srun: launch/slurm: _step_signal: Terminating StepId=264335.120
srun: error: cmp004: task 0: Exited with exit code 124
srun: launch/slurm: _step_signal: Terminating StepId=264335.121
srun: error: cmp004: task 0: Exited with exit code 124
srun: launch/slurm: _step_signal: Terminating StepId=264335.122
srun: error: cmp004: task 0: Exited with exit code 124
srun: launch/slurm: _step_signal: Terminating StepId=264335.123
srun: error: cmp004: task 0: Exited with exit code 124
srun: launch/slurm: _step_signal: Terminating StepId=264335.124
srun: error: cmp004: task 0: Exited with exit code 124
srun: launch/slurm: _step_signal: Terminating StepId=264335.125
srun: error: cmp004: task 0: Exited with exit code 124
srun: launch/slurm: _step_signal: Terminating StepId=264335.126
srun: error: cmp004: task 0: Exited with exit code 124
srun: launch/slurm: _step_signal: Terminating StepId=264335.127
srun: error: cmp004: task 0: Exited with exit code 124
srun: launch/slurm: _step_signal: Terminating StepId=264335.128
srun: error: cmp004: task 0: Exited with exit code 124
srun: launch/slurm: _step_signal: Terminating StepId=264335.129
srun: error: cmp004: task 0: Exited with exit code 124
srun: launch/slurm: _step_signal: Terminating StepId=264335.130
srun: error: cmp004: task 0: Exited with exit code 124
srun: launch/slurm: _step_signal: Terminating StepId=264335.131
srun: error: cmp004: task 0: Exited with exit code 124
srun: launch/slurm: _step_signal: Terminating StepId=264335.132
srun: error: cmp004: task 0: Exited with exit code 124
srun: launch/slurm: _step_signal: Terminating StepId=264335.133
srun: error: cmp004: task 0: Exited with exit code 124
srun: launch/slurm: _step_signal: Terminating StepId=264335.134
srun: error: cmp004: task 0: Exited with exit code 124
srun: launch/slurm: _step_signal: Terminating StepId=264335.135
srun: error: cmp004: task 0: Exited with exit code 124
srun: launch/slurm: _step_signal: Terminating StepId=264335.136
srun: error: cmp004: task 0: Exited with exit code 124
srun: launch/slurm: _step_signal: Terminating StepId=264335.137
srun: error: cmp004: task 0: Exited with exit code 124
srun: launch/slurm: _step_signal: Terminating StepId=264335.138
srun: error: cmp004: task 0: Exited with exit code 124
srun: launch/slurm: _step_signal: Terminating StepId=264335.140
srun: error: cmp004: task 0: Exited with exit code 124
srun: launch/slurm: _step_signal: Terminating StepId=264335.141
srun: error: cmp004: task 0: Exited with exit code 124
srun: launch/slurm: _step_signal: Terminating StepId=264335.142
srun: error: cmp004: task 0: Exited with exit code 124
srun: launch/slurm: _step_signal: Terminating StepId=264335.143
srun: error: cmp004: task 0: Exited with exit code 124
srun: launch/slurm: _step_signal: Terminating StepId=264335.144
srun: error: cmp004: task 0: Exited with exit code 124
srun: launch/slurm: _step_signal: Terminating StepId=264335.145
srun: error: cmp004: task 0: Exited with exit code 124
srun: launch/slurm: _step_signal: Terminating StepId=264335.146
srun: error: cmp004: task 0: Exited with exit code 124
srun: launch/slurm: _step_signal: Terminating StepId=264335.147
srun: error: cmp004: task 0: Exited with exit code 124
srun: launch/slurm: _step_signal: Terminating StepId=264335.148
srun: error: cmp004: task 0: Exited with exit code 124
srun: launch/slurm: _step_signal: Terminating StepId=264335.149
srun: error: cmp004: task 0: Exited with exit code 124
srun: launch/slurm: _step_signal: Terminating StepId=264335.150
srun: error: cmp004: task 0: Exited with exit code 124
srun: launch/slurm: _step_signal: Terminating StepId=264335.151
srun: error: cmp004: task 0: Exited with exit code 124
srun: launch/slurm: _step_signal: Terminating StepId=264335.152
srun: error: cmp004: task 0: Exited with exit code 124
srun: launch/slurm: _step_signal: Terminating StepId=264335.153
srun: error: cmp004: task 0: Exited with exit code 124
srun: launch/slurm: _step_signal: Terminating StepId=264335.154
srun: error: cmp004: task 0: Exited with exit code 124
srun: launch/slurm: _step_signal: Terminating StepId=264335.155
srun: error: cmp004: task 0: Exited with exit code 124
srun: launch/slurm: _step_signal: Terminating StepId=264335.156
srun: error: cmp004: task 0: Exited with exit code 124
srun: launch/slurm: _step_signal: Terminating StepId=264335.157
srun: error: cmp004: task 0: Exited with exit code 124
srun: launch/slurm: _step_signal: Terminating StepId=264335.158
srun: error: cmp004: task 0: Exited with exit code 124
srun: launch/slurm: _step_signal: Terminating StepId=264335.159
srun: error: cmp004: task 0: Exited with exit code 124
srun: launch/slurm: _step_signal: Terminating StepId=264335.160
srun: error: cmp004: task 0: Exited with exit code 124
srun: launch/slurm: _step_signal: Terminating StepId=264335.162
srun: error: cmp004: task 0: Exited with exit code 124
srun: launch/slurm: _step_signal: Terminating StepId=264335.163
srun: error: cmp004: task 0: Exited with exit code 124
srun: launch/slurm: _step_signal: Terminating StepId=264335.164
srun: error: cmp004: task 0: Exited with exit code 124
srun: launch/slurm: _step_signal: Terminating StepId=264335.165
srun: error: cmp004: task 0: Exited with exit code 124
srun: launch/slurm: _step_signal: Terminating StepId=264335.166
srun: error: cmp004: task 0: Exited with exit code 124
srun: launch/slurm: _step_signal: Terminating StepId=264335.167
srun: error: cmp004: task 0: Exited with exit code 124
srun: launch/slurm: _step_signal: Terminating StepId=264335.168
srun: error: cmp004: task 0: Exited with exit code 124
srun: launch/slurm: _step_signal: Terminating StepId=264335.169
srun: error: cmp004: task 0: Exited with exit code 124
srun: launch/slurm: _step_signal: Terminating StepId=264335.170
srun: error: cmp004: task 0: Exited with exit code 124
srun: launch/slurm: _step_signal: Terminating StepId=264335.171
srun: error: cmp004: task 0: Exited with exit code 124
srun: launch/slurm: _step_signal: Terminating StepId=264335.172
srun: error: cmp004: task 0: Exited with exit code 124
srun: launch/slurm: _step_signal: Terminating StepId=264335.173
srun: error: cmp004: task 0: Exited with exit code 124
srun: launch/slurm: _step_signal: Terminating StepId=264335.174
srun: error: cmp004: task 0: Exited with exit code 124
srun: launch/slurm: _step_signal: Terminating StepId=264335.175
srun: error: cmp004: task 0: Exited with exit code 124
srun: launch/slurm: _step_signal: Terminating StepId=264335.176
srun: error: cmp004: task 0: Exited with exit code 124
srun: launch/slurm: _step_signal: Terminating StepId=264335.178
srun: error: cmp004: task 0: Exited with exit code 124
srun: launch/slurm: _step_signal: Terminating StepId=264335.179
performance-testing: /home/jaspervermeule/executables/performance-testing/performance-testing.cpp:288: void Heuristic_Solver::construct_initial_task_list(std::vector<Heuristic_Solver::Task>&): Assertion `optimal_index >= 0' failed.
/usr/bin/timeout: the monitored command dumped core
srun: error: cmp004: task 0: Aborted
srun: launch/slurm: _step_signal: Terminating StepId=264335.180
performance-testing: /home/jaspervermeule/executables/performance-testing/performance-testing.cpp:946: void SAT_encoder::construct_upper_bound_task_list(std::vector<SAT_encoder::Task>&): Assertion `optimal_index >= 0' failed.
/usr/bin/timeout: the monitored command dumped core
srun: error: cmp004: task 0: Aborted
srun: launch/slurm: _step_signal: Terminating StepId=264335.181
performance-testing: /home/jaspervermeule/executables/performance-testing/performance-testing.cpp:544: int Heuristic_Solver::optimize_task_list(int, std::vector<Heuristic_Solver::Task>&, bool, int): Assertion `optimal_insertion_index >= 0' failed.
/usr/bin/timeout: the monitored command dumped core
srun: error: cmp004: task 0: Aborted
srun: launch/slurm: _step_signal: Terminating StepId=264335.182
srun: error: cmp004: task 0: Exited with exit code 124
srun: launch/slurm: _step_signal: Terminating StepId=264335.183
performance-testing: /home/jaspervermeule/executables/performance-testing/performance-testing.cpp:544: int Heuristic_Solver::optimize_task_list(int, std::vector<Heuristic_Solver::Task>&, bool, int): Assertion `optimal_insertion_index >= 0' failed.
/usr/bin/timeout: the monitored command dumped core
srun: error: cmp004: task 0: Aborted
srun: launch/slurm: _step_signal: Terminating StepId=264335.184
srun: error: cmp004: task 0: Exited with exit code 124
srun: launch/slurm: _step_signal: Terminating StepId=264335.185
performance-testing: /home/jaspervermeule/executables/performance-testing/performance-testing.cpp:544: int Heuristic_Solver::optimize_task_list(int, std::vector<Heuristic_Solver::Task>&, bool, int): Assertion `optimal_insertion_index >= 0' failed.
/usr/bin/timeout: the monitored command dumped core
srun: error: cmp004: task 0: Aborted
srun: launch/slurm: _step_signal: Terminating StepId=264335.186
srun: error: cmp004: task 0: Exited with exit code 124
srun: launch/slurm: _step_signal: Terminating StepId=264335.187
performance-testing: /home/jaspervermeule/executables/performance-testing/performance-testing.cpp:288: void Heuristic_Solver::construct_initial_task_list(std::vector<Heuristic_Solver::Task>&): Assertion `optimal_index >= 0' failed.
/usr/bin/timeout: the monitored command dumped core
srun: error: cmp004: task 0: Aborted
srun: launch/slurm: _step_signal: Terminating StepId=264335.188
performance-testing: /home/jaspervermeule/executables/performance-testing/performance-testing.cpp:946: void SAT_encoder::construct_upper_bound_task_list(std::vector<SAT_encoder::Task>&): Assertion `optimal_index >= 0' failed.
/usr/bin/timeout: the monitored command dumped core
srun: error: cmp004: task 0: Aborted
srun: launch/slurm: _step_signal: Terminating StepId=264335.189
srun: error: cmp004: task 0: Segmentation fault
srun: launch/slurm: _step_signal: Terminating StepId=264335.190
/usr/bin/timeout: the monitored command dumped core
srun: error: cmp004: task 0: Exited with exit code 124
srun: launch/slurm: _step_signal: Terminating StepId=264335.191
performance-testing: /home/jaspervermeule/executables/performance-testing/performance-testing.cpp:288: void Heuristic_Solver::construct_initial_task_list(std::vector<Heuristic_Solver::Task>&): Assertion `optimal_index >= 0' failed.
/usr/bin/timeout: the monitored command dumped core
srun: error: cmp004: task 0: Aborted
srun: launch/slurm: _step_signal: Terminating StepId=264335.192
performance-testing: /home/jaspervermeule/executables/performance-testing/performance-testing.cpp:946: void SAT_encoder::construct_upper_bound_task_list(std::vector<SAT_encoder::Task>&): Assertion `optimal_index >= 0' failed.
/usr/bin/timeout: the monitored command dumped core
srun: error: cmp004: task 0: Aborted
srun: launch/slurm: _step_signal: Terminating StepId=264335.193
performance-testing: /home/jaspervermeule/executables/performance-testing/performance-testing.cpp:288: void Heuristic_Solver::construct_initial_task_list(std::vector<Heuristic_Solver::Task>&): Assertion `optimal_index >= 0' failed.
/usr/bin/timeout: the monitored command dumped core
srun: error: cmp004: task 0: Aborted
srun: launch/slurm: _step_signal: Terminating StepId=264335.194
performance-testing: /home/jaspervermeule/executables/performance-testing/performance-testing.cpp:946: void SAT_encoder::construct_upper_bound_task_list(std::vector<SAT_encoder::Task>&): Assertion `optimal_index >= 0' failed.
/usr/bin/timeout: the monitored command dumped core
srun: error: cmp004: task 0: Aborted
srun: launch/slurm: _step_signal: Terminating StepId=264335.195
performance-testing: /home/jaspervermeule/executables/performance-testing/performance-testing.cpp:288: void Heuristic_Solver::construct_initial_task_list(std::vector<Heuristic_Solver::Task>&): Assertion `optimal_index >= 0' failed.
/usr/bin/timeout: the monitored command dumped core
srun: error: cmp004: task 0: Aborted
srun: launch/slurm: _step_signal: Terminating StepId=264335.196
performance-testing: /home/jaspervermeule/executables/performance-testing/performance-testing.cpp:946: void SAT_encoder::construct_upper_bound_task_list(std::vector<SAT_encoder::Task>&): Assertion `optimal_index >= 0' failed.
/usr/bin/timeout: the monitored command dumped core
srun: error: cmp004: task 0: Aborted
srun: launch/slurm: _step_signal: Terminating StepId=264335.197
performance-testing: /home/jaspervermeule/executables/performance-testing/performance-testing.cpp:288: void Heuristic_Solver::construct_initial_task_list(std::vector<Heuristic_Solver::Task>&): Assertion `optimal_index >= 0' failed.
/usr/bin/timeout: the monitored command dumped core
srun: error: cmp004: task 0: Aborted
srun: launch/slurm: _step_signal: Terminating StepId=264335.198
performance-testing: /home/jaspervermeule/executables/performance-testing/performance-testing.cpp:946: void SAT_encoder::construct_upper_bound_task_list(std::vector<SAT_encoder::Task>&): Assertion `optimal_index >= 0' failed.
/usr/bin/timeout: the monitored command dumped core
srun: error: cmp004: task 0: Aborted
srun: launch/slurm: _step_signal: Terminating StepId=264335.199
srun: error: cmp004: task 0: Exited with exit code 124
srun: launch/slurm: _step_signal: Terminating StepId=264335.200
srun: error: cmp004: task 0: Exited with exit code 124
srun: launch/slurm: _step_signal: Terminating StepId=264335.201
srun: error: cmp004: task 0: Exited with exit code 124
srun: launch/slurm: _step_signal: Terminating StepId=264335.202
srun: error: cmp004: task 0: Exited with exit code 124
srun: launch/slurm: _step_signal: Terminating StepId=264335.203
srun: error: cmp004: task 0: Exited with exit code 124
srun: launch/slurm: _step_signal: Terminating StepId=264335.204
srun: error: cmp004: task 0: Exited with exit code 124
srun: launch/slurm: _step_signal: Terminating StepId=264335.205
srun: error: cmp004: task 0: Exited with exit code 124
srun: launch/slurm: _step_signal: Terminating StepId=264335.206
srun: error: cmp004: task 0: Exited with exit code 124
srun: launch/slurm: _step_signal: Terminating StepId=264335.207
srun: error: cmp004: task 0: Exited with exit code 124
srun: launch/slurm: _step_signal: Terminating StepId=264335.208
srun: error: cmp004: task 0: Exited with exit code 124
srun: launch/slurm: _step_signal: Terminating StepId=264335.209
srun: error: cmp004: task 0: Exited with exit code 124
srun: launch/slurm: _step_signal: Terminating StepId=264335.210
srun: error: cmp004: task 0: Exited with exit code 124
srun: launch/slurm: _step_signal: Terminating StepId=264335.211
srun: error: cmp004: task 0: Exited with exit code 124
srun: launch/slurm: _step_signal: Terminating StepId=264335.212
srun: error: cmp004: task 0: Exited with exit code 124
srun: launch/slurm: _step_signal: Terminating StepId=264335.213
srun: error: cmp004: task 0: Exited with exit code 124
srun: launch/slurm: _step_signal: Terminating StepId=264335.214
srun: error: cmp004: task 0: Exited with exit code 124
srun: launch/slurm: _step_signal: Terminating StepId=264335.215
srun: error: cmp004: task 0: Exited with exit code 124
srun: launch/slurm: _step_signal: Terminating StepId=264335.216
srun: error: cmp004: task 0: Exited with exit code 124
srun: launch/slurm: _step_signal: Terminating StepId=264335.217
srun: error: cmp004: task 0: Exited with exit code 124
srun: launch/slurm: _step_signal: Terminating StepId=264335.218
srun: error: cmp004: task 0: Exited with exit code 124
srun: launch/slurm: _step_signal: Terminating StepId=264335.219
srun: error: cmp004: task 0: Exited with exit code 124
srun: launch/slurm: _step_signal: Terminating StepId=264335.220
srun: error: cmp004: task 0: Exited with exit code 124
srun: launch/slurm: _step_signal: Terminating StepId=264335.221
srun: error: cmp004: task 0: Exited with exit code 124
srun: launch/slurm: _step_signal: Terminating StepId=264335.222
srun: error: cmp004: task 0: Exited with exit code 124
srun: launch/slurm: _step_signal: Terminating StepId=264335.223
srun: error: cmp004: task 0: Exited with exit code 124
srun: launch/slurm: _step_signal: Terminating StepId=264335.224
srun: error: cmp004: task 0: Exited with exit code 124
srun: launch/slurm: _step_signal: Terminating StepId=264335.225
srun: error: cmp004: task 0: Exited with exit code 124
srun: launch/slurm: _step_signal: Terminating StepId=264335.226
srun: error: cmp004: task 0: Exited with exit code 124
srun: launch/slurm: _step_signal: Terminating StepId=264335.227
srun: error: cmp004: task 0: Exited with exit code 124
srun: launch/slurm: _step_signal: Terminating StepId=264335.228
srun: error: cmp004: task 0: Exited with exit code 124
srun: launch/slurm: _step_signal: Terminating StepId=264335.229
srun: error: cmp004: task 0: Exited with exit code 124
srun: launch/slurm: _step_signal: Terminating StepId=264335.230
srun: error: cmp004: task 0: Exited with exit code 124
srun: launch/slurm: _step_signal: Terminating StepId=264335.231
srun: error: cmp004: task 0: Exited with exit code 124
srun: launch/slurm: _step_signal: Terminating StepId=264335.232
srun: error: cmp004: task 0: Exited with exit code 124
srun: launch/slurm: _step_signal: Terminating StepId=264335.233
srun: error: cmp004: task 0: Exited with exit code 124
srun: launch/slurm: _step_signal: Terminating StepId=264335.234
srun: error: cmp004: task 0: Exited with exit code 124
srun: launch/slurm: _step_signal: Terminating StepId=264335.235
srun: error: cmp004: task 0: Exited with exit code 124
srun: launch/slurm: _step_signal: Terminating StepId=264335.236
srun: error: cmp004: task 0: Exited with exit code 124
srun: launch/slurm: _step_signal: Terminating StepId=264335.237
srun: error: cmp004: task 0: Exited with exit code 124
srun: launch/slurm: _step_signal: Terminating StepId=264335.238
srun: error: cmp004: task 0: Exited with exit code 124
srun: launch/slurm: _step_signal: Terminating StepId=264335.239
