srun: error: cmp004: task 0: Exited with exit code 124
srun: launch/slurm: _step_signal: Terminating StepId=264353.0
srun: error: cmp004: task 0: Exited with exit code 124
srun: launch/slurm: _step_signal: Terminating StepId=264353.1
srun: error: cmp004: task 0: Exited with exit code 124
srun: launch/slurm: _step_signal: Terminating StepId=264353.2
srun: error: cmp004: task 0: Exited with exit code 124
srun: launch/slurm: _step_signal: Terminating StepId=264353.3
srun: error: cmp004: task 0: Exited with exit code 124
srun: launch/slurm: _step_signal: Terminating StepId=264353.4
srun: error: cmp004: task 0: Exited with exit code 124
srun: launch/slurm: _step_signal: Terminating StepId=264353.5
srun: error: cmp004: task 0: Exited with exit code 124
srun: launch/slurm: _step_signal: Terminating StepId=264353.6
srun: error: cmp004: task 0: Exited with exit code 124
srun: launch/slurm: _step_signal: Terminating StepId=264353.7
srun: error: cmp004: task 0: Exited with exit code 124
srun: launch/slurm: _step_signal: Terminating StepId=264353.8
srun: error: cmp004: task 0: Exited with exit code 124
srun: launch/slurm: _step_signal: Terminating StepId=264353.9
srun: error: cmp004: task 0: Exited with exit code 124
srun: launch/slurm: _step_signal: Terminating StepId=264353.10
srun: error: cmp004: task 0: Exited with exit code 124
srun: launch/slurm: _step_signal: Terminating StepId=264353.11
srun: error: cmp004: task 0: Exited with exit code 124
srun: launch/slurm: _step_signal: Terminating StepId=264353.12
srun: error: cmp004: task 0: Exited with exit code 124
srun: launch/slurm: _step_signal: Terminating StepId=264353.13
srun: error: cmp004: task 0: Exited with exit code 124
srun: launch/slurm: _step_signal: Terminating StepId=264353.14
srun: error: cmp004: task 0: Exited with exit code 124
srun: launch/slurm: _step_signal: Terminating StepId=264353.15
srun: error: cmp004: task 0: Exited with exit code 124
srun: launch/slurm: _step_signal: Terminating StepId=264353.16
srun: error: cmp004: task 0: Exited with exit code 124
srun: launch/slurm: _step_signal: Terminating StepId=264353.17
srun: error: cmp004: task 0: Exited with exit code 124
srun: launch/slurm: _step_signal: Terminating StepId=264353.18
srun: error: cmp004: task 0: Exited with exit code 124
srun: launch/slurm: _step_signal: Terminating StepId=264353.19
srun: error: cmp004: task 0: Exited with exit code 124
srun: launch/slurm: _step_signal: Terminating StepId=264353.20
srun: error: cmp004: task 0: Exited with exit code 124
srun: launch/slurm: _step_signal: Terminating StepId=264353.22
srun: error: cmp004: task 0: Exited with exit code 1
srun: launch/slurm: _step_signal: Terminating StepId=264353.23
srun: error: cmp004: task 0: Exited with exit code 124
srun: launch/slurm: _step_signal: Terminating StepId=264353.24
srun: error: cmp004: task 0: Exited with exit code 124
srun: launch/slurm: _step_signal: Terminating StepId=264353.25
srun: error: cmp004: task 0: Exited with exit code 124
srun: launch/slurm: _step_signal: Terminating StepId=264353.26
srun: error: cmp004: task 0: Exited with exit code 124
srun: launch/slurm: _step_signal: Terminating StepId=264353.27
srun: error: cmp004: task 0: Exited with exit code 124
srun: launch/slurm: _step_signal: Terminating StepId=264353.28
srun: error: cmp004: task 0: Exited with exit code 124
srun: launch/slurm: _step_signal: Terminating StepId=264353.29
srun: error: cmp004: task 0: Exited with exit code 124
srun: launch/slurm: _step_signal: Terminating StepId=264353.30
srun: error: cmp004: task 0: Exited with exit code 124
srun: launch/slurm: _step_signal: Terminating StepId=264353.31
srun: error: cmp004: task 0: Exited with exit code 124
srun: launch/slurm: _step_signal: Terminating StepId=264353.32
srun: error: cmp004: task 0: Exited with exit code 124
srun: launch/slurm: _step_signal: Terminating StepId=264353.33
srun: error: cmp004: task 0: Exited with exit code 124
srun: launch/slurm: _step_signal: Terminating StepId=264353.34
srun: error: cmp004: task 0: Exited with exit code 124
srun: launch/slurm: _step_signal: Terminating StepId=264353.35
srun: error: cmp004: task 0: Exited with exit code 124
srun: launch/slurm: _step_signal: Terminating StepId=264353.36
srun: error: cmp004: task 0: Exited with exit code 124
srun: launch/slurm: _step_signal: Terminating StepId=264353.38
srun: error: cmp004: task 0: Exited with exit code 124
srun: launch/slurm: _step_signal: Terminating StepId=264353.39
srun: error: cmp004: task 0: Exited with exit code 124
srun: launch/slurm: _step_signal: Terminating StepId=264353.40
srun: error: cmp004: task 0: Exited with exit code 124
srun: launch/slurm: _step_signal: Terminating StepId=264353.42
srun: error: cmp004: task 0: Exited with exit code 124
srun: launch/slurm: _step_signal: Terminating StepId=264353.44
srun: error: cmp004: task 0: Exited with exit code 124
srun: launch/slurm: _step_signal: Terminating StepId=264353.45
srun: error: cmp004: task 0: Exited with exit code 124
srun: launch/slurm: _step_signal: Terminating StepId=264353.46
srun: error: cmp004: task 0: Exited with exit code 124
srun: launch/slurm: _step_signal: Terminating StepId=264353.47
srun: error: cmp004: task 0: Exited with exit code 124
srun: launch/slurm: _step_signal: Terminating StepId=264353.48
srun: error: cmp004: task 0: Exited with exit code 124
srun: launch/slurm: _step_signal: Terminating StepId=264353.49
srun: error: cmp004: task 0: Exited with exit code 124
srun: launch/slurm: _step_signal: Terminating StepId=264353.50
srun: error: cmp004: task 0: Exited with exit code 124
srun: launch/slurm: _step_signal: Terminating StepId=264353.51
srun: error: cmp004: task 0: Exited with exit code 124
srun: launch/slurm: _step_signal: Terminating StepId=264353.52
srun: error: cmp004: task 0: Exited with exit code 124
srun: launch/slurm: _step_signal: Terminating StepId=264353.53
srun: error: cmp004: task 0: Exited with exit code 124
srun: launch/slurm: _step_signal: Terminating StepId=264353.54
srun: error: cmp004: task 0: Exited with exit code 124
srun: launch/slurm: _step_signal: Terminating StepId=264353.55
srun: error: cmp004: task 0: Exited with exit code 124
srun: launch/slurm: _step_signal: Terminating StepId=264353.56
srun: error: cmp004: task 0: Exited with exit code 124
srun: launch/slurm: _step_signal: Terminating StepId=264353.57
srun: error: cmp004: task 0: Exited with exit code 124
srun: launch/slurm: _step_signal: Terminating StepId=264353.58
srun: error: cmp004: task 0: Exited with exit code 124
srun: launch/slurm: _step_signal: Terminating StepId=264353.59
srun: error: cmp004: task 0: Exited with exit code 124
srun: launch/slurm: _step_signal: Terminating StepId=264353.60
srun: error: cmp004: task 0: Exited with exit code 124
srun: launch/slurm: _step_signal: Terminating StepId=264353.61
srun: error: cmp004: task 0: Exited with exit code 124
srun: launch/slurm: _step_signal: Terminating StepId=264353.62
srun: error: cmp004: task 0: Exited with exit code 124
srun: launch/slurm: _step_signal: Terminating StepId=264353.63
srun: error: cmp004: task 0: Exited with exit code 124
srun: launch/slurm: _step_signal: Terminating StepId=264353.64
srun: error: cmp004: task 0: Exited with exit code 124
srun: launch/slurm: _step_signal: Terminating StepId=264353.66
srun: error: cmp004: task 0: Exited with exit code 124
srun: launch/slurm: _step_signal: Terminating StepId=264353.67
srun: error: cmp004: task 0: Exited with exit code 124
srun: launch/slurm: _step_signal: Terminating StepId=264353.68
srun: Job 264353 step creation temporarily disabled, retrying (Requested nodes are busy)
srun: Step created for job 264353
srun: error: cmp004: task 0: Exited with exit code 124
srun: launch/slurm: _step_signal: Terminating StepId=264353.70
srun: error: cmp004: task 0: Exited with exit code 124
srun: launch/slurm: _step_signal: Terminating StepId=264353.72
srun: error: cmp004: task 0: Exited with exit code 124
srun: launch/slurm: _step_signal: Terminating StepId=264353.74
srun: error: cmp004: task 0: Exited with exit code 124
srun: launch/slurm: _step_signal: Terminating StepId=264353.76
srun: error: cmp004: task 0: Exited with exit code 124
srun: launch/slurm: _step_signal: Terminating StepId=264353.78
srun: error: cmp004: task 0: Exited with exit code 124
srun: launch/slurm: _step_signal: Terminating StepId=264353.80
srun: error: cmp004: task 0: Exited with exit code 124
srun: launch/slurm: _step_signal: Terminating StepId=264353.82
srun: error: cmp004: task 0: Exited with exit code 124
srun: launch/slurm: _step_signal: Terminating StepId=264353.84
srun: error: cmp004: task 0: Exited with exit code 124
srun: launch/slurm: _step_signal: Terminating StepId=264353.86
srun: error: cmp004: task 0: Exited with exit code 124
srun: launch/slurm: _step_signal: Terminating StepId=264353.88
srun: error: cmp004: task 0: Exited with exit code 124
srun: launch/slurm: _step_signal: Terminating StepId=264353.90
srun: error: cmp004: task 0: Exited with exit code 124
srun: launch/slurm: _step_signal: Terminating StepId=264353.92
srun: error: cmp004: task 0: Exited with exit code 124
srun: launch/slurm: _step_signal: Terminating StepId=264353.94
srun: error: cmp004: task 0: Exited with exit code 124
srun: launch/slurm: _step_signal: Terminating StepId=264353.96
srun: error: cmp004: task 0: Exited with exit code 124
srun: launch/slurm: _step_signal: Terminating StepId=264353.98
srun: error: cmp004: task 0: Exited with exit code 124
srun: launch/slurm: _step_signal: Terminating StepId=264353.100
srun: error: cmp004: task 0: Exited with exit code 124
srun: launch/slurm: _step_signal: Terminating StepId=264353.101
srun: error: cmp004: task 0: Exited with exit code 124
srun: launch/slurm: _step_signal: Terminating StepId=264353.102
srun: error: cmp004: task 0: Exited with exit code 124
srun: launch/slurm: _step_signal: Terminating StepId=264353.104
srun: error: cmp004: task 0: Exited with exit code 124
srun: launch/slurm: _step_signal: Terminating StepId=264353.106
srun: error: cmp004: task 0: Exited with exit code 124
srun: launch/slurm: _step_signal: Terminating StepId=264353.108
srun: error: cmp004: task 0: Exited with exit code 124
srun: launch/slurm: _step_signal: Terminating StepId=264353.110
srun: error: cmp004: task 0: Exited with exit code 124
srun: launch/slurm: _step_signal: Terminating StepId=264353.112
srun: error: cmp004: task 0: Exited with exit code 124
srun: launch/slurm: _step_signal: Terminating StepId=264353.114
srun: error: cmp004: task 0: Exited with exit code 124
srun: launch/slurm: _step_signal: Terminating StepId=264353.116
srun: error: cmp004: task 0: Exited with exit code 124
srun: launch/slurm: _step_signal: Terminating StepId=264353.118
srun: error: cmp004: task 0: Exited with exit code 124
srun: launch/slurm: _step_signal: Terminating StepId=264353.120
srun: error: cmp004: task 0: Exited with exit code 124
srun: launch/slurm: _step_signal: Terminating StepId=264353.122
srun: error: cmp004: task 0: Exited with exit code 124
srun: launch/slurm: _step_signal: Terminating StepId=264353.123
srun: error: cmp004: task 0: Exited with exit code 124
srun: launch/slurm: _step_signal: Terminating StepId=264353.124
srun: error: cmp004: task 0: Exited with exit code 124
srun: launch/slurm: _step_signal: Terminating StepId=264353.125
srun: error: cmp004: task 0: Exited with exit code 124
srun: launch/slurm: _step_signal: Terminating StepId=264353.126
srun: error: cmp004: task 0: Exited with exit code 124
srun: launch/slurm: _step_signal: Terminating StepId=264353.127
srun: error: cmp004: task 0: Exited with exit code 124
srun: launch/slurm: _step_signal: Terminating StepId=264353.128
srun: error: cmp004: task 0: Exited with exit code 124
srun: launch/slurm: _step_signal: Terminating StepId=264353.130
srun: error: cmp004: task 0: Exited with exit code 124
srun: launch/slurm: _step_signal: Terminating StepId=264353.132
srun: error: cmp004: task 0: Exited with exit code 124
srun: launch/slurm: _step_signal: Terminating StepId=264353.133
srun: error: cmp004: task 0: Exited with exit code 124
srun: launch/slurm: _step_signal: Terminating StepId=264353.134
srun: error: cmp004: task 0: Exited with exit code 124
srun: launch/slurm: _step_signal: Terminating StepId=264353.136
srun: error: cmp004: task 0: Exited with exit code 124
srun: launch/slurm: _step_signal: Terminating StepId=264353.138
srun: error: cmp004: task 0: Exited with exit code 124
srun: launch/slurm: _step_signal: Terminating StepId=264353.140
srun: error: cmp004: task 0: Exited with exit code 124
srun: launch/slurm: _step_signal: Terminating StepId=264353.141
srun: error: cmp004: task 0: Exited with exit code 124
srun: launch/slurm: _step_signal: Terminating StepId=264353.142
srun: error: cmp004: task 0: Exited with exit code 124
srun: launch/slurm: _step_signal: Terminating StepId=264353.143
srun: error: cmp004: task 0: Exited with exit code 124
srun: launch/slurm: _step_signal: Terminating StepId=264353.144
srun: error: cmp004: task 0: Exited with exit code 124
srun: launch/slurm: _step_signal: Terminating StepId=264353.145
srun: error: cmp004: task 0: Exited with exit code 124
srun: launch/slurm: _step_signal: Terminating StepId=264353.146
srun: error: cmp004: task 0: Exited with exit code 124
srun: launch/slurm: _step_signal: Terminating StepId=264353.147
srun: error: cmp004: task 0: Exited with exit code 124
srun: launch/slurm: _step_signal: Terminating StepId=264353.148
srun: error: cmp004: task 0: Exited with exit code 124
srun: launch/slurm: _step_signal: Terminating StepId=264353.149
srun: error: cmp004: task 0: Exited with exit code 124
srun: launch/slurm: _step_signal: Terminating StepId=264353.150
srun: error: cmp004: task 0: Exited with exit code 124
srun: launch/slurm: _step_signal: Terminating StepId=264353.151
srun: error: cmp004: task 0: Exited with exit code 124
srun: launch/slurm: _step_signal: Terminating StepId=264353.152
srun: error: cmp004: task 0: Exited with exit code 124
srun: launch/slurm: _step_signal: Terminating StepId=264353.153
srun: error: cmp004: task 0: Exited with exit code 124
srun: launch/slurm: _step_signal: Terminating StepId=264353.154
srun: error: cmp004: task 0: Exited with exit code 124
srun: launch/slurm: _step_signal: Terminating StepId=264353.155
srun: error: cmp004: task 0: Exited with exit code 124
srun: launch/slurm: _step_signal: Terminating StepId=264353.156
srun: error: cmp004: task 0: Exited with exit code 124
srun: launch/slurm: _step_signal: Terminating StepId=264353.157
srun: error: cmp004: task 0: Exited with exit code 124
srun: launch/slurm: _step_signal: Terminating StepId=264353.158
srun: error: cmp004: task 0: Exited with exit code 124
srun: launch/slurm: _step_signal: Terminating StepId=264353.159
srun: error: cmp004: task 0: Exited with exit code 124
srun: launch/slurm: _step_signal: Terminating StepId=264353.160
srun: error: cmp004: task 0: Exited with exit code 124
srun: launch/slurm: _step_signal: Terminating StepId=264353.161
srun: error: cmp004: task 0: Exited with exit code 124
srun: launch/slurm: _step_signal: Terminating StepId=264353.162
srun: error: cmp004: task 0: Exited with exit code 124
srun: launch/slurm: _step_signal: Terminating StepId=264353.163
srun: error: cmp004: task 0: Exited with exit code 124
srun: launch/slurm: _step_signal: Terminating StepId=264353.164
srun: error: cmp004: task 0: Exited with exit code 124
srun: launch/slurm: _step_signal: Terminating StepId=264353.165
srun: error: cmp004: task 0: Exited with exit code 124
srun: launch/slurm: _step_signal: Terminating StepId=264353.166
srun: error: cmp004: task 0: Exited with exit code 124
srun: launch/slurm: _step_signal: Terminating StepId=264353.167
srun: error: cmp004: task 0: Exited with exit code 124
srun: launch/slurm: _step_signal: Terminating StepId=264353.168
srun: error: cmp004: task 0: Exited with exit code 124
srun: launch/slurm: _step_signal: Terminating StepId=264353.169
srun: error: cmp004: task 0: Exited with exit code 124
srun: launch/slurm: _step_signal: Terminating StepId=264353.170
srun: error: cmp004: task 0: Exited with exit code 124
srun: launch/slurm: _step_signal: Terminating StepId=264353.172
srun: error: cmp004: task 0: Exited with exit code 124
srun: launch/slurm: _step_signal: Terminating StepId=264353.173
srun: error: cmp004: task 0: Exited with exit code 124
srun: launch/slurm: _step_signal: Terminating StepId=264353.174
srun: error: cmp004: task 0: Exited with exit code 124
srun: launch/slurm: _step_signal: Terminating StepId=264353.175
srun: error: cmp004: task 0: Exited with exit code 124
srun: launch/slurm: _step_signal: Terminating StepId=264353.176
srun: error: cmp004: task 0: Exited with exit code 124
srun: launch/slurm: _step_signal: Terminating StepId=264353.177
srun: error: cmp004: task 0: Exited with exit code 124
srun: launch/slurm: _step_signal: Terminating StepId=264353.178
srun: error: cmp004: task 0: Exited with exit code 124
srun: launch/slurm: _step_signal: Terminating StepId=264353.179
srun: error: cmp004: task 0: Exited with exit code 124
srun: launch/slurm: _step_signal: Terminating StepId=264353.180
srun: error: cmp004: task 0: Exited with exit code 124
srun: launch/slurm: _step_signal: Terminating StepId=264353.181
srun: error: cmp004: task 0: Exited with exit code 124
srun: launch/slurm: _step_signal: Terminating StepId=264353.182
srun: error: cmp004: task 0: Exited with exit code 124
srun: launch/slurm: _step_signal: Terminating StepId=264353.183
srun: error: cmp004: task 0: Exited with exit code 124
srun: launch/slurm: _step_signal: Terminating StepId=264353.184
srun: error: cmp004: task 0: Exited with exit code 124
srun: launch/slurm: _step_signal: Terminating StepId=264353.186
srun: error: cmp004: task 0: Exited with exit code 124
srun: launch/slurm: _step_signal: Terminating StepId=264353.188
srun: error: cmp004: task 0: Exited with exit code 124
srun: launch/slurm: _step_signal: Terminating StepId=264353.189
srun: error: cmp004: task 0: Exited with exit code 124
srun: launch/slurm: _step_signal: Terminating StepId=264353.190
srun: error: cmp004: task 0: Exited with exit code 124
srun: launch/slurm: _step_signal: Terminating StepId=264353.191
srun: error: cmp004: task 0: Exited with exit code 124
srun: launch/slurm: _step_signal: Terminating StepId=264353.192
srun: error: cmp004: task 0: Exited with exit code 124
srun: launch/slurm: _step_signal: Terminating StepId=264353.193
srun: error: cmp004: task 0: Exited with exit code 124
srun: launch/slurm: _step_signal: Terminating StepId=264353.194
srun: error: cmp004: task 0: Exited with exit code 124
srun: launch/slurm: _step_signal: Terminating StepId=264353.195
srun: error: cmp004: task 0: Exited with exit code 124
srun: launch/slurm: _step_signal: Terminating StepId=264353.196
srun: error: cmp004: task 0: Exited with exit code 124
srun: launch/slurm: _step_signal: Terminating StepId=264353.197
srun: error: cmp004: task 0: Exited with exit code 124
srun: launch/slurm: _step_signal: Terminating StepId=264353.198
srun: error: cmp004: task 0: Exited with exit code 124
srun: launch/slurm: _step_signal: Terminating StepId=264353.199
srun: error: cmp004: task 0: Exited with exit code 124
srun: launch/slurm: _step_signal: Terminating StepId=264353.200
srun: error: cmp004: task 0: Exited with exit code 124
srun: launch/slurm: _step_signal: Terminating StepId=264353.201
srun: error: cmp004: task 0: Exited with exit code 124
srun: launch/slurm: _step_signal: Terminating StepId=264353.202
srun: error: cmp004: task 0: Exited with exit code 124
srun: launch/slurm: _step_signal: Terminating StepId=264353.203
srun: error: cmp004: task 0: Exited with exit code 124
srun: launch/slurm: _step_signal: Terminating StepId=264353.204
srun: error: cmp004: task 0: Exited with exit code 124
srun: launch/slurm: _step_signal: Terminating StepId=264353.205
srun: error: cmp004: task 0: Exited with exit code 124
srun: launch/slurm: _step_signal: Terminating StepId=264353.206
srun: error: cmp004: task 0: Exited with exit code 124
srun: launch/slurm: _step_signal: Terminating StepId=264353.207
srun: error: cmp004: task 0: Exited with exit code 124
srun: launch/slurm: _step_signal: Terminating StepId=264353.208
srun: error: cmp004: task 0: Exited with exit code 124
srun: launch/slurm: _step_signal: Terminating StepId=264353.209
srun: error: cmp004: task 0: Exited with exit code 124
srun: launch/slurm: _step_signal: Terminating StepId=264353.210
srun: error: cmp004: task 0: Exited with exit code 124
srun: launch/slurm: _step_signal: Terminating StepId=264353.211
srun: error: cmp004: task 0: Exited with exit code 124
srun: launch/slurm: _step_signal: Terminating StepId=264353.212
srun: error: cmp004: task 0: Exited with exit code 124
srun: launch/slurm: _step_signal: Terminating StepId=264353.213
srun: error: cmp004: task 0: Exited with exit code 124
srun: launch/slurm: _step_signal: Terminating StepId=264353.214
srun: error: cmp004: task 0: Exited with exit code 124
srun: launch/slurm: _step_signal: Terminating StepId=264353.215
srun: error: cmp004: task 0: Exited with exit code 124
srun: launch/slurm: _step_signal: Terminating StepId=264353.216
srun: error: cmp004: task 0: Exited with exit code 124
srun: launch/slurm: _step_signal: Terminating StepId=264353.217
srun: error: cmp004: task 0: Exited with exit code 124
srun: launch/slurm: _step_signal: Terminating StepId=264353.218
srun: error: cmp004: task 0: Exited with exit code 124
srun: launch/slurm: _step_signal: Terminating StepId=264353.219
/usr/bin/timeout: the monitored command dumped core
srun: error: cmp004: task 0: Exited with exit code 124
srun: launch/slurm: _step_signal: Terminating StepId=264353.220
srun: error: cmp004: task 0: Exited with exit code 124
srun: launch/slurm: _step_signal: Terminating StepId=264353.221
srun: error: cmp004: task 0: Exited with exit code 124
srun: launch/slurm: _step_signal: Terminating StepId=264353.222
srun: error: cmp004: task 0: Exited with exit code 124
srun: launch/slurm: _step_signal: Terminating StepId=264353.223
srun: error: cmp004: task 0: Exited with exit code 124
srun: launch/slurm: _step_signal: Terminating StepId=264353.224
srun: error: cmp004: task 0: Exited with exit code 124
srun: launch/slurm: _step_signal: Terminating StepId=264353.225
srun: error: cmp004: task 0: Exited with exit code 124
srun: launch/slurm: _step_signal: Terminating StepId=264353.226
srun: error: cmp004: task 0: Exited with exit code 124
srun: launch/slurm: _step_signal: Terminating StepId=264353.227
srun: error: cmp004: task 0: Exited with exit code 124
srun: launch/slurm: _step_signal: Terminating StepId=264353.228
srun: error: cmp004: task 0: Exited with exit code 124
srun: launch/slurm: _step_signal: Terminating StepId=264353.229
srun: error: cmp004: task 0: Exited with exit code 124
srun: launch/slurm: _step_signal: Terminating StepId=264353.230
srun: error: cmp004: task 0: Exited with exit code 124
srun: launch/slurm: _step_signal: Terminating StepId=264353.231
srun: error: cmp004: task 0: Exited with exit code 124
srun: launch/slurm: _step_signal: Terminating StepId=264353.232
srun: error: cmp004: task 0: Exited with exit code 124
srun: launch/slurm: _step_signal: Terminating StepId=264353.233
srun: error: cmp004: task 0: Exited with exit code 124
srun: launch/slurm: _step_signal: Terminating StepId=264353.234
srun: error: cmp004: task 0: Exited with exit code 124
srun: launch/slurm: _step_signal: Terminating StepId=264353.235
srun: error: cmp004: task 0: Exited with exit code 124
srun: launch/slurm: _step_signal: Terminating StepId=264353.236
srun: error: cmp004: task 0: Exited with exit code 124
srun: launch/slurm: _step_signal: Terminating StepId=264353.237
srun: error: cmp004: task 0: Exited with exit code 124
srun: launch/slurm: _step_signal: Terminating StepId=264353.238
srun: error: cmp004: task 0: Exited with exit code 124
srun: launch/slurm: _step_signal: Terminating StepId=264353.239
