srun: error: cmp121: task 0: Exited with exit code 124
srun: launch/slurm: _step_signal: Terminating StepId=264426.0
srun: error: cmp121: task 0: Exited with exit code 124
srun: launch/slurm: _step_signal: Terminating StepId=264426.1
srun: error: cmp121: task 0: Exited with exit code 124
srun: launch/slurm: _step_signal: Terminating StepId=264426.2
srun: error: cmp121: task 0: Exited with exit code 124
srun: launch/slurm: _step_signal: Terminating StepId=264426.3
srun: error: cmp121: task 0: Exited with exit code 124
srun: launch/slurm: _step_signal: Terminating StepId=264426.4
srun: error: cmp121: task 0: Exited with exit code 124
srun: launch/slurm: _step_signal: Terminating StepId=264426.5
srun: error: cmp121: task 0: Exited with exit code 124
srun: launch/slurm: _step_signal: Terminating StepId=264426.6
srun: error: cmp121: task 0: Exited with exit code 124
srun: launch/slurm: _step_signal: Terminating StepId=264426.7
srun: error: cmp121: task 0: Exited with exit code 124
srun: launch/slurm: _step_signal: Terminating StepId=264426.8
srun: error: cmp121: task 0: Exited with exit code 124
srun: launch/slurm: _step_signal: Terminating StepId=264426.10
srun: error: cmp121: task 0: Exited with exit code 124
srun: launch/slurm: _step_signal: Terminating StepId=264426.11
srun: error: cmp121: task 0: Exited with exit code 124
srun: launch/slurm: _step_signal: Terminating StepId=264426.12
srun: error: cmp121: task 0: Exited with exit code 124
srun: launch/slurm: _step_signal: Terminating StepId=264426.13
srun: error: cmp121: task 0: Exited with exit code 124
srun: launch/slurm: _step_signal: Terminating StepId=264426.14
srun: error: cmp121: task 0: Exited with exit code 124
srun: launch/slurm: _step_signal: Terminating StepId=264426.15
srun: error: cmp121: task 0: Exited with exit code 124
srun: launch/slurm: _step_signal: Terminating StepId=264426.16
srun: error: cmp121: task 0: Exited with exit code 124
srun: launch/slurm: _step_signal: Terminating StepId=264426.17
srun: error: cmp121: task 0: Exited with exit code 124
srun: launch/slurm: _step_signal: Terminating StepId=264426.18
srun: error: cmp121: task 0: Exited with exit code 124
srun: launch/slurm: _step_signal: Terminating StepId=264426.19
srun: error: cmp121: task 0: Exited with exit code 124
srun: launch/slurm: _step_signal: Terminating StepId=264426.20
srun: error: cmp121: task 0: Exited with exit code 124
srun: launch/slurm: _step_signal: Terminating StepId=264426.21
srun: error: cmp121: task 0: Exited with exit code 124
srun: launch/slurm: _step_signal: Terminating StepId=264426.22
srun: error: cmp121: task 0: Exited with exit code 124
srun: launch/slurm: _step_signal: Terminating StepId=264426.23
srun: error: cmp121: task 0: Exited with exit code 124
srun: launch/slurm: _step_signal: Terminating StepId=264426.24
srun: error: cmp121: task 0: Exited with exit code 124
srun: launch/slurm: _step_signal: Terminating StepId=264426.25
srun: error: cmp121: task 0: Exited with exit code 124
srun: launch/slurm: _step_signal: Terminating StepId=264426.26
srun: error: cmp121: task 0: Exited with exit code 124
srun: launch/slurm: _step_signal: Terminating StepId=264426.27
srun: error: cmp121: task 0: Exited with exit code 124
srun: launch/slurm: _step_signal: Terminating StepId=264426.28
srun: error: cmp121: task 0: Exited with exit code 124
srun: launch/slurm: _step_signal: Terminating StepId=264426.29
srun: error: cmp121: task 0: Exited with exit code 124
srun: launch/slurm: _step_signal: Terminating StepId=264426.30
srun: error: cmp121: task 0: Exited with exit code 124
srun: launch/slurm: _step_signal: Terminating StepId=264426.31
srun: error: cmp121: task 0: Exited with exit code 124
srun: launch/slurm: _step_signal: Terminating StepId=264426.32
srun: error: cmp121: task 0: Exited with exit code 124
srun: launch/slurm: _step_signal: Terminating StepId=264426.33
srun: error: cmp121: task 0: Exited with exit code 124
srun: launch/slurm: _step_signal: Terminating StepId=264426.34
srun: error: cmp121: task 0: Exited with exit code 124
srun: launch/slurm: _step_signal: Terminating StepId=264426.35
srun: error: cmp121: task 0: Exited with exit code 124
srun: launch/slurm: _step_signal: Terminating StepId=264426.36
srun: error: cmp121: task 0: Exited with exit code 124
srun: launch/slurm: _step_signal: Terminating StepId=264426.37
srun: error: cmp121: task 0: Exited with exit code 124
srun: launch/slurm: _step_signal: Terminating StepId=264426.38
srun: error: cmp121: task 0: Exited with exit code 124
srun: launch/slurm: _step_signal: Terminating StepId=264426.39
srun: error: cmp121: task 0: Exited with exit code 124
srun: launch/slurm: _step_signal: Terminating StepId=264426.40
srun: error: cmp121: task 0: Exited with exit code 124
srun: launch/slurm: _step_signal: Terminating StepId=264426.41
srun: error: cmp121: task 0: Exited with exit code 124
srun: launch/slurm: _step_signal: Terminating StepId=264426.42
srun: error: cmp121: task 0: Exited with exit code 124
srun: launch/slurm: _step_signal: Terminating StepId=264426.43
srun: error: cmp121: task 0: Exited with exit code 124
srun: launch/slurm: _step_signal: Terminating StepId=264426.44
srun: error: cmp121: task 0: Exited with exit code 124
srun: launch/slurm: _step_signal: Terminating StepId=264426.45
srun: error: cmp121: task 0: Exited with exit code 124
srun: launch/slurm: _step_signal: Terminating StepId=264426.46
srun: error: cmp121: task 0: Exited with exit code 124
srun: launch/slurm: _step_signal: Terminating StepId=264426.47
srun: error: cmp121: task 0: Exited with exit code 124
srun: launch/slurm: _step_signal: Terminating StepId=264426.48
srun: error: cmp121: task 0: Exited with exit code 124
srun: launch/slurm: _step_signal: Terminating StepId=264426.49
srun: error: cmp121: task 0: Exited with exit code 124
srun: launch/slurm: _step_signal: Terminating StepId=264426.50
srun: error: cmp121: task 0: Exited with exit code 124
srun: launch/slurm: _step_signal: Terminating StepId=264426.51
srun: error: cmp121: task 0: Exited with exit code 124
srun: launch/slurm: _step_signal: Terminating StepId=264426.52
srun: error: cmp121: task 0: Exited with exit code 124
srun: launch/slurm: _step_signal: Terminating StepId=264426.53
srun: error: cmp121: task 0: Exited with exit code 124
srun: launch/slurm: _step_signal: Terminating StepId=264426.54
srun: error: cmp121: task 0: Exited with exit code 124
srun: launch/slurm: _step_signal: Terminating StepId=264426.55
srun: error: cmp121: task 0: Exited with exit code 124
srun: launch/slurm: _step_signal: Terminating StepId=264426.56
srun: error: cmp121: task 0: Exited with exit code 124
srun: launch/slurm: _step_signal: Terminating StepId=264426.57
srun: error: cmp121: task 0: Exited with exit code 124
srun: launch/slurm: _step_signal: Terminating StepId=264426.58
srun: error: cmp121: task 0: Exited with exit code 124
srun: launch/slurm: _step_signal: Terminating StepId=264426.59
srun: error: cmp121: task 0: Exited with exit code 124
srun: launch/slurm: _step_signal: Terminating StepId=264426.60
srun: error: cmp121: task 0: Exited with exit code 124
srun: launch/slurm: _step_signal: Terminating StepId=264426.62
srun: error: cmp121: task 0: Exited with exit code 1
srun: launch/slurm: _step_signal: Terminating StepId=264426.63
srun: error: cmp121: task 0: Exited with exit code 124
srun: launch/slurm: _step_signal: Terminating StepId=264426.64
srun: error: cmp121: task 0: Exited with exit code 124
srun: launch/slurm: _step_signal: Terminating StepId=264426.65
srun: error: cmp121: task 0: Exited with exit code 124
srun: launch/slurm: _step_signal: Terminating StepId=264426.66
srun: error: cmp121: task 0: Exited with exit code 124
srun: launch/slurm: _step_signal: Terminating StepId=264426.67
srun: error: cmp121: task 0: Exited with exit code 124
srun: launch/slurm: _step_signal: Terminating StepId=264426.68
srun: error: cmp121: task 0: Exited with exit code 124
srun: launch/slurm: _step_signal: Terminating StepId=264426.69
srun: error: cmp121: task 0: Exited with exit code 124
srun: launch/slurm: _step_signal: Terminating StepId=264426.70
srun: error: cmp121: task 0: Exited with exit code 124
srun: launch/slurm: _step_signal: Terminating StepId=264426.71
srun: error: cmp121: task 0: Exited with exit code 124
srun: launch/slurm: _step_signal: Terminating StepId=264426.72
srun: error: cmp121: task 0: Exited with exit code 1
srun: launch/slurm: _step_signal: Terminating StepId=264426.73
srun: error: cmp121: task 0: Exited with exit code 124
srun: launch/slurm: _step_signal: Terminating StepId=264426.74
srun: error: cmp121: task 0: Exited with exit code 124
srun: launch/slurm: _step_signal: Terminating StepId=264426.75
srun: error: cmp121: task 0: Exited with exit code 124
srun: launch/slurm: _step_signal: Terminating StepId=264426.76
srun: error: cmp121: task 0: Exited with exit code 124
srun: launch/slurm: _step_signal: Terminating StepId=264426.77
srun: error: cmp121: task 0: Exited with exit code 124
srun: launch/slurm: _step_signal: Terminating StepId=264426.78
srun: error: cmp121: task 0: Exited with exit code 124
srun: launch/slurm: _step_signal: Terminating StepId=264426.79
srun: error: cmp121: task 0: Exited with exit code 124
srun: launch/slurm: _step_signal: Terminating StepId=264426.80
srun: error: cmp121: task 0: Exited with exit code 124
srun: launch/slurm: _step_signal: Terminating StepId=264426.82
srun: error: cmp121: task 0: Exited with exit code 124
srun: launch/slurm: _step_signal: Terminating StepId=264426.84
srun: error: cmp121: task 0: Exited with exit code 124
srun: launch/slurm: _step_signal: Terminating StepId=264426.85
srun: error: cmp121: task 0: Exited with exit code 124
srun: launch/slurm: _step_signal: Terminating StepId=264426.86
srun: error: cmp121: task 0: Exited with exit code 124
srun: launch/slurm: _step_signal: Terminating StepId=264426.87
srun: error: cmp121: task 0: Exited with exit code 124
srun: launch/slurm: _step_signal: Terminating StepId=264426.88
srun: error: cmp121: task 0: Exited with exit code 124
srun: launch/slurm: _step_signal: Terminating StepId=264426.89
srun: error: cmp121: task 0: Exited with exit code 124
srun: launch/slurm: _step_signal: Terminating StepId=264426.90
srun: error: cmp121: task 0: Exited with exit code 124
srun: launch/slurm: _step_signal: Terminating StepId=264426.91
srun: error: cmp121: task 0: Exited with exit code 124
srun: launch/slurm: _step_signal: Terminating StepId=264426.92
srun: error: cmp121: task 0: Exited with exit code 124
srun: launch/slurm: _step_signal: Terminating StepId=264426.93
srun: error: cmp121: task 0: Exited with exit code 124
srun: launch/slurm: _step_signal: Terminating StepId=264426.94
srun: error: cmp121: task 0: Exited with exit code 124
srun: launch/slurm: _step_signal: Terminating StepId=264426.95
srun: error: cmp121: task 0: Exited with exit code 124
srun: launch/slurm: _step_signal: Terminating StepId=264426.96
srun: error: cmp121: task 0: Exited with exit code 124
srun: launch/slurm: _step_signal: Terminating StepId=264426.98
srun: error: cmp121: task 0: Exited with exit code 124
srun: launch/slurm: _step_signal: Terminating StepId=264426.99
srun: error: cmp121: task 0: Exited with exit code 124
srun: launch/slurm: _step_signal: Terminating StepId=264426.100
srun: error: cmp121: task 0: Exited with exit code 124
srun: launch/slurm: _step_signal: Terminating StepId=264426.101
srun: error: cmp121: task 0: Exited with exit code 124
srun: launch/slurm: _step_signal: Terminating StepId=264426.102
srun: error: cmp121: task 0: Exited with exit code 124
srun: launch/slurm: _step_signal: Terminating StepId=264426.103
srun: error: cmp121: task 0: Exited with exit code 124
srun: launch/slurm: _step_signal: Terminating StepId=264426.104
srun: error: cmp121: task 0: Exited with exit code 124
srun: launch/slurm: _step_signal: Terminating StepId=264426.105
srun: error: cmp121: task 0: Exited with exit code 124
srun: launch/slurm: _step_signal: Terminating StepId=264426.106
srun: error: cmp121: task 0: Exited with exit code 124
srun: launch/slurm: _step_signal: Terminating StepId=264426.107
srun: error: cmp121: task 0: Exited with exit code 124
srun: launch/slurm: _step_signal: Terminating StepId=264426.108
srun: error: cmp121: task 0: Exited with exit code 124
srun: launch/slurm: _step_signal: Terminating StepId=264426.109
srun: error: cmp121: task 0: Exited with exit code 124
srun: launch/slurm: _step_signal: Terminating StepId=264426.110
srun: error: cmp121: task 0: Exited with exit code 124
srun: launch/slurm: _step_signal: Terminating StepId=264426.111
srun: error: cmp121: task 0: Exited with exit code 124
srun: launch/slurm: _step_signal: Terminating StepId=264426.112
srun: error: cmp121: task 0: Exited with exit code 124
srun: launch/slurm: _step_signal: Terminating StepId=264426.114
srun: error: cmp121: task 0: Exited with exit code 124
srun: launch/slurm: _step_signal: Terminating StepId=264426.115
srun: error: cmp121: task 0: Exited with exit code 124
srun: launch/slurm: _step_signal: Terminating StepId=264426.116
srun: error: cmp121: task 0: Exited with exit code 124
srun: launch/slurm: _step_signal: Terminating StepId=264426.117
srun: error: cmp121: task 0: Exited with exit code 124
srun: launch/slurm: _step_signal: Terminating StepId=264426.118
srun: error: cmp121: task 0: Exited with exit code 124
srun: launch/slurm: _step_signal: Terminating StepId=264426.119
srun: error: cmp121: task 0: Exited with exit code 124
srun: launch/slurm: _step_signal: Terminating StepId=264426.120
srun: error: cmp121: task 0: Exited with exit code 124
srun: launch/slurm: _step_signal: Terminating StepId=264426.121
srun: error: cmp121: task 0: Exited with exit code 124
srun: launch/slurm: _step_signal: Terminating StepId=264426.122
srun: error: cmp121: task 0: Exited with exit code 124
srun: launch/slurm: _step_signal: Terminating StepId=264426.123
srun: error: cmp121: task 0: Exited with exit code 124
srun: launch/slurm: _step_signal: Terminating StepId=264426.124
srun: error: cmp121: task 0: Exited with exit code 124
srun: launch/slurm: _step_signal: Terminating StepId=264426.126
srun: error: cmp121: task 0: Exited with exit code 124
srun: launch/slurm: _step_signal: Terminating StepId=264426.127
srun: error: cmp121: task 0: Exited with exit code 124
srun: launch/slurm: _step_signal: Terminating StepId=264426.128
srun: error: cmp121: task 0: Exited with exit code 124
srun: launch/slurm: _step_signal: Terminating StepId=264426.129
srun: error: cmp121: task 0: Exited with exit code 124
srun: launch/slurm: _step_signal: Terminating StepId=264426.130
srun: error: cmp121: task 0: Exited with exit code 124
srun: launch/slurm: _step_signal: Terminating StepId=264426.131
srun: error: cmp121: task 0: Exited with exit code 124
srun: launch/slurm: _step_signal: Terminating StepId=264426.132
srun: error: cmp121: task 0: Exited with exit code 124
srun: launch/slurm: _step_signal: Terminating StepId=264426.133
srun: error: cmp121: task 0: Exited with exit code 124
srun: launch/slurm: _step_signal: Terminating StepId=264426.134
srun: error: cmp121: task 0: Exited with exit code 124
srun: launch/slurm: _step_signal: Terminating StepId=264426.135
/usr/bin/timeout: the monitored command dumped core
srun: error: cmp121: task 0: Exited with exit code 124
srun: launch/slurm: _step_signal: Terminating StepId=264426.136
srun: error: cmp121: task 0: Exited with exit code 124
srun: launch/slurm: _step_signal: Terminating StepId=264426.137
srun: error: cmp121: task 0: Exited with exit code 124
srun: launch/slurm: _step_signal: Terminating StepId=264426.138
srun: error: cmp121: task 0: Exited with exit code 124
srun: launch/slurm: _step_signal: Terminating StepId=264426.139
srun: error: cmp121: task 0: Exited with exit code 124
srun: launch/slurm: _step_signal: Terminating StepId=264426.140
srun: error: cmp121: task 0: Exited with exit code 124
srun: launch/slurm: _step_signal: Terminating StepId=264426.141
srun: error: cmp121: task 0: Exited with exit code 124
srun: launch/slurm: _step_signal: Terminating StepId=264426.142
srun: Job 264426 step creation temporarily disabled, retrying (Requested nodes are busy)
srun: Step created for job 264426
srun: error: cmp121: task 0: Exited with exit code 124
srun: launch/slurm: _step_signal: Terminating StepId=264426.144
srun: error: cmp121: task 0: Exited with exit code 124
srun: launch/slurm: _step_signal: Terminating StepId=264426.145
srun: error: cmp121: task 0: Exited with exit code 124
srun: launch/slurm: _step_signal: Terminating StepId=264426.146
srun: error: cmp121: task 0: Exited with exit code 124
srun: launch/slurm: _step_signal: Terminating StepId=264426.147
srun: error: cmp121: task 0: Exited with exit code 124
srun: launch/slurm: _step_signal: Terminating StepId=264426.148
srun: error: cmp121: task 0: Exited with exit code 124
srun: launch/slurm: _step_signal: Terminating StepId=264426.149
srun: error: cmp121: task 0: Exited with exit code 124
srun: launch/slurm: _step_signal: Terminating StepId=264426.150
srun: error: cmp121: task 0: Exited with exit code 124
srun: launch/slurm: _step_signal: Terminating StepId=264426.151
srun: error: cmp121: task 0: Exited with exit code 124
srun: launch/slurm: _step_signal: Terminating StepId=264426.152
srun: error: cmp121: task 0: Exited with exit code 124
srun: launch/slurm: _step_signal: Terminating StepId=264426.153
srun: error: cmp121: task 0: Exited with exit code 124
srun: launch/slurm: _step_signal: Terminating StepId=264426.154
srun: error: cmp121: task 0: Exited with exit code 124
srun: launch/slurm: _step_signal: Terminating StepId=264426.156
srun: error: cmp121: task 0: Exited with exit code 124
srun: launch/slurm: _step_signal: Terminating StepId=264426.157
srun: error: cmp121: task 0: Exited with exit code 124
srun: launch/slurm: _step_signal: Terminating StepId=264426.158
srun: error: cmp121: task 0: Aborted
srun: launch/slurm: _step_signal: Terminating StepId=264426.159
/usr/bin/timeout: the monitored command dumped core
srun: error: cmp121: task 0: Exited with exit code 124
srun: launch/slurm: _step_signal: Terminating StepId=264426.160
srun: error: cmp121: task 0: Exited with exit code 124
srun: launch/slurm: _step_signal: Terminating StepId=264426.161
srun: error: cmp121: task 0: Exited with exit code 124
srun: launch/slurm: _step_signal: Terminating StepId=264426.162
srun: error: cmp121: task 0: Aborted
srun: launch/slurm: _step_signal: Terminating StepId=264426.163
/usr/bin/timeout: the monitored command dumped core
srun: error: cmp121: task 0: Exited with exit code 124
srun: launch/slurm: _step_signal: Terminating StepId=264426.164
srun: error: cmp121: task 0: Aborted
srun: launch/slurm: _step_signal: Terminating StepId=264426.165
/usr/bin/timeout: the monitored command dumped core
srun: error: cmp121: task 0: Exited with exit code 124
srun: launch/slurm: _step_signal: Terminating StepId=264426.166
srun: error: cmp121: task 0: Exited with exit code 124
srun: launch/slurm: _step_signal: Terminating StepId=264426.167
srun: error: cmp121: task 0: Exited with exit code 124
srun: launch/slurm: _step_signal: Terminating StepId=264426.168
srun: error: cmp121: task 0: Exited with exit code 124
srun: launch/slurm: _step_signal: Terminating StepId=264426.169
srun: error: cmp121: task 0: Exited with exit code 124
srun: launch/slurm: _step_signal: Terminating StepId=264426.170
srun: error: cmp121: task 0: Exited with exit code 124
srun: launch/slurm: _step_signal: Terminating StepId=264426.171
srun: error: cmp121: task 0: Exited with exit code 124
srun: launch/slurm: _step_signal: Terminating StepId=264426.172
srun: error: cmp121: task 0: Aborted
srun: launch/slurm: _step_signal: Terminating StepId=264426.173
/usr/bin/timeout: the monitored command dumped core
srun: error: cmp121: task 0: Exited with exit code 124
srun: launch/slurm: _step_signal: Terminating StepId=264426.174
srun: error: cmp121: task 0: Exited with exit code 124
srun: launch/slurm: _step_signal: Terminating StepId=264426.175
srun: error: cmp121: task 0: Exited with exit code 124
srun: launch/slurm: _step_signal: Terminating StepId=264426.176
srun: error: cmp121: task 0: Exited with exit code 124
srun: launch/slurm: _step_signal: Terminating StepId=264426.177
srun: error: cmp121: task 0: Exited with exit code 124
srun: launch/slurm: _step_signal: Terminating StepId=264426.178
srun: error: cmp121: task 0: Exited with exit code 124
srun: launch/slurm: _step_signal: Terminating StepId=264426.179
srun: error: cmp121: task 0: Exited with exit code 124
srun: launch/slurm: _step_signal: Terminating StepId=264426.180
srun: error: cmp121: task 0: Exited with exit code 124
srun: launch/slurm: _step_signal: Terminating StepId=264426.181
srun: error: cmp121: task 0: Exited with exit code 124
srun: launch/slurm: _step_signal: Terminating StepId=264426.182
srun: error: cmp121: task 0: Exited with exit code 124
srun: launch/slurm: _step_signal: Terminating StepId=264426.183
srun: error: cmp121: task 0: Exited with exit code 124
srun: launch/slurm: _step_signal: Terminating StepId=264426.184
srun: error: cmp121: task 0: Exited with exit code 124
srun: launch/slurm: _step_signal: Terminating StepId=264426.186
srun: error: cmp121: task 0: Exited with exit code 124
srun: launch/slurm: _step_signal: Terminating StepId=264426.187
srun: error: cmp121: task 0: Exited with exit code 124
srun: launch/slurm: _step_signal: Terminating StepId=264426.188
srun: error: cmp121: task 0: Exited with exit code 124
srun: launch/slurm: _step_signal: Terminating StepId=264426.189
srun: error: cmp121: task 0: Exited with exit code 124
srun: launch/slurm: _step_signal: Terminating StepId=264426.190
srun: error: cmp121: task 0: Exited with exit code 124
srun: launch/slurm: _step_signal: Terminating StepId=264426.192
srun: error: cmp121: task 0: Exited with exit code 124
srun: launch/slurm: _step_signal: Terminating StepId=264426.193
srun: error: cmp121: task 0: Exited with exit code 124
srun: launch/slurm: _step_signal: Terminating StepId=264426.194
srun: error: cmp121: task 0: Exited with exit code 124
srun: launch/slurm: _step_signal: Terminating StepId=264426.195
srun: error: cmp121: task 0: Exited with exit code 124
srun: launch/slurm: _step_signal: Terminating StepId=264426.196
srun: error: cmp121: task 0: Exited with exit code 124
srun: launch/slurm: _step_signal: Terminating StepId=264426.198
srun: error: cmp121: task 0: Exited with exit code 124
srun: launch/slurm: _step_signal: Terminating StepId=264426.199
srun: error: cmp121: task 0: Exited with exit code 124
srun: launch/slurm: _step_signal: Terminating StepId=264426.200
srun: error: cmp121: task 0: Exited with exit code 124
srun: launch/slurm: _step_signal: Terminating StepId=264426.201
srun: error: cmp121: task 0: Exited with exit code 124
srun: launch/slurm: _step_signal: Terminating StepId=264426.202
srun: error: cmp121: task 0: Exited with exit code 124
srun: launch/slurm: _step_signal: Terminating StepId=264426.203
srun: error: cmp121: task 0: Exited with exit code 124
srun: launch/slurm: _step_signal: Terminating StepId=264426.204
srun: error: cmp121: task 0: Exited with exit code 124
srun: launch/slurm: _step_signal: Terminating StepId=264426.205
srun: error: cmp121: task 0: Exited with exit code 124
srun: launch/slurm: _step_signal: Terminating StepId=264426.206
srun: error: cmp121: task 0: Exited with exit code 124
srun: launch/slurm: _step_signal: Terminating StepId=264426.207
srun: error: cmp121: task 0: Exited with exit code 124
srun: launch/slurm: _step_signal: Terminating StepId=264426.208
srun: error: cmp121: task 0: Exited with exit code 124
srun: launch/slurm: _step_signal: Terminating StepId=264426.209
srun: error: cmp121: task 0: Exited with exit code 124
srun: launch/slurm: _step_signal: Terminating StepId=264426.210
srun: error: cmp121: task 0: Exited with exit code 124
srun: launch/slurm: _step_signal: Terminating StepId=264426.211
srun: error: cmp121: task 0: Exited with exit code 124
srun: launch/slurm: _step_signal: Terminating StepId=264426.212
srun: error: cmp121: task 0: Exited with exit code 124
srun: launch/slurm: _step_signal: Terminating StepId=264426.213
srun: error: cmp121: task 0: Exited with exit code 124
srun: launch/slurm: _step_signal: Terminating StepId=264426.214
srun: error: cmp121: task 0: Exited with exit code 124
srun: launch/slurm: _step_signal: Terminating StepId=264426.215
srun: error: cmp121: task 0: Exited with exit code 124
srun: launch/slurm: _step_signal: Terminating StepId=264426.216
srun: error: cmp121: task 0: Exited with exit code 124
srun: launch/slurm: _step_signal: Terminating StepId=264426.217
srun: error: cmp121: task 0: Exited with exit code 124
srun: launch/slurm: _step_signal: Terminating StepId=264426.218
srun: error: cmp121: task 0: Exited with exit code 124
srun: launch/slurm: _step_signal: Terminating StepId=264426.219
srun: error: cmp121: task 0: Exited with exit code 124
srun: launch/slurm: _step_signal: Terminating StepId=264426.220
srun: error: cmp121: task 0: Exited with exit code 124
srun: launch/slurm: _step_signal: Terminating StepId=264426.221
srun: error: cmp121: task 0: Exited with exit code 124
srun: launch/slurm: _step_signal: Terminating StepId=264426.222
srun: error: cmp121: task 0: Exited with exit code 124
srun: launch/slurm: _step_signal: Terminating StepId=264426.223
srun: error: cmp121: task 0: Exited with exit code 124
srun: launch/slurm: _step_signal: Terminating StepId=264426.224
srun: error: cmp121: task 0: Exited with exit code 124
srun: launch/slurm: _step_signal: Terminating StepId=264426.226
srun: error: cmp121: task 0: Exited with exit code 124
srun: launch/slurm: _step_signal: Terminating StepId=264426.228
srun: error: cmp121: task 0: Exited with exit code 124
srun: launch/slurm: _step_signal: Terminating StepId=264426.229
srun: error: cmp121: task 0: Exited with exit code 124
srun: launch/slurm: _step_signal: Terminating StepId=264426.230
srun: error: cmp121: task 0: Exited with exit code 124
srun: launch/slurm: _step_signal: Terminating StepId=264426.231
srun: error: cmp121: task 0: Exited with exit code 124
srun: launch/slurm: _step_signal: Terminating StepId=264426.232
srun: error: cmp121: task 0: Exited with exit code 124
srun: launch/slurm: _step_signal: Terminating StepId=264426.233
srun: error: cmp121: task 0: Exited with exit code 124
srun: launch/slurm: _step_signal: Terminating StepId=264426.234
srun: error: cmp121: task 0: Exited with exit code 124
srun: launch/slurm: _step_signal: Terminating StepId=264426.235
srun: error: cmp121: task 0: Exited with exit code 124
srun: launch/slurm: _step_signal: Terminating StepId=264426.236
srun: error: cmp121: task 0: Exited with exit code 124
srun: launch/slurm: _step_signal: Terminating StepId=264426.238
srun: error: cmp121: task 0: Exited with exit code 124
srun: launch/slurm: _step_signal: Terminating StepId=264426.239
