srun: error: cmp121: task 0: Exited with exit code 124
srun: launch/slurm: _step_signal: Terminating StepId=264425.0
srun: error: cmp121: task 0: Exited with exit code 124
srun: launch/slurm: _step_signal: Terminating StepId=264425.1
srun: error: cmp121: task 0: Exited with exit code 124
srun: launch/slurm: _step_signal: Terminating StepId=264425.2
srun: error: cmp121: task 0: Exited with exit code 124
srun: launch/slurm: _step_signal: Terminating StepId=264425.3
srun: error: cmp121: task 0: Exited with exit code 124
srun: launch/slurm: _step_signal: Terminating StepId=264425.4
srun: error: cmp121: task 0: Exited with exit code 124
srun: launch/slurm: _step_signal: Terminating StepId=264425.5
srun: error: cmp121: task 0: Exited with exit code 124
srun: launch/slurm: _step_signal: Terminating StepId=264425.6
srun: error: cmp121: task 0: Exited with exit code 124
srun: launch/slurm: _step_signal: Terminating StepId=264425.7
srun: error: cmp121: task 0: Exited with exit code 124
srun: launch/slurm: _step_signal: Terminating StepId=264425.8
srun: error: cmp121: task 0: Exited with exit code 124
srun: launch/slurm: _step_signal: Terminating StepId=264425.9
srun: error: cmp121: task 0: Exited with exit code 124
srun: launch/slurm: _step_signal: Terminating StepId=264425.10
srun: error: cmp121: task 0: Exited with exit code 124
srun: launch/slurm: _step_signal: Terminating StepId=264425.11
srun: error: cmp121: task 0: Exited with exit code 124
srun: launch/slurm: _step_signal: Terminating StepId=264425.12
srun: error: cmp121: task 0: Exited with exit code 124
srun: launch/slurm: _step_signal: Terminating StepId=264425.13
srun: error: cmp121: task 0: Exited with exit code 124
srun: launch/slurm: _step_signal: Terminating StepId=264425.14
srun: error: cmp121: task 0: Exited with exit code 124
srun: launch/slurm: _step_signal: Terminating StepId=264425.15
srun: error: cmp121: task 0: Exited with exit code 124
srun: launch/slurm: _step_signal: Terminating StepId=264425.16
srun: error: cmp121: task 0: Exited with exit code 124
srun: launch/slurm: _step_signal: Terminating StepId=264425.17
srun: error: cmp121: task 0: Exited with exit code 124
srun: launch/slurm: _step_signal: Terminating StepId=264425.18
srun: error: cmp121: task 0: Exited with exit code 124
srun: launch/slurm: _step_signal: Terminating StepId=264425.19
srun: error: cmp121: task 0: Exited with exit code 124
srun: launch/slurm: _step_signal: Terminating StepId=264425.20
srun: error: cmp121: task 0: Exited with exit code 124
srun: launch/slurm: _step_signal: Terminating StepId=264425.21
srun: error: cmp121: task 0: Exited with exit code 124
srun: launch/slurm: _step_signal: Terminating StepId=264425.22
srun: error: cmp121: task 0: Exited with exit code 124
srun: launch/slurm: _step_signal: Terminating StepId=264425.23
srun: error: cmp121: task 0: Exited with exit code 124
srun: launch/slurm: _step_signal: Terminating StepId=264425.24
srun: error: cmp121: task 0: Exited with exit code 124
srun: launch/slurm: _step_signal: Terminating StepId=264425.25
srun: error: cmp121: task 0: Exited with exit code 124
srun: launch/slurm: _step_signal: Terminating StepId=264425.26
srun: error: cmp121: task 0: Exited with exit code 124
srun: launch/slurm: _step_signal: Terminating StepId=264425.27
srun: error: cmp121: task 0: Exited with exit code 124
srun: launch/slurm: _step_signal: Terminating StepId=264425.28
srun: error: cmp121: task 0: Exited with exit code 124
srun: launch/slurm: _step_signal: Terminating StepId=264425.29
srun: error: cmp121: task 0: Exited with exit code 124
srun: launch/slurm: _step_signal: Terminating StepId=264425.30
srun: error: cmp121: task 0: Exited with exit code 124
srun: launch/slurm: _step_signal: Terminating StepId=264425.31
srun: error: cmp121: task 0: Exited with exit code 124
srun: launch/slurm: _step_signal: Terminating StepId=264425.32
srun: error: cmp121: task 0: Exited with exit code 124
srun: launch/slurm: _step_signal: Terminating StepId=264425.33
srun: error: cmp121: task 0: Exited with exit code 124
srun: launch/slurm: _step_signal: Terminating StepId=264425.34
srun: error: cmp121: task 0: Exited with exit code 124
srun: launch/slurm: _step_signal: Terminating StepId=264425.35
srun: error: cmp121: task 0: Exited with exit code 124
srun: launch/slurm: _step_signal: Terminating StepId=264425.36
srun: error: cmp121: task 0: Exited with exit code 124
srun: launch/slurm: _step_signal: Terminating StepId=264425.37
srun: error: cmp121: task 0: Exited with exit code 124
srun: launch/slurm: _step_signal: Terminating StepId=264425.38
srun: error: cmp121: task 0: Exited with exit code 124
srun: launch/slurm: _step_signal: Terminating StepId=264425.39
srun: error: cmp121: task 0: Exited with exit code 124
srun: launch/slurm: _step_signal: Terminating StepId=264425.40
srun: error: cmp121: task 0: Exited with exit code 124
srun: launch/slurm: _step_signal: Terminating StepId=264425.41
srun: error: cmp121: task 0: Exited with exit code 124
srun: launch/slurm: _step_signal: Terminating StepId=264425.42
srun: error: cmp121: task 0: Exited with exit code 124
srun: launch/slurm: _step_signal: Terminating StepId=264425.43
srun: error: cmp121: task 0: Exited with exit code 124
srun: launch/slurm: _step_signal: Terminating StepId=264425.44
srun: error: cmp121: task 0: Exited with exit code 124
srun: launch/slurm: _step_signal: Terminating StepId=264425.45
srun: error: cmp121: task 0: Exited with exit code 124
srun: launch/slurm: _step_signal: Terminating StepId=264425.46
srun: error: cmp121: task 0: Exited with exit code 124
srun: launch/slurm: _step_signal: Terminating StepId=264425.47
srun: error: cmp121: task 0: Exited with exit code 124
srun: launch/slurm: _step_signal: Terminating StepId=264425.48
srun: error: cmp121: task 0: Exited with exit code 124
srun: launch/slurm: _step_signal: Terminating StepId=264425.49
srun: error: cmp121: task 0: Exited with exit code 124
srun: launch/slurm: _step_signal: Terminating StepId=264425.50
srun: error: cmp121: task 0: Exited with exit code 124
srun: launch/slurm: _step_signal: Terminating StepId=264425.51
srun: error: cmp121: task 0: Exited with exit code 124
srun: launch/slurm: _step_signal: Terminating StepId=264425.52
srun: error: cmp121: task 0: Exited with exit code 124
srun: launch/slurm: _step_signal: Terminating StepId=264425.53
srun: error: cmp121: task 0: Exited with exit code 124
srun: launch/slurm: _step_signal: Terminating StepId=264425.54
srun: error: cmp121: task 0: Exited with exit code 124
srun: launch/slurm: _step_signal: Terminating StepId=264425.55
srun: error: cmp121: task 0: Exited with exit code 124
srun: launch/slurm: _step_signal: Terminating StepId=264425.56
srun: error: cmp121: task 0: Exited with exit code 124
srun: launch/slurm: _step_signal: Terminating StepId=264425.57
srun: error: cmp121: task 0: Exited with exit code 124
srun: launch/slurm: _step_signal: Terminating StepId=264425.58
srun: error: cmp121: task 0: Exited with exit code 124
srun: launch/slurm: _step_signal: Terminating StepId=264425.60
srun: error: cmp121: task 0: Exited with exit code 124
srun: launch/slurm: _step_signal: Terminating StepId=264425.61
srun: error: cmp121: task 0: Exited with exit code 124
srun: launch/slurm: _step_signal: Terminating StepId=264425.62
srun: error: cmp121: task 0: Exited with exit code 124
srun: launch/slurm: _step_signal: Terminating StepId=264425.63
srun: error: cmp121: task 0: Exited with exit code 124
srun: launch/slurm: _step_signal: Terminating StepId=264425.64
srun: error: cmp121: task 0: Exited with exit code 124
srun: launch/slurm: _step_signal: Terminating StepId=264425.65
srun: error: cmp121: task 0: Exited with exit code 124
srun: launch/slurm: _step_signal: Terminating StepId=264425.66
srun: error: cmp121: task 0: Exited with exit code 124
srun: launch/slurm: _step_signal: Terminating StepId=264425.67
srun: error: cmp121: task 0: Exited with exit code 124
srun: launch/slurm: _step_signal: Terminating StepId=264425.68
srun: error: cmp121: task 0: Exited with exit code 124
srun: launch/slurm: _step_signal: Terminating StepId=264425.69
srun: error: cmp121: task 0: Exited with exit code 124
srun: launch/slurm: _step_signal: Terminating StepId=264425.70
srun: error: cmp121: task 0: Exited with exit code 124
srun: launch/slurm: _step_signal: Terminating StepId=264425.71
/usr/bin/timeout: the monitored command dumped core
srun: error: cmp121: task 0: Exited with exit code 124
srun: launch/slurm: _step_signal: Terminating StepId=264425.72
srun: error: cmp121: task 0: Exited with exit code 124
srun: launch/slurm: _step_signal: Terminating StepId=264425.73
srun: error: cmp121: task 0: Exited with exit code 124
srun: launch/slurm: _step_signal: Terminating StepId=264425.74
srun: error: cmp121: task 0: Exited with exit code 124
srun: launch/slurm: _step_signal: Terminating StepId=264425.75
srun: error: cmp121: task 0: Exited with exit code 124
srun: launch/slurm: _step_signal: Terminating StepId=264425.76
srun: error: cmp121: task 0: Exited with exit code 124
srun: launch/slurm: _step_signal: Terminating StepId=264425.77
srun: error: cmp121: task 0: Exited with exit code 124
srun: launch/slurm: _step_signal: Terminating StepId=264425.78
srun: error: cmp121: task 0: Exited with exit code 124
srun: launch/slurm: _step_signal: Terminating StepId=264425.79
srun: error: cmp121: task 0: Exited with exit code 124
srun: launch/slurm: _step_signal: Terminating StepId=264425.80
srun: error: cmp121: task 0: Exited with exit code 124
srun: launch/slurm: _step_signal: Terminating StepId=264425.81
srun: error: cmp121: task 0: Exited with exit code 124
srun: launch/slurm: _step_signal: Terminating StepId=264425.82
srun: error: cmp121: task 0: Exited with exit code 124
srun: launch/slurm: _step_signal: Terminating StepId=264425.83
srun: error: cmp121: task 0: Exited with exit code 124
srun: launch/slurm: _step_signal: Terminating StepId=264425.84
srun: error: cmp121: task 0: Exited with exit code 124
srun: launch/slurm: _step_signal: Terminating StepId=264425.85
srun: error: cmp121: task 0: Exited with exit code 124
srun: launch/slurm: _step_signal: Terminating StepId=264425.86
srun: error: cmp121: task 0: Exited with exit code 124
srun: launch/slurm: _step_signal: Terminating StepId=264425.87
srun: error: cmp121: task 0: Exited with exit code 124
srun: launch/slurm: _step_signal: Terminating StepId=264425.88
srun: error: cmp121: task 0: Exited with exit code 124
srun: launch/slurm: _step_signal: Terminating StepId=264425.89
srun: error: cmp121: task 0: Exited with exit code 124
srun: launch/slurm: _step_signal: Terminating StepId=264425.90
srun: error: cmp121: task 0: Exited with exit code 124
srun: launch/slurm: _step_signal: Terminating StepId=264425.91
srun: error: cmp121: task 0: Exited with exit code 124
srun: launch/slurm: _step_signal: Terminating StepId=264425.92
srun: error: cmp121: task 0: Exited with exit code 124
srun: launch/slurm: _step_signal: Terminating StepId=264425.93
srun: error: cmp121: task 0: Exited with exit code 124
srun: launch/slurm: _step_signal: Terminating StepId=264425.94
srun: error: cmp121: task 0: Exited with exit code 124
srun: launch/slurm: _step_signal: Terminating StepId=264425.95
srun: error: cmp121: task 0: Exited with exit code 124
srun: launch/slurm: _step_signal: Terminating StepId=264425.96
srun: error: cmp121: task 0: Exited with exit code 124
srun: launch/slurm: _step_signal: Terminating StepId=264425.97
srun: error: cmp121: task 0: Exited with exit code 124
srun: launch/slurm: _step_signal: Terminating StepId=264425.98
srun: error: cmp121: task 0: Exited with exit code 124
srun: launch/slurm: _step_signal: Terminating StepId=264425.99
srun: error: cmp121: task 0: Exited with exit code 124
srun: launch/slurm: _step_signal: Terminating StepId=264425.100
srun: error: cmp121: task 0: Exited with exit code 124
srun: launch/slurm: _step_signal: Terminating StepId=264425.101
srun: error: cmp121: task 0: Exited with exit code 124
srun: launch/slurm: _step_signal: Terminating StepId=264425.102
srun: error: cmp121: task 0: Exited with exit code 124
srun: launch/slurm: _step_signal: Terminating StepId=264425.103
srun: error: cmp121: task 0: Exited with exit code 124
srun: launch/slurm: _step_signal: Terminating StepId=264425.104
srun: error: cmp121: task 0: Exited with exit code 124
srun: launch/slurm: _step_signal: Terminating StepId=264425.105
srun: error: cmp121: task 0: Exited with exit code 124
srun: launch/slurm: _step_signal: Terminating StepId=264425.106
srun: error: cmp121: task 0: Exited with exit code 124
srun: launch/slurm: _step_signal: Terminating StepId=264425.107
srun: error: cmp121: task 0: Exited with exit code 124
srun: launch/slurm: _step_signal: Terminating StepId=264425.108
srun: error: cmp121: task 0: Exited with exit code 124
srun: launch/slurm: _step_signal: Terminating StepId=264425.109
srun: error: cmp121: task 0: Exited with exit code 124
srun: launch/slurm: _step_signal: Terminating StepId=264425.110
srun: error: cmp121: task 0: Exited with exit code 124
srun: launch/slurm: _step_signal: Terminating StepId=264425.111
srun: error: cmp121: task 0: Exited with exit code 124
srun: launch/slurm: _step_signal: Terminating StepId=264425.112
srun: error: cmp121: task 0: Exited with exit code 124
srun: launch/slurm: _step_signal: Terminating StepId=264425.113
srun: error: cmp121: task 0: Exited with exit code 124
srun: launch/slurm: _step_signal: Terminating StepId=264425.114
srun: error: cmp121: task 0: Exited with exit code 124
srun: launch/slurm: _step_signal: Terminating StepId=264425.115
srun: error: cmp121: task 0: Exited with exit code 124
srun: launch/slurm: _step_signal: Terminating StepId=264425.116
srun: error: cmp121: task 0: Exited with exit code 124
srun: launch/slurm: _step_signal: Terminating StepId=264425.117
srun: error: cmp121: task 0: Exited with exit code 124
srun: launch/slurm: _step_signal: Terminating StepId=264425.118
srun: error: cmp121: task 0: Exited with exit code 124
srun: launch/slurm: _step_signal: Terminating StepId=264425.119
srun: error: cmp121: task 0: Exited with exit code 124
srun: launch/slurm: _step_signal: Terminating StepId=264425.120
srun: error: cmp121: task 0: Exited with exit code 124
srun: launch/slurm: _step_signal: Terminating StepId=264425.121
srun: error: cmp121: task 0: Exited with exit code 124
srun: launch/slurm: _step_signal: Terminating StepId=264425.122
srun: error: cmp121: task 0: Exited with exit code 124
srun: launch/slurm: _step_signal: Terminating StepId=264425.124
srun: error: cmp121: task 0: Exited with exit code 124
srun: launch/slurm: _step_signal: Terminating StepId=264425.125
srun: error: cmp121: task 0: Exited with exit code 124
srun: launch/slurm: _step_signal: Terminating StepId=264425.126
srun: error: cmp121: task 0: Exited with exit code 124
srun: launch/slurm: _step_signal: Terminating StepId=264425.128
srun: error: cmp121: task 0: Exited with exit code 124
srun: launch/slurm: _step_signal: Terminating StepId=264425.129
srun: error: cmp121: task 0: Exited with exit code 124
srun: launch/slurm: _step_signal: Terminating StepId=264425.130
srun: error: cmp121: task 0: Exited with exit code 124
srun: launch/slurm: _step_signal: Terminating StepId=264425.131
srun: error: cmp121: task 0: Exited with exit code 124
srun: launch/slurm: _step_signal: Terminating StepId=264425.132
srun: error: cmp121: task 0: Exited with exit code 124
srun: launch/slurm: _step_signal: Terminating StepId=264425.133
srun: error: cmp121: task 0: Exited with exit code 124
srun: launch/slurm: _step_signal: Terminating StepId=264425.134
srun: error: cmp121: task 0: Exited with exit code 124
srun: launch/slurm: _step_signal: Terminating StepId=264425.135
srun: error: cmp121: task 0: Exited with exit code 124
srun: launch/slurm: _step_signal: Terminating StepId=264425.136
srun: error: cmp121: task 0: Exited with exit code 124
srun: launch/slurm: _step_signal: Terminating StepId=264425.137
srun: error: cmp121: task 0: Exited with exit code 124
srun: launch/slurm: _step_signal: Terminating StepId=264425.138
srun: error: cmp121: task 0: Exited with exit code 124
srun: launch/slurm: _step_signal: Terminating StepId=264425.139
srun: error: cmp121: task 0: Exited with exit code 124
srun: launch/slurm: _step_signal: Terminating StepId=264425.140
srun: error: cmp121: task 0: Exited with exit code 124
srun: launch/slurm: _step_signal: Terminating StepId=264425.141
srun: error: cmp121: task 0: Exited with exit code 124
srun: launch/slurm: _step_signal: Terminating StepId=264425.142
srun: error: cmp121: task 0: Exited with exit code 124
srun: launch/slurm: _step_signal: Terminating StepId=264425.143
srun: error: cmp121: task 0: Exited with exit code 124
srun: launch/slurm: _step_signal: Terminating StepId=264425.144
srun: error: cmp121: task 0: Exited with exit code 124
srun: launch/slurm: _step_signal: Terminating StepId=264425.145
srun: error: cmp121: task 0: Exited with exit code 124
srun: launch/slurm: _step_signal: Terminating StepId=264425.146
srun: error: cmp121: task 0: Exited with exit code 124
srun: launch/slurm: _step_signal: Terminating StepId=264425.147
srun: error: cmp121: task 0: Exited with exit code 124
srun: launch/slurm: _step_signal: Terminating StepId=264425.148
srun: error: cmp121: task 0: Exited with exit code 124
srun: launch/slurm: _step_signal: Terminating StepId=264425.149
srun: error: cmp121: task 0: Exited with exit code 124
srun: launch/slurm: _step_signal: Terminating StepId=264425.150
srun: error: cmp121: task 0: Exited with exit code 124
srun: launch/slurm: _step_signal: Terminating StepId=264425.151
srun: error: cmp121: task 0: Exited with exit code 124
srun: launch/slurm: _step_signal: Terminating StepId=264425.152
srun: error: cmp121: task 0: Exited with exit code 124
srun: launch/slurm: _step_signal: Terminating StepId=264425.153
srun: error: cmp121: task 0: Exited with exit code 124
srun: launch/slurm: _step_signal: Terminating StepId=264425.154
srun: error: cmp121: task 0: Exited with exit code 124
srun: launch/slurm: _step_signal: Terminating StepId=264425.155
srun: error: cmp121: task 0: Exited with exit code 124
srun: launch/slurm: _step_signal: Terminating StepId=264425.156
srun: error: cmp121: task 0: Exited with exit code 124
srun: launch/slurm: _step_signal: Terminating StepId=264425.157
srun: error: cmp121: task 0: Exited with exit code 124
srun: launch/slurm: _step_signal: Terminating StepId=264425.158
srun: error: cmp121: task 0: Exited with exit code 124
srun: launch/slurm: _step_signal: Terminating StepId=264425.159
srun: error: cmp121: task 0: Exited with exit code 124
srun: launch/slurm: _step_signal: Terminating StepId=264425.160
srun: error: cmp121: task 0: Exited with exit code 1
srun: launch/slurm: _step_signal: Terminating StepId=264425.161
srun: error: cmp121: task 0: Exited with exit code 124
srun: launch/slurm: _step_signal: Terminating StepId=264425.162
srun: error: cmp121: task 0: Exited with exit code 124
srun: launch/slurm: _step_signal: Terminating StepId=264425.163
srun: error: cmp121: task 0: Exited with exit code 124
srun: launch/slurm: _step_signal: Terminating StepId=264425.164
srun: error: cmp121: task 0: Exited with exit code 124
srun: launch/slurm: _step_signal: Terminating StepId=264425.165
srun: error: cmp121: task 0: Exited with exit code 124
srun: launch/slurm: _step_signal: Terminating StepId=264425.166
srun: error: cmp121: task 0: Exited with exit code 124
srun: launch/slurm: _step_signal: Terminating StepId=264425.167
srun: error: cmp121: task 0: Exited with exit code 124
srun: launch/slurm: _step_signal: Terminating StepId=264425.168
srun: error: cmp121: task 0: Exited with exit code 124
srun: launch/slurm: _step_signal: Terminating StepId=264425.169
srun: error: cmp121: task 0: Exited with exit code 124
srun: launch/slurm: _step_signal: Terminating StepId=264425.170
srun: error: cmp121: task 0: Exited with exit code 124
srun: launch/slurm: _step_signal: Terminating StepId=264425.171
srun: error: cmp121: task 0: Exited with exit code 124
srun: launch/slurm: _step_signal: Terminating StepId=264425.172
srun: error: cmp121: task 0: Exited with exit code 124
srun: launch/slurm: _step_signal: Terminating StepId=264425.174
srun: error: cmp121: task 0: Exited with exit code 124
srun: launch/slurm: _step_signal: Terminating StepId=264425.175
srun: error: cmp121: task 0: Exited with exit code 124
srun: launch/slurm: _step_signal: Terminating StepId=264425.176
srun: error: cmp121: task 0: Exited with exit code 124
srun: launch/slurm: _step_signal: Terminating StepId=264425.177
srun: error: cmp121: task 0: Exited with exit code 124
srun: launch/slurm: _step_signal: Terminating StepId=264425.178
srun: error: cmp121: task 0: Exited with exit code 124
srun: launch/slurm: _step_signal: Terminating StepId=264425.179
srun: error: cmp121: task 0: Exited with exit code 124
srun: launch/slurm: _step_signal: Terminating StepId=264425.180
srun: error: cmp121: task 0: Exited with exit code 124
srun: launch/slurm: _step_signal: Terminating StepId=264425.181
srun: error: cmp121: task 0: Exited with exit code 124
srun: launch/slurm: _step_signal: Terminating StepId=264425.182
srun: error: cmp121: task 0: Aborted
srun: launch/slurm: _step_signal: Terminating StepId=264425.183
/usr/bin/timeout: the monitored command dumped core
srun: error: cmp121: task 0: Exited with exit code 124
srun: launch/slurm: _step_signal: Terminating StepId=264425.184
srun: error: cmp121: task 0: Exited with exit code 124
srun: launch/slurm: _step_signal: Terminating StepId=264425.185
srun: error: cmp121: task 0: Exited with exit code 124
srun: launch/slurm: _step_signal: Terminating StepId=264425.186
srun: error: cmp121: task 0: Exited with exit code 124
srun: launch/slurm: _step_signal: Terminating StepId=264425.187
srun: error: cmp121: task 0: Exited with exit code 124
srun: launch/slurm: _step_signal: Terminating StepId=264425.188
srun: error: cmp121: task 0: Exited with exit code 124
srun: launch/slurm: _step_signal: Terminating StepId=264425.189
srun: error: cmp121: task 0: Exited with exit code 124
srun: launch/slurm: _step_signal: Terminating StepId=264425.190
srun: error: cmp121: task 0: Exited with exit code 124
srun: launch/slurm: _step_signal: Terminating StepId=264425.191
srun: error: cmp121: task 0: Exited with exit code 124
srun: launch/slurm: _step_signal: Terminating StepId=264425.192
srun: error: cmp121: task 0: Exited with exit code 124
srun: launch/slurm: _step_signal: Terminating StepId=264425.193
srun: error: cmp121: task 0: Exited with exit code 124
srun: launch/slurm: _step_signal: Terminating StepId=264425.194
srun: error: cmp121: task 0: Aborted
srun: launch/slurm: _step_signal: Terminating StepId=264425.195
/usr/bin/timeout: the monitored command dumped core
srun: error: cmp121: task 0: Exited with exit code 124
srun: launch/slurm: _step_signal: Terminating StepId=264425.196
srun: error: cmp121: task 0: Exited with exit code 124
srun: launch/slurm: _step_signal: Terminating StepId=264425.198
srun: error: cmp121: task 0: Exited with exit code 124
srun: launch/slurm: _step_signal: Terminating StepId=264425.199
srun: error: cmp121: task 0: Exited with exit code 124
srun: launch/slurm: _step_signal: Terminating StepId=264425.200
srun: error: cmp121: task 0: Exited with exit code 124
srun: launch/slurm: _step_signal: Terminating StepId=264425.201
srun: error: cmp121: task 0: Exited with exit code 124
srun: launch/slurm: _step_signal: Terminating StepId=264425.202
srun: error: cmp121: task 0: Exited with exit code 124
srun: launch/slurm: _step_signal: Terminating StepId=264425.203
srun: error: cmp121: task 0: Exited with exit code 124
srun: launch/slurm: _step_signal: Terminating StepId=264425.204
srun: error: cmp121: task 0: Exited with exit code 124
srun: launch/slurm: _step_signal: Terminating StepId=264425.205
srun: error: cmp121: task 0: Exited with exit code 124
srun: launch/slurm: _step_signal: Terminating StepId=264425.206
srun: error: cmp121: task 0: Exited with exit code 124
srun: launch/slurm: _step_signal: Terminating StepId=264425.207
srun: error: cmp121: task 0: Exited with exit code 124
srun: launch/slurm: _step_signal: Terminating StepId=264425.208
srun: error: cmp121: task 0: Exited with exit code 124
srun: launch/slurm: _step_signal: Terminating StepId=264425.210
srun: error: cmp121: task 0: Exited with exit code 124
srun: launch/slurm: _step_signal: Terminating StepId=264425.211
srun: error: cmp121: task 0: Exited with exit code 124
srun: launch/slurm: _step_signal: Terminating StepId=264425.212
srun: error: cmp121: task 0: Exited with exit code 124
srun: launch/slurm: _step_signal: Terminating StepId=264425.213
srun: error: cmp121: task 0: Exited with exit code 124
srun: launch/slurm: _step_signal: Terminating StepId=264425.214
srun: error: cmp121: task 0: Exited with exit code 124
srun: launch/slurm: _step_signal: Terminating StepId=264425.215
srun: error: cmp121: task 0: Exited with exit code 124
srun: launch/slurm: _step_signal: Terminating StepId=264425.216
srun: error: cmp121: task 0: Exited with exit code 1
srun: launch/slurm: _step_signal: Terminating StepId=264425.217
srun: error: cmp121: task 0: Exited with exit code 124
srun: launch/slurm: _step_signal: Terminating StepId=264425.218
srun: error: cmp121: task 0: Exited with exit code 124
srun: launch/slurm: _step_signal: Terminating StepId=264425.219
srun: error: cmp121: task 0: Exited with exit code 124
srun: launch/slurm: _step_signal: Terminating StepId=264425.220
srun: error: cmp121: task 0: Exited with exit code 124
srun: launch/slurm: _step_signal: Terminating StepId=264425.221
srun: error: cmp121: task 0: Exited with exit code 124
srun: launch/slurm: _step_signal: Terminating StepId=264425.222
srun: error: cmp121: task 0: Exited with exit code 124
srun: launch/slurm: _step_signal: Terminating StepId=264425.224
srun: error: cmp121: task 0: Exited with exit code 124
srun: launch/slurm: _step_signal: Terminating StepId=264425.225
srun: error: cmp121: task 0: Exited with exit code 124
srun: launch/slurm: _step_signal: Terminating StepId=264425.226
srun: error: cmp121: task 0: Exited with exit code 124
srun: launch/slurm: _step_signal: Terminating StepId=264425.227
srun: error: cmp121: task 0: Exited with exit code 124
srun: launch/slurm: _step_signal: Terminating StepId=264425.228
srun: error: cmp121: task 0: Exited with exit code 124
srun: launch/slurm: _step_signal: Terminating StepId=264425.230
srun: error: cmp121: task 0: Exited with exit code 124
srun: launch/slurm: _step_signal: Terminating StepId=264425.231
srun: error: cmp121: task 0: Exited with exit code 124
srun: launch/slurm: _step_signal: Terminating StepId=264425.232
srun: error: cmp121: task 0: Exited with exit code 124
srun: launch/slurm: _step_signal: Terminating StepId=264425.233
srun: Job 264425 step creation temporarily disabled, retrying (Requested nodes are busy)
srun: Step created for job 264425
srun: error: cmp121: task 0: Exited with exit code 124
srun: launch/slurm: _step_signal: Terminating StepId=264425.234
srun: error: cmp121: task 0: Exited with exit code 124
srun: launch/slurm: _step_signal: Terminating StepId=264425.235
srun: error: cmp121: task 0: Exited with exit code 124
srun: launch/slurm: _step_signal: Terminating StepId=264425.236
srun: error: cmp121: task 0: Exited with exit code 124
srun: launch/slurm: _step_signal: Terminating StepId=264425.238
srun: error: cmp121: task 0: Exited with exit code 124
srun: launch/slurm: _step_signal: Terminating StepId=264425.239
