srun: error: cmp196: task 0: Exited with exit code 124
srun: launch/slurm: _step_signal: Terminating StepId=264341.0
srun: error: cmp196: task 0: Exited with exit code 124
srun: launch/slurm: _step_signal: Terminating StepId=264341.1
srun: error: cmp196: task 0: Exited with exit code 124
srun: launch/slurm: _step_signal: Terminating StepId=264341.2
srun: error: cmp196: task 0: Exited with exit code 124
srun: launch/slurm: _step_signal: Terminating StepId=264341.3
srun: error: cmp196: task 0: Exited with exit code 124
srun: launch/slurm: _step_signal: Terminating StepId=264341.4
srun: error: cmp196: task 0: Exited with exit code 124
srun: launch/slurm: _step_signal: Terminating StepId=264341.5
srun: error: cmp196: task 0: Exited with exit code 124
srun: launch/slurm: _step_signal: Terminating StepId=264341.6
srun: error: cmp196: task 0: Exited with exit code 124
srun: launch/slurm: _step_signal: Terminating StepId=264341.7
srun: error: cmp196: task 0: Exited with exit code 124
srun: launch/slurm: _step_signal: Terminating StepId=264341.8
srun: error: cmp196: task 0: Exited with exit code 124
srun: launch/slurm: _step_signal: Terminating StepId=264341.9
srun: error: cmp196: task 0: Exited with exit code 124
srun: launch/slurm: _step_signal: Terminating StepId=264341.10
srun: error: cmp196: task 0: Exited with exit code 124
srun: launch/slurm: _step_signal: Terminating StepId=264341.11
srun: error: cmp196: task 0: Exited with exit code 124
srun: launch/slurm: _step_signal: Terminating StepId=264341.12
srun: error: cmp196: task 0: Exited with exit code 124
srun: launch/slurm: _step_signal: Terminating StepId=264341.13
srun: error: cmp196: task 0: Exited with exit code 124
srun: launch/slurm: _step_signal: Terminating StepId=264341.14
srun: error: cmp196: task 0: Exited with exit code 124
srun: launch/slurm: _step_signal: Terminating StepId=264341.15
srun: error: cmp196: task 0: Exited with exit code 124
srun: launch/slurm: _step_signal: Terminating StepId=264341.16
srun: error: cmp196: task 0: Exited with exit code 124
srun: launch/slurm: _step_signal: Terminating StepId=264341.17
srun: error: cmp196: task 0: Exited with exit code 124
srun: launch/slurm: _step_signal: Terminating StepId=264341.18
srun: error: cmp196: task 0: Exited with exit code 124
srun: launch/slurm: _step_signal: Terminating StepId=264341.19
srun: error: cmp196: task 0: Exited with exit code 124
srun: launch/slurm: _step_signal: Terminating StepId=264341.20
srun: error: cmp196: task 0: Exited with exit code 124
srun: launch/slurm: _step_signal: Terminating StepId=264341.21
srun: error: cmp196: task 0: Exited with exit code 124
srun: launch/slurm: _step_signal: Terminating StepId=264341.22
srun: error: cmp196: task 0: Exited with exit code 124
srun: launch/slurm: _step_signal: Terminating StepId=264341.23
srun: error: cmp196: task 0: Exited with exit code 124
srun: launch/slurm: _step_signal: Terminating StepId=264341.24
srun: error: cmp196: task 0: Exited with exit code 124
srun: launch/slurm: _step_signal: Terminating StepId=264341.25
srun: error: cmp196: task 0: Exited with exit code 124
srun: launch/slurm: _step_signal: Terminating StepId=264341.26
srun: error: cmp196: task 0: Exited with exit code 124
srun: launch/slurm: _step_signal: Terminating StepId=264341.27
srun: error: cmp196: task 0: Exited with exit code 124
srun: launch/slurm: _step_signal: Terminating StepId=264341.28
srun: error: cmp196: task 0: Exited with exit code 124
srun: launch/slurm: _step_signal: Terminating StepId=264341.29
srun: error: cmp196: task 0: Exited with exit code 124
srun: launch/slurm: _step_signal: Terminating StepId=264341.30
srun: error: cmp196: task 0: Exited with exit code 124
srun: launch/slurm: _step_signal: Terminating StepId=264341.31
srun: error: cmp196: task 0: Exited with exit code 124
srun: launch/slurm: _step_signal: Terminating StepId=264341.32
srun: error: cmp196: task 0: Exited with exit code 124
srun: launch/slurm: _step_signal: Terminating StepId=264341.33
srun: error: cmp196: task 0: Exited with exit code 124
srun: launch/slurm: _step_signal: Terminating StepId=264341.34
srun: error: cmp196: task 0: Exited with exit code 124
srun: launch/slurm: _step_signal: Terminating StepId=264341.35
srun: error: cmp196: task 0: Exited with exit code 124
srun: launch/slurm: _step_signal: Terminating StepId=264341.36
srun: error: cmp196: task 0: Exited with exit code 124
srun: launch/slurm: _step_signal: Terminating StepId=264341.37
srun: error: cmp196: task 0: Exited with exit code 124
srun: launch/slurm: _step_signal: Terminating StepId=264341.38
srun: error: cmp196: task 0: Exited with exit code 124
srun: launch/slurm: _step_signal: Terminating StepId=264341.39
srun: error: cmp196: task 0: Exited with exit code 124
srun: launch/slurm: _step_signal: Terminating StepId=264341.40
srun: error: cmp196: task 0: Exited with exit code 124
srun: launch/slurm: _step_signal: Terminating StepId=264341.41
srun: error: cmp196: task 0: Exited with exit code 124
srun: launch/slurm: _step_signal: Terminating StepId=264341.42
srun: error: cmp196: task 0: Exited with exit code 124
srun: launch/slurm: _step_signal: Terminating StepId=264341.43
srun: error: cmp196: task 0: Exited with exit code 124
srun: launch/slurm: _step_signal: Terminating StepId=264341.44
srun: error: cmp196: task 0: Exited with exit code 124
srun: launch/slurm: _step_signal: Terminating StepId=264341.45
srun: error: cmp196: task 0: Exited with exit code 124
srun: launch/slurm: _step_signal: Terminating StepId=264341.46
srun: error: cmp196: task 0: Exited with exit code 124
srun: launch/slurm: _step_signal: Terminating StepId=264341.47
srun: error: cmp196: task 0: Exited with exit code 124
srun: launch/slurm: _step_signal: Terminating StepId=264341.48
srun: error: cmp196: task 0: Exited with exit code 124
srun: launch/slurm: _step_signal: Terminating StepId=264341.49
srun: error: cmp196: task 0: Exited with exit code 124
srun: launch/slurm: _step_signal: Terminating StepId=264341.50
srun: error: cmp196: task 0: Exited with exit code 124
srun: launch/slurm: _step_signal: Terminating StepId=264341.51
srun: error: cmp196: task 0: Exited with exit code 124
srun: launch/slurm: _step_signal: Terminating StepId=264341.52
srun: error: cmp196: task 0: Exited with exit code 124
srun: launch/slurm: _step_signal: Terminating StepId=264341.53
srun: error: cmp196: task 0: Exited with exit code 124
srun: launch/slurm: _step_signal: Terminating StepId=264341.54
srun: error: cmp196: task 0: Aborted
srun: launch/slurm: _step_signal: Terminating StepId=264341.55
/usr/bin/timeout: the monitored command dumped core
srun: error: cmp196: task 0: Exited with exit code 124
srun: launch/slurm: _step_signal: Terminating StepId=264341.56
srun: error: cmp196: task 0: Exited with exit code 124
srun: launch/slurm: _step_signal: Terminating StepId=264341.57
srun: error: cmp196: task 0: Exited with exit code 124
srun: launch/slurm: _step_signal: Terminating StepId=264341.58
srun: error: cmp196: task 0: Exited with exit code 124
srun: launch/slurm: _step_signal: Terminating StepId=264341.59
srun: error: cmp196: task 0: Exited with exit code 124
srun: launch/slurm: _step_signal: Terminating StepId=264341.60
srun: error: cmp196: task 0: Exited with exit code 124
srun: launch/slurm: _step_signal: Terminating StepId=264341.61
srun: error: cmp196: task 0: Exited with exit code 124
srun: launch/slurm: _step_signal: Terminating StepId=264341.62
srun: error: cmp196: task 0: Exited with exit code 124
srun: launch/slurm: _step_signal: Terminating StepId=264341.63
srun: error: cmp196: task 0: Exited with exit code 124
srun: launch/slurm: _step_signal: Terminating StepId=264341.64
srun: error: cmp196: task 0: Exited with exit code 124
srun: launch/slurm: _step_signal: Terminating StepId=264341.65
srun: error: cmp196: task 0: Exited with exit code 124
srun: launch/slurm: _step_signal: Terminating StepId=264341.66
srun: error: cmp196: task 0: Exited with exit code 124
srun: launch/slurm: _step_signal: Terminating StepId=264341.67
srun: error: cmp196: task 0: Exited with exit code 124
srun: launch/slurm: _step_signal: Terminating StepId=264341.68
srun: error: cmp196: task 0: Exited with exit code 124
srun: launch/slurm: _step_signal: Terminating StepId=264341.69
srun: error: cmp196: task 0: Exited with exit code 124
srun: launch/slurm: _step_signal: Terminating StepId=264341.70
srun: error: cmp196: task 0: Exited with exit code 124
srun: launch/slurm: _step_signal: Terminating StepId=264341.71
srun: error: cmp196: task 0: Exited with exit code 124
srun: launch/slurm: _step_signal: Terminating StepId=264341.72
srun: error: cmp196: task 0: Exited with exit code 124
srun: launch/slurm: _step_signal: Terminating StepId=264341.73
srun: error: cmp196: task 0: Exited with exit code 124
srun: launch/slurm: _step_signal: Terminating StepId=264341.74
srun: error: cmp196: task 0: Exited with exit code 124
srun: launch/slurm: _step_signal: Terminating StepId=264341.75
srun: error: cmp196: task 0: Exited with exit code 124
srun: launch/slurm: _step_signal: Terminating StepId=264341.76
srun: error: cmp196: task 0: Exited with exit code 124
srun: launch/slurm: _step_signal: Terminating StepId=264341.77
srun: error: cmp196: task 0: Exited with exit code 124
srun: launch/slurm: _step_signal: Terminating StepId=264341.78
srun: error: cmp196: task 0: Exited with exit code 124
srun: launch/slurm: _step_signal: Terminating StepId=264341.79
srun: error: cmp196: task 0: Exited with exit code 124
srun: launch/slurm: _step_signal: Terminating StepId=264341.80
srun: error: cmp196: task 0: Exited with exit code 124
srun: launch/slurm: _step_signal: Terminating StepId=264341.81
srun: error: cmp196: task 0: Exited with exit code 124
srun: launch/slurm: _step_signal: Terminating StepId=264341.82
srun: error: cmp196: task 0: Exited with exit code 124
srun: launch/slurm: _step_signal: Terminating StepId=264341.83
srun: error: cmp196: task 0: Exited with exit code 124
srun: launch/slurm: _step_signal: Terminating StepId=264341.84
srun: error: cmp196: task 0: Exited with exit code 124
srun: launch/slurm: _step_signal: Terminating StepId=264341.85
srun: error: cmp196: task 0: Exited with exit code 124
srun: launch/slurm: _step_signal: Terminating StepId=264341.86
srun: error: cmp196: task 0: Exited with exit code 124
srun: launch/slurm: _step_signal: Terminating StepId=264341.87
srun: error: cmp196: task 0: Exited with exit code 124
srun: launch/slurm: _step_signal: Terminating StepId=264341.88
srun: error: cmp196: task 0: Exited with exit code 124
srun: launch/slurm: _step_signal: Terminating StepId=264341.89
srun: error: cmp196: task 0: Exited with exit code 124
srun: launch/slurm: _step_signal: Terminating StepId=264341.90
srun: error: cmp196: task 0: Exited with exit code 124
srun: launch/slurm: _step_signal: Terminating StepId=264341.91
srun: error: cmp196: task 0: Exited with exit code 124
srun: launch/slurm: _step_signal: Terminating StepId=264341.92
srun: error: cmp196: task 0: Exited with exit code 124
srun: launch/slurm: _step_signal: Terminating StepId=264341.93
srun: error: cmp196: task 0: Exited with exit code 124
srun: launch/slurm: _step_signal: Terminating StepId=264341.94
srun: error: cmp196: task 0: Exited with exit code 124
srun: launch/slurm: _step_signal: Terminating StepId=264341.95
srun: error: cmp196: task 0: Exited with exit code 124
srun: launch/slurm: _step_signal: Terminating StepId=264341.96
srun: error: cmp196: task 0: Exited with exit code 124
srun: launch/slurm: _step_signal: Terminating StepId=264341.97
srun: error: cmp196: task 0: Exited with exit code 124
srun: launch/slurm: _step_signal: Terminating StepId=264341.98
srun: error: cmp196: task 0: Exited with exit code 124
srun: launch/slurm: _step_signal: Terminating StepId=264341.99
srun: error: cmp196: task 0: Exited with exit code 124
srun: launch/slurm: _step_signal: Terminating StepId=264341.100
srun: error: cmp196: task 0: Exited with exit code 124
srun: launch/slurm: _step_signal: Terminating StepId=264341.101
srun: error: cmp196: task 0: Exited with exit code 124
srun: launch/slurm: _step_signal: Terminating StepId=264341.102
srun: error: cmp196: task 0: Exited with exit code 124
srun: launch/slurm: _step_signal: Terminating StepId=264341.103
srun: error: cmp196: task 0: Exited with exit code 124
srun: launch/slurm: _step_signal: Terminating StepId=264341.104
srun: error: cmp196: task 0: Exited with exit code 124
srun: launch/slurm: _step_signal: Terminating StepId=264341.105
srun: error: cmp196: task 0: Exited with exit code 124
srun: launch/slurm: _step_signal: Terminating StepId=264341.106
srun: error: cmp196: task 0: Exited with exit code 124
srun: launch/slurm: _step_signal: Terminating StepId=264341.107
srun: error: cmp196: task 0: Exited with exit code 124
srun: launch/slurm: _step_signal: Terminating StepId=264341.108
srun: error: cmp196: task 0: Exited with exit code 124
srun: launch/slurm: _step_signal: Terminating StepId=264341.109
srun: error: cmp196: task 0: Exited with exit code 124
srun: launch/slurm: _step_signal: Terminating StepId=264341.110
srun: error: cmp196: task 0: Exited with exit code 124
srun: launch/slurm: _step_signal: Terminating StepId=264341.111
srun: error: cmp196: task 0: Exited with exit code 124
srun: launch/slurm: _step_signal: Terminating StepId=264341.112
srun: error: cmp196: task 0: Exited with exit code 124
srun: launch/slurm: _step_signal: Terminating StepId=264341.113
srun: error: cmp196: task 0: Exited with exit code 124
srun: launch/slurm: _step_signal: Terminating StepId=264341.114
srun: error: cmp196: task 0: Exited with exit code 124
srun: launch/slurm: _step_signal: Terminating StepId=264341.115
srun: error: cmp196: task 0: Exited with exit code 124
srun: launch/slurm: _step_signal: Terminating StepId=264341.116
srun: error: cmp196: task 0: Exited with exit code 124
srun: launch/slurm: _step_signal: Terminating StepId=264341.117
srun: error: cmp196: task 0: Exited with exit code 124
srun: launch/slurm: _step_signal: Terminating StepId=264341.118
srun: error: cmp196: task 0: Exited with exit code 124
srun: launch/slurm: _step_signal: Terminating StepId=264341.119
srun: error: cmp196: task 0: Exited with exit code 124
srun: launch/slurm: _step_signal: Terminating StepId=264341.120
srun: error: cmp196: task 0: Exited with exit code 124
srun: launch/slurm: _step_signal: Terminating StepId=264341.121
srun: error: cmp196: task 0: Exited with exit code 124
srun: launch/slurm: _step_signal: Terminating StepId=264341.122
srun: error: cmp196: task 0: Exited with exit code 124
srun: launch/slurm: _step_signal: Terminating StepId=264341.123
srun: error: cmp196: task 0: Exited with exit code 124
srun: launch/slurm: _step_signal: Terminating StepId=264341.124
srun: error: cmp196: task 0: Exited with exit code 124
srun: launch/slurm: _step_signal: Terminating StepId=264341.125
srun: error: cmp196: task 0: Exited with exit code 124
srun: launch/slurm: _step_signal: Terminating StepId=264341.126
srun: error: cmp196: task 0: Exited with exit code 124
srun: launch/slurm: _step_signal: Terminating StepId=264341.127
srun: error: cmp196: task 0: Exited with exit code 124
srun: launch/slurm: _step_signal: Terminating StepId=264341.128
srun: error: cmp196: task 0: Exited with exit code 124
srun: launch/slurm: _step_signal: Terminating StepId=264341.129
srun: error: cmp196: task 0: Exited with exit code 124
srun: launch/slurm: _step_signal: Terminating StepId=264341.130
srun: error: cmp196: task 0: Exited with exit code 124
srun: launch/slurm: _step_signal: Terminating StepId=264341.131
srun: error: cmp196: task 0: Exited with exit code 124
srun: launch/slurm: _step_signal: Terminating StepId=264341.132
srun: error: cmp196: task 0: Exited with exit code 124
srun: launch/slurm: _step_signal: Terminating StepId=264341.133
srun: error: cmp196: task 0: Exited with exit code 124
srun: launch/slurm: _step_signal: Terminating StepId=264341.134
srun: error: cmp196: task 0: Exited with exit code 124
srun: launch/slurm: _step_signal: Terminating StepId=264341.135
srun: error: cmp196: task 0: Exited with exit code 124
srun: launch/slurm: _step_signal: Terminating StepId=264341.136
srun: error: cmp196: task 0: Exited with exit code 124
srun: launch/slurm: _step_signal: Terminating StepId=264341.137
srun: error: cmp196: task 0: Exited with exit code 124
srun: launch/slurm: _step_signal: Terminating StepId=264341.138
srun: error: cmp196: task 0: Exited with exit code 124
srun: launch/slurm: _step_signal: Terminating StepId=264341.139
srun: error: cmp196: task 0: Exited with exit code 124
srun: launch/slurm: _step_signal: Terminating StepId=264341.140
srun: error: cmp196: task 0: Exited with exit code 124
srun: launch/slurm: _step_signal: Terminating StepId=264341.141
srun: error: cmp196: task 0: Exited with exit code 124
srun: launch/slurm: _step_signal: Terminating StepId=264341.142
srun: error: cmp196: task 0: Exited with exit code 124
srun: launch/slurm: _step_signal: Terminating StepId=264341.143
/usr/bin/timeout: the monitored command dumped core
srun: error: cmp196: task 0: Exited with exit code 124
srun: launch/slurm: _step_signal: Terminating StepId=264341.144
srun: error: cmp196: task 0: Exited with exit code 124
srun: launch/slurm: _step_signal: Terminating StepId=264341.145
srun: error: cmp196: task 0: Exited with exit code 124
srun: launch/slurm: _step_signal: Terminating StepId=264341.146
srun: error: cmp196: task 0: Exited with exit code 124
srun: launch/slurm: _step_signal: Terminating StepId=264341.147
srun: error: cmp196: task 0: Exited with exit code 124
srun: launch/slurm: _step_signal: Terminating StepId=264341.148
srun: error: cmp196: task 0: Exited with exit code 124
srun: launch/slurm: _step_signal: Terminating StepId=264341.149
srun: error: cmp196: task 0: Exited with exit code 124
srun: launch/slurm: _step_signal: Terminating StepId=264341.150
srun: error: cmp196: task 0: Exited with exit code 124
srun: launch/slurm: _step_signal: Terminating StepId=264341.151
srun: error: cmp196: task 0: Exited with exit code 124
srun: launch/slurm: _step_signal: Terminating StepId=264341.152
srun: error: cmp196: task 0: Exited with exit code 124
srun: launch/slurm: _step_signal: Terminating StepId=264341.153
srun: error: cmp196: task 0: Exited with exit code 124
srun: launch/slurm: _step_signal: Terminating StepId=264341.154
srun: error: cmp196: task 0: Exited with exit code 124
srun: launch/slurm: _step_signal: Terminating StepId=264341.155
srun: error: cmp196: task 0: Exited with exit code 124
srun: launch/slurm: _step_signal: Terminating StepId=264341.156
srun: error: cmp196: task 0: Exited with exit code 124
srun: launch/slurm: _step_signal: Terminating StepId=264341.157
srun: error: cmp196: task 0: Exited with exit code 124
srun: launch/slurm: _step_signal: Terminating StepId=264341.158
srun: error: cmp196: task 0: Exited with exit code 124
srun: launch/slurm: _step_signal: Terminating StepId=264341.159
srun: error: cmp196: task 0: Exited with exit code 124
srun: launch/slurm: _step_signal: Terminating StepId=264341.160
srun: error: cmp196: task 0: Exited with exit code 124
srun: launch/slurm: _step_signal: Terminating StepId=264341.161
srun: error: cmp196: task 0: Exited with exit code 124
srun: launch/slurm: _step_signal: Terminating StepId=264341.162
srun: error: cmp196: task 0: Exited with exit code 124
srun: launch/slurm: _step_signal: Terminating StepId=264341.163
srun: error: cmp196: task 0: Exited with exit code 124
srun: launch/slurm: _step_signal: Terminating StepId=264341.164
srun: error: cmp196: task 0: Exited with exit code 124
srun: launch/slurm: _step_signal: Terminating StepId=264341.165
srun: error: cmp196: task 0: Exited with exit code 124
srun: launch/slurm: _step_signal: Terminating StepId=264341.166
srun: error: cmp196: task 0: Exited with exit code 124
srun: launch/slurm: _step_signal: Terminating StepId=264341.167
srun: error: cmp196: task 0: Exited with exit code 124
srun: launch/slurm: _step_signal: Terminating StepId=264341.168
srun: error: cmp196: task 0: Exited with exit code 124
srun: launch/slurm: _step_signal: Terminating StepId=264341.169
srun: error: cmp196: task 0: Exited with exit code 124
srun: launch/slurm: _step_signal: Terminating StepId=264341.170
srun: error: cmp196: task 0: Exited with exit code 124
srun: launch/slurm: _step_signal: Terminating StepId=264341.171
srun: error: cmp196: task 0: Exited with exit code 124
srun: launch/slurm: _step_signal: Terminating StepId=264341.172
srun: error: cmp196: task 0: Exited with exit code 124
srun: launch/slurm: _step_signal: Terminating StepId=264341.173
srun: error: cmp196: task 0: Exited with exit code 124
srun: launch/slurm: _step_signal: Terminating StepId=264341.174
srun: error: cmp196: task 0: Exited with exit code 124
srun: launch/slurm: _step_signal: Terminating StepId=264341.175
srun: error: cmp196: task 0: Exited with exit code 124
srun: launch/slurm: _step_signal: Terminating StepId=264341.176
srun: error: cmp196: task 0: Exited with exit code 124
srun: launch/slurm: _step_signal: Terminating StepId=264341.177
srun: error: cmp196: task 0: Exited with exit code 124
srun: launch/slurm: _step_signal: Terminating StepId=264341.178
srun: error: cmp196: task 0: Exited with exit code 124
srun: launch/slurm: _step_signal: Terminating StepId=264341.179
srun: error: cmp196: task 0: Exited with exit code 124
srun: launch/slurm: _step_signal: Terminating StepId=264341.180
srun: error: cmp196: task 0: Exited with exit code 124
srun: launch/slurm: _step_signal: Terminating StepId=264341.181
srun: error: cmp196: task 0: Exited with exit code 124
srun: launch/slurm: _step_signal: Terminating StepId=264341.182
srun: error: cmp196: task 0: Exited with exit code 124
srun: launch/slurm: _step_signal: Terminating StepId=264341.183
srun: error: cmp196: task 0: Exited with exit code 124
srun: launch/slurm: _step_signal: Terminating StepId=264341.184
srun: error: cmp196: task 0: Exited with exit code 124
srun: launch/slurm: _step_signal: Terminating StepId=264341.185
srun: error: cmp196: task 0: Exited with exit code 124
srun: launch/slurm: _step_signal: Terminating StepId=264341.186
srun: error: cmp196: task 0: Exited with exit code 124
srun: launch/slurm: _step_signal: Terminating StepId=264341.187
srun: error: cmp196: task 0: Exited with exit code 124
srun: launch/slurm: _step_signal: Terminating StepId=264341.188
free(): double free detected in tcache 2
/usr/bin/timeout: the monitored command dumped core
srun: error: cmp196: task 0: Exited with exit code 124
srun: launch/slurm: _step_signal: Terminating StepId=264341.189
srun: error: cmp196: task 0: Exited with exit code 124
srun: launch/slurm: _step_signal: Terminating StepId=264341.190
srun: error: cmp196: task 0: Exited with exit code 124
srun: launch/slurm: _step_signal: Terminating StepId=264341.191
srun: error: cmp196: task 0: Exited with exit code 124
srun: launch/slurm: _step_signal: Terminating StepId=264341.192
srun: error: cmp196: task 0: Exited with exit code 124
srun: launch/slurm: _step_signal: Terminating StepId=264341.193
srun: error: cmp196: task 0: Exited with exit code 124
srun: launch/slurm: _step_signal: Terminating StepId=264341.194
srun: error: cmp196: task 0: Exited with exit code 124
srun: launch/slurm: _step_signal: Terminating StepId=264341.195
srun: error: cmp196: task 0: Exited with exit code 124
srun: launch/slurm: _step_signal: Terminating StepId=264341.196
srun: error: cmp196: task 0: Exited with exit code 124
srun: launch/slurm: _step_signal: Terminating StepId=264341.197
srun: error: cmp196: task 0: Exited with exit code 124
srun: launch/slurm: _step_signal: Terminating StepId=264341.198
srun: error: cmp196: task 0: Exited with exit code 124
srun: launch/slurm: _step_signal: Terminating StepId=264341.199
srun: error: cmp196: task 0: Exited with exit code 124
srun: launch/slurm: _step_signal: Terminating StepId=264341.200
srun: error: cmp196: task 0: Exited with exit code 124
srun: launch/slurm: _step_signal: Terminating StepId=264341.201
srun: error: cmp196: task 0: Exited with exit code 124
srun: launch/slurm: _step_signal: Terminating StepId=264341.202
srun: error: cmp196: task 0: Exited with exit code 124
srun: launch/slurm: _step_signal: Terminating StepId=264341.203
srun: error: cmp196: task 0: Exited with exit code 124
srun: launch/slurm: _step_signal: Terminating StepId=264341.204
srun: error: cmp196: task 0: Exited with exit code 124
srun: launch/slurm: _step_signal: Terminating StepId=264341.205
srun: error: cmp196: task 0: Exited with exit code 124
srun: launch/slurm: _step_signal: Terminating StepId=264341.206
srun: error: cmp196: task 0: Exited with exit code 124
srun: launch/slurm: _step_signal: Terminating StepId=264341.207
srun: error: cmp196: task 0: Exited with exit code 124
srun: launch/slurm: _step_signal: Terminating StepId=264341.208
srun: error: cmp196: task 0: Exited with exit code 124
srun: launch/slurm: _step_signal: Terminating StepId=264341.209
srun: error: cmp196: task 0: Exited with exit code 124
srun: launch/slurm: _step_signal: Terminating StepId=264341.210
srun: error: cmp196: task 0: Exited with exit code 124
srun: launch/slurm: _step_signal: Terminating StepId=264341.211
srun: error: cmp196: task 0: Exited with exit code 124
srun: launch/slurm: _step_signal: Terminating StepId=264341.212
srun: error: cmp196: task 0: Exited with exit code 124
srun: launch/slurm: _step_signal: Terminating StepId=264341.213
srun: error: cmp196: task 0: Exited with exit code 124
srun: launch/slurm: _step_signal: Terminating StepId=264341.214
srun: error: cmp196: task 0: Exited with exit code 124
srun: launch/slurm: _step_signal: Terminating StepId=264341.215
srun: error: cmp196: task 0: Exited with exit code 124
srun: launch/slurm: _step_signal: Terminating StepId=264341.216
srun: error: cmp196: task 0: Exited with exit code 124
srun: launch/slurm: _step_signal: Terminating StepId=264341.217
srun: error: cmp196: task 0: Exited with exit code 124
srun: launch/slurm: _step_signal: Terminating StepId=264341.218
srun: error: cmp196: task 0: Exited with exit code 124
srun: launch/slurm: _step_signal: Terminating StepId=264341.219
srun: error: cmp196: task 0: Exited with exit code 124
srun: launch/slurm: _step_signal: Terminating StepId=264341.220
srun: error: cmp196: task 0: Exited with exit code 124
srun: launch/slurm: _step_signal: Terminating StepId=264341.221
srun: error: cmp196: task 0: Exited with exit code 124
srun: launch/slurm: _step_signal: Terminating StepId=264341.222
srun: error: cmp196: task 0: Exited with exit code 124
srun: launch/slurm: _step_signal: Terminating StepId=264341.223
srun: error: cmp196: task 0: Exited with exit code 124
srun: launch/slurm: _step_signal: Terminating StepId=264341.224
srun: error: cmp196: task 0: Exited with exit code 124
srun: launch/slurm: _step_signal: Terminating StepId=264341.225
srun: error: cmp196: task 0: Exited with exit code 124
srun: launch/slurm: _step_signal: Terminating StepId=264341.226
srun: error: cmp196: task 0: Exited with exit code 124
srun: launch/slurm: _step_signal: Terminating StepId=264341.227
srun: error: cmp196: task 0: Exited with exit code 124
srun: launch/slurm: _step_signal: Terminating StepId=264341.228
srun: error: cmp196: task 0: Exited with exit code 124
srun: launch/slurm: _step_signal: Terminating StepId=264341.229
srun: error: cmp196: task 0: Exited with exit code 124
srun: launch/slurm: _step_signal: Terminating StepId=264341.230
srun: error: cmp196: task 0: Exited with exit code 124
srun: launch/slurm: _step_signal: Terminating StepId=264341.231
srun: error: cmp196: task 0: Exited with exit code 124
srun: launch/slurm: _step_signal: Terminating StepId=264341.232
srun: error: cmp196: task 0: Exited with exit code 124
srun: launch/slurm: _step_signal: Terminating StepId=264341.233
srun: error: cmp196: task 0: Exited with exit code 124
srun: launch/slurm: _step_signal: Terminating StepId=264341.234
srun: error: cmp196: task 0: Exited with exit code 124
srun: launch/slurm: _step_signal: Terminating StepId=264341.235
srun: error: cmp196: task 0: Exited with exit code 124
srun: launch/slurm: _step_signal: Terminating StepId=264341.236
srun: error: cmp196: task 0: Exited with exit code 124
srun: launch/slurm: _step_signal: Terminating StepId=264341.237
srun: error: cmp196: task 0: Exited with exit code 124
srun: launch/slurm: _step_signal: Terminating StepId=264341.238
srun: error: cmp196: task 0: Exited with exit code 124
srun: launch/slurm: _step_signal: Terminating StepId=264341.239
