srun: error: cmp196: task 0: Exited with exit code 124
srun: launch/slurm: _step_signal: Terminating StepId=264340.0
srun: error: cmp196: task 0: Exited with exit code 124
srun: launch/slurm: _step_signal: Terminating StepId=264340.1
srun: error: cmp196: task 0: Exited with exit code 124
srun: launch/slurm: _step_signal: Terminating StepId=264340.2
srun: error: cmp196: task 0: Exited with exit code 124
srun: launch/slurm: _step_signal: Terminating StepId=264340.3
srun: error: cmp196: task 0: Exited with exit code 124
srun: launch/slurm: _step_signal: Terminating StepId=264340.4
srun: error: cmp196: task 0: Exited with exit code 124
srun: launch/slurm: _step_signal: Terminating StepId=264340.5
srun: error: cmp196: task 0: Exited with exit code 124
srun: launch/slurm: _step_signal: Terminating StepId=264340.6
srun: error: cmp196: task 0: Exited with exit code 124
srun: launch/slurm: _step_signal: Terminating StepId=264340.7
srun: error: cmp196: task 0: Exited with exit code 124
srun: launch/slurm: _step_signal: Terminating StepId=264340.8
srun: error: cmp196: task 0: Exited with exit code 124
srun: launch/slurm: _step_signal: Terminating StepId=264340.9
srun: error: cmp196: task 0: Exited with exit code 124
srun: launch/slurm: _step_signal: Terminating StepId=264340.10
srun: error: cmp196: task 0: Exited with exit code 124
srun: launch/slurm: _step_signal: Terminating StepId=264340.11
srun: error: cmp196: task 0: Exited with exit code 124
srun: launch/slurm: _step_signal: Terminating StepId=264340.12
srun: error: cmp196: task 0: Exited with exit code 124
srun: launch/slurm: _step_signal: Terminating StepId=264340.13
srun: error: cmp196: task 0: Exited with exit code 124
srun: launch/slurm: _step_signal: Terminating StepId=264340.14
srun: error: cmp196: task 0: Exited with exit code 124
srun: launch/slurm: _step_signal: Terminating StepId=264340.15
srun: error: cmp196: task 0: Exited with exit code 124
srun: launch/slurm: _step_signal: Terminating StepId=264340.16
srun: error: cmp196: task 0: Exited with exit code 124
srun: launch/slurm: _step_signal: Terminating StepId=264340.17
srun: error: cmp196: task 0: Exited with exit code 124
srun: launch/slurm: _step_signal: Terminating StepId=264340.18
srun: error: cmp196: task 0: Exited with exit code 124
srun: launch/slurm: _step_signal: Terminating StepId=264340.19
srun: error: cmp196: task 0: Exited with exit code 124
srun: launch/slurm: _step_signal: Terminating StepId=264340.20
srun: error: cmp196: task 0: Exited with exit code 124
srun: launch/slurm: _step_signal: Terminating StepId=264340.21
srun: error: cmp196: task 0: Exited with exit code 124
srun: launch/slurm: _step_signal: Terminating StepId=264340.22
srun: error: cmp196: task 0: Exited with exit code 124
srun: launch/slurm: _step_signal: Terminating StepId=264340.23
srun: error: cmp196: task 0: Exited with exit code 124
srun: launch/slurm: _step_signal: Terminating StepId=264340.24
srun: error: cmp196: task 0: Exited with exit code 124
srun: launch/slurm: _step_signal: Terminating StepId=264340.25
srun: error: cmp196: task 0: Exited with exit code 124
srun: launch/slurm: _step_signal: Terminating StepId=264340.26
srun: error: cmp196: task 0: Exited with exit code 124
srun: launch/slurm: _step_signal: Terminating StepId=264340.27
srun: error: cmp196: task 0: Exited with exit code 124
srun: launch/slurm: _step_signal: Terminating StepId=264340.28
srun: error: cmp196: task 0: Exited with exit code 124
srun: launch/slurm: _step_signal: Terminating StepId=264340.29
srun: error: cmp196: task 0: Exited with exit code 124
srun: launch/slurm: _step_signal: Terminating StepId=264340.30
srun: error: cmp196: task 0: Exited with exit code 124
srun: launch/slurm: _step_signal: Terminating StepId=264340.31
srun: error: cmp196: task 0: Exited with exit code 124
srun: launch/slurm: _step_signal: Terminating StepId=264340.32
srun: error: cmp196: task 0: Exited with exit code 124
srun: launch/slurm: _step_signal: Terminating StepId=264340.33
srun: error: cmp196: task 0: Exited with exit code 124
srun: launch/slurm: _step_signal: Terminating StepId=264340.34
srun: error: cmp196: task 0: Exited with exit code 124
srun: launch/slurm: _step_signal: Terminating StepId=264340.35
srun: error: cmp196: task 0: Exited with exit code 124
srun: launch/slurm: _step_signal: Terminating StepId=264340.36
srun: error: cmp196: task 0: Exited with exit code 124
srun: launch/slurm: _step_signal: Terminating StepId=264340.37
srun: error: cmp196: task 0: Exited with exit code 124
srun: launch/slurm: _step_signal: Terminating StepId=264340.38
srun: error: cmp196: task 0: Exited with exit code 124
srun: launch/slurm: _step_signal: Terminating StepId=264340.39
srun: error: cmp196: task 0: Exited with exit code 124
srun: launch/slurm: _step_signal: Terminating StepId=264340.40
srun: error: cmp196: task 0: Exited with exit code 124
srun: launch/slurm: _step_signal: Terminating StepId=264340.41
srun: error: cmp196: task 0: Exited with exit code 124
srun: launch/slurm: _step_signal: Terminating StepId=264340.42
srun: error: cmp196: task 0: Exited with exit code 124
srun: launch/slurm: _step_signal: Terminating StepId=264340.43
srun: error: cmp196: task 0: Exited with exit code 124
srun: launch/slurm: _step_signal: Terminating StepId=264340.44
srun: error: cmp196: task 0: Exited with exit code 124
srun: launch/slurm: _step_signal: Terminating StepId=264340.45
srun: error: cmp196: task 0: Exited with exit code 124
srun: launch/slurm: _step_signal: Terminating StepId=264340.46
srun: error: cmp196: task 0: Exited with exit code 124
srun: launch/slurm: _step_signal: Terminating StepId=264340.47
srun: error: cmp196: task 0: Exited with exit code 124
srun: launch/slurm: _step_signal: Terminating StepId=264340.48
srun: error: cmp196: task 0: Exited with exit code 124
srun: launch/slurm: _step_signal: Terminating StepId=264340.49
srun: error: cmp196: task 0: Exited with exit code 124
srun: launch/slurm: _step_signal: Terminating StepId=264340.50
srun: error: cmp196: task 0: Exited with exit code 124
srun: launch/slurm: _step_signal: Terminating StepId=264340.51
srun: error: cmp196: task 0: Exited with exit code 124
srun: launch/slurm: _step_signal: Terminating StepId=264340.52
srun: error: cmp196: task 0: Exited with exit code 124
srun: launch/slurm: _step_signal: Terminating StepId=264340.53
srun: error: cmp196: task 0: Exited with exit code 124
srun: launch/slurm: _step_signal: Terminating StepId=264340.54
srun: error: cmp196: task 0: Exited with exit code 124
srun: launch/slurm: _step_signal: Terminating StepId=264340.55
srun: error: cmp196: task 0: Exited with exit code 124
srun: launch/slurm: _step_signal: Terminating StepId=264340.56
srun: error: cmp196: task 0: Exited with exit code 124
srun: launch/slurm: _step_signal: Terminating StepId=264340.57
srun: error: cmp196: task 0: Exited with exit code 124
srun: launch/slurm: _step_signal: Terminating StepId=264340.58
srun: error: cmp196: task 0: Exited with exit code 124
srun: launch/slurm: _step_signal: Terminating StepId=264340.59
srun: error: cmp196: task 0: Exited with exit code 124
srun: launch/slurm: _step_signal: Terminating StepId=264340.60
srun: error: cmp196: task 0: Exited with exit code 124
srun: launch/slurm: _step_signal: Terminating StepId=264340.61
srun: error: cmp196: task 0: Exited with exit code 124
srun: launch/slurm: _step_signal: Terminating StepId=264340.62
srun: error: cmp196: task 0: Exited with exit code 124
srun: launch/slurm: _step_signal: Terminating StepId=264340.63
srun: error: cmp196: task 0: Exited with exit code 124
srun: launch/slurm: _step_signal: Terminating StepId=264340.64
srun: error: cmp196: task 0: Exited with exit code 124
srun: launch/slurm: _step_signal: Terminating StepId=264340.65
srun: error: cmp196: task 0: Exited with exit code 124
srun: launch/slurm: _step_signal: Terminating StepId=264340.66
srun: error: cmp196: task 0: Exited with exit code 124
srun: launch/slurm: _step_signal: Terminating StepId=264340.67
srun: error: cmp196: task 0: Exited with exit code 124
srun: launch/slurm: _step_signal: Terminating StepId=264340.68
srun: error: cmp196: task 0: Exited with exit code 124
srun: launch/slurm: _step_signal: Terminating StepId=264340.69
srun: error: cmp196: task 0: Exited with exit code 124
srun: launch/slurm: _step_signal: Terminating StepId=264340.70
srun: error: cmp196: task 0: Exited with exit code 124
srun: launch/slurm: _step_signal: Terminating StepId=264340.71
srun: error: cmp196: task 0: Exited with exit code 124
srun: launch/slurm: _step_signal: Terminating StepId=264340.72
srun: error: cmp196: task 0: Exited with exit code 124
srun: launch/slurm: _step_signal: Terminating StepId=264340.73
srun: error: cmp196: task 0: Exited with exit code 124
srun: launch/slurm: _step_signal: Terminating StepId=264340.74
srun: error: cmp196: task 0: Exited with exit code 124
srun: launch/slurm: _step_signal: Terminating StepId=264340.75
srun: error: cmp196: task 0: Exited with exit code 124
srun: launch/slurm: _step_signal: Terminating StepId=264340.76
srun: error: cmp196: task 0: Exited with exit code 124
srun: launch/slurm: _step_signal: Terminating StepId=264340.77
srun: error: cmp196: task 0: Exited with exit code 124
srun: launch/slurm: _step_signal: Terminating StepId=264340.78
srun: error: cmp196: task 0: Exited with exit code 124
srun: launch/slurm: _step_signal: Terminating StepId=264340.79
srun: error: cmp196: task 0: Exited with exit code 124
srun: launch/slurm: _step_signal: Terminating StepId=264340.80
srun: error: cmp196: task 0: Exited with exit code 124
srun: launch/slurm: _step_signal: Terminating StepId=264340.81
srun: error: cmp196: task 0: Exited with exit code 124
srun: launch/slurm: _step_signal: Terminating StepId=264340.82
srun: error: cmp196: task 0: Exited with exit code 124
srun: launch/slurm: _step_signal: Terminating StepId=264340.83
srun: error: cmp196: task 0: Exited with exit code 124
srun: launch/slurm: _step_signal: Terminating StepId=264340.84
srun: error: cmp196: task 0: Aborted
srun: launch/slurm: _step_signal: Terminating StepId=264340.85
/usr/bin/timeout: the monitored command dumped core
srun: error: cmp196: task 0: Exited with exit code 124
srun: launch/slurm: _step_signal: Terminating StepId=264340.86
srun: error: cmp196: task 0: Exited with exit code 124
srun: launch/slurm: _step_signal: Terminating StepId=264340.87
srun: error: cmp196: task 0: Exited with exit code 124
srun: launch/slurm: _step_signal: Terminating StepId=264340.88
srun: error: cmp196: task 0: Exited with exit code 124
srun: launch/slurm: _step_signal: Terminating StepId=264340.89
srun: error: cmp196: task 0: Exited with exit code 124
srun: launch/slurm: _step_signal: Terminating StepId=264340.90
srun: error: cmp196: task 0: Exited with exit code 124
srun: launch/slurm: _step_signal: Terminating StepId=264340.91
srun: error: cmp196: task 0: Exited with exit code 124
srun: launch/slurm: _step_signal: Terminating StepId=264340.92
srun: error: cmp196: task 0: Exited with exit code 124
srun: launch/slurm: _step_signal: Terminating StepId=264340.93
srun: error: cmp196: task 0: Exited with exit code 124
srun: launch/slurm: _step_signal: Terminating StepId=264340.94
srun: error: cmp196: task 0: Exited with exit code 124
srun: launch/slurm: _step_signal: Terminating StepId=264340.95
srun: error: cmp196: task 0: Exited with exit code 124
srun: launch/slurm: _step_signal: Terminating StepId=264340.96
srun: error: cmp196: task 0: Exited with exit code 124
srun: launch/slurm: _step_signal: Terminating StepId=264340.97
srun: error: cmp196: task 0: Exited with exit code 124
srun: launch/slurm: _step_signal: Terminating StepId=264340.98
srun: error: cmp196: task 0: Exited with exit code 124
srun: launch/slurm: _step_signal: Terminating StepId=264340.99
srun: error: cmp196: task 0: Exited with exit code 124
srun: launch/slurm: _step_signal: Terminating StepId=264340.100
srun: error: cmp196: task 0: Exited with exit code 124
srun: launch/slurm: _step_signal: Terminating StepId=264340.101
srun: error: cmp196: task 0: Exited with exit code 124
srun: launch/slurm: _step_signal: Terminating StepId=264340.102
srun: error: cmp196: task 0: Exited with exit code 124
srun: launch/slurm: _step_signal: Terminating StepId=264340.103
srun: error: cmp196: task 0: Exited with exit code 124
srun: launch/slurm: _step_signal: Terminating StepId=264340.104
srun: error: cmp196: task 0: Exited with exit code 124
srun: launch/slurm: _step_signal: Terminating StepId=264340.105
srun: error: cmp196: task 0: Exited with exit code 124
srun: launch/slurm: _step_signal: Terminating StepId=264340.106
srun: error: cmp196: task 0: Exited with exit code 124
srun: launch/slurm: _step_signal: Terminating StepId=264340.107
srun: error: cmp196: task 0: Exited with exit code 124
srun: launch/slurm: _step_signal: Terminating StepId=264340.108
srun: error: cmp196: task 0: Exited with exit code 124
srun: launch/slurm: _step_signal: Terminating StepId=264340.109
srun: error: cmp196: task 0: Exited with exit code 124
srun: launch/slurm: _step_signal: Terminating StepId=264340.110
srun: error: cmp196: task 0: Exited with exit code 124
srun: launch/slurm: _step_signal: Terminating StepId=264340.111
srun: error: cmp196: task 0: Exited with exit code 124
srun: launch/slurm: _step_signal: Terminating StepId=264340.112
srun: Job 264340 step creation temporarily disabled, retrying (Requested nodes are busy)
srun: Step created for job 264340
srun: error: cmp196: task 0: Exited with exit code 124
srun: launch/slurm: _step_signal: Terminating StepId=264340.113
srun: error: cmp196: task 0: Exited with exit code 124
srun: launch/slurm: _step_signal: Terminating StepId=264340.114
srun: error: cmp196: task 0: Exited with exit code 124
srun: launch/slurm: _step_signal: Terminating StepId=264340.115
srun: error: cmp196: task 0: Exited with exit code 124
srun: launch/slurm: _step_signal: Terminating StepId=264340.116
srun: error: cmp196: task 0: Exited with exit code 124
srun: launch/slurm: _step_signal: Terminating StepId=264340.117
srun: error: cmp196: task 0: Exited with exit code 124
srun: launch/slurm: _step_signal: Terminating StepId=264340.118
srun: error: cmp196: task 0: Exited with exit code 124
srun: launch/slurm: _step_signal: Terminating StepId=264340.119
srun: error: cmp196: task 0: Exited with exit code 124
srun: launch/slurm: _step_signal: Terminating StepId=264340.120
srun: error: cmp196: task 0: Exited with exit code 124
srun: launch/slurm: _step_signal: Terminating StepId=264340.121
srun: error: cmp196: task 0: Exited with exit code 124
srun: launch/slurm: _step_signal: Terminating StepId=264340.122
srun: error: cmp196: task 0: Exited with exit code 124
srun: launch/slurm: _step_signal: Terminating StepId=264340.123
srun: error: cmp196: task 0: Exited with exit code 124
srun: launch/slurm: _step_signal: Terminating StepId=264340.124
srun: error: cmp196: task 0: Exited with exit code 124
srun: launch/slurm: _step_signal: Terminating StepId=264340.125
srun: error: cmp196: task 0: Exited with exit code 124
srun: launch/slurm: _step_signal: Terminating StepId=264340.126
srun: error: cmp196: task 0: Exited with exit code 124
srun: launch/slurm: _step_signal: Terminating StepId=264340.127
srun: error: cmp196: task 0: Exited with exit code 124
srun: launch/slurm: _step_signal: Terminating StepId=264340.128
srun: error: cmp196: task 0: Exited with exit code 124
srun: launch/slurm: _step_signal: Terminating StepId=264340.129
srun: error: cmp196: task 0: Exited with exit code 124
srun: launch/slurm: _step_signal: Terminating StepId=264340.130
srun: error: cmp196: task 0: Exited with exit code 124
srun: launch/slurm: _step_signal: Terminating StepId=264340.131
srun: error: cmp196: task 0: Exited with exit code 124
srun: launch/slurm: _step_signal: Terminating StepId=264340.132
srun: error: cmp196: task 0: Exited with exit code 124
srun: launch/slurm: _step_signal: Terminating StepId=264340.133
srun: error: cmp196: task 0: Exited with exit code 124
srun: launch/slurm: _step_signal: Terminating StepId=264340.134
srun: error: cmp196: task 0: Exited with exit code 124
srun: launch/slurm: _step_signal: Terminating StepId=264340.135
srun: error: cmp196: task 0: Exited with exit code 124
srun: launch/slurm: _step_signal: Terminating StepId=264340.136
srun: error: cmp196: task 0: Exited with exit code 124
srun: launch/slurm: _step_signal: Terminating StepId=264340.137
srun: error: cmp196: task 0: Exited with exit code 124
srun: launch/slurm: _step_signal: Terminating StepId=264340.138
srun: error: cmp196: task 0: Exited with exit code 124
srun: launch/slurm: _step_signal: Terminating StepId=264340.139
srun: error: cmp196: task 0: Exited with exit code 124
srun: launch/slurm: _step_signal: Terminating StepId=264340.140
srun: error: cmp196: task 0: Exited with exit code 124
srun: launch/slurm: _step_signal: Terminating StepId=264340.141
srun: error: cmp196: task 0: Exited with exit code 124
srun: launch/slurm: _step_signal: Terminating StepId=264340.142
srun: error: cmp196: task 0: Exited with exit code 124
srun: launch/slurm: _step_signal: Terminating StepId=264340.143
srun: error: cmp196: task 0: Exited with exit code 124
srun: launch/slurm: _step_signal: Terminating StepId=264340.144
srun: error: cmp196: task 0: Exited with exit code 124
srun: launch/slurm: _step_signal: Terminating StepId=264340.145
srun: error: cmp196: task 0: Exited with exit code 124
srun: launch/slurm: _step_signal: Terminating StepId=264340.146
srun: error: cmp196: task 0: Exited with exit code 124
srun: launch/slurm: _step_signal: Terminating StepId=264340.147
srun: error: cmp196: task 0: Exited with exit code 124
srun: launch/slurm: _step_signal: Terminating StepId=264340.148
srun: error: cmp196: task 0: Exited with exit code 124
srun: launch/slurm: _step_signal: Terminating StepId=264340.149
srun: error: cmp196: task 0: Exited with exit code 124
srun: launch/slurm: _step_signal: Terminating StepId=264340.150
srun: error: cmp196: task 0: Exited with exit code 124
srun: launch/slurm: _step_signal: Terminating StepId=264340.151
srun: error: cmp196: task 0: Exited with exit code 124
srun: launch/slurm: _step_signal: Terminating StepId=264340.152
srun: error: cmp196: task 0: Exited with exit code 124
srun: launch/slurm: _step_signal: Terminating StepId=264340.153
srun: error: cmp196: task 0: Exited with exit code 124
srun: launch/slurm: _step_signal: Terminating StepId=264340.154
srun: error: cmp196: task 0: Exited with exit code 124
srun: launch/slurm: _step_signal: Terminating StepId=264340.155
srun: error: cmp196: task 0: Exited with exit code 124
srun: launch/slurm: _step_signal: Terminating StepId=264340.156
srun: error: cmp196: task 0: Exited with exit code 124
srun: launch/slurm: _step_signal: Terminating StepId=264340.157
srun: error: cmp196: task 0: Exited with exit code 124
srun: launch/slurm: _step_signal: Terminating StepId=264340.158
srun: error: cmp196: task 0: Exited with exit code 124
srun: launch/slurm: _step_signal: Terminating StepId=264340.159
srun: error: cmp196: task 0: Exited with exit code 124
srun: launch/slurm: _step_signal: Terminating StepId=264340.160
srun: error: cmp196: task 0: Exited with exit code 124
srun: launch/slurm: _step_signal: Terminating StepId=264340.161
srun: error: cmp196: task 0: Exited with exit code 124
srun: launch/slurm: _step_signal: Terminating StepId=264340.162
srun: error: cmp196: task 0: Exited with exit code 124
srun: launch/slurm: _step_signal: Terminating StepId=264340.163
srun: error: cmp196: task 0: Exited with exit code 124
srun: launch/slurm: _step_signal: Terminating StepId=264340.164
srun: error: cmp196: task 0: Exited with exit code 124
srun: launch/slurm: _step_signal: Terminating StepId=264340.165
srun: error: cmp196: task 0: Exited with exit code 124
srun: launch/slurm: _step_signal: Terminating StepId=264340.166
srun: error: cmp196: task 0: Exited with exit code 124
srun: launch/slurm: _step_signal: Terminating StepId=264340.167
srun: error: cmp196: task 0: Exited with exit code 124
srun: launch/slurm: _step_signal: Terminating StepId=264340.168
srun: error: cmp196: task 0: Exited with exit code 124
srun: launch/slurm: _step_signal: Terminating StepId=264340.169
srun: error: cmp196: task 0: Exited with exit code 124
srun: launch/slurm: _step_signal: Terminating StepId=264340.170
srun: error: cmp196: task 0: Exited with exit code 124
srun: launch/slurm: _step_signal: Terminating StepId=264340.171
srun: error: cmp196: task 0: Exited with exit code 124
srun: launch/slurm: _step_signal: Terminating StepId=264340.172
srun: error: cmp196: task 0: Exited with exit code 124
srun: launch/slurm: _step_signal: Terminating StepId=264340.173
srun: error: cmp196: task 0: Exited with exit code 124
srun: launch/slurm: _step_signal: Terminating StepId=264340.174
srun: error: cmp196: task 0: Exited with exit code 124
srun: launch/slurm: _step_signal: Terminating StepId=264340.175
srun: error: cmp196: task 0: Exited with exit code 124
srun: launch/slurm: _step_signal: Terminating StepId=264340.176
srun: error: cmp196: task 0: Exited with exit code 124
srun: launch/slurm: _step_signal: Terminating StepId=264340.177
srun: error: cmp196: task 0: Exited with exit code 124
srun: launch/slurm: _step_signal: Terminating StepId=264340.178
srun: error: cmp196: task 0: Exited with exit code 124
srun: launch/slurm: _step_signal: Terminating StepId=264340.179
srun: error: cmp196: task 0: Exited with exit code 124
srun: launch/slurm: _step_signal: Terminating StepId=264340.180
srun: error: cmp196: task 0: Exited with exit code 124
srun: launch/slurm: _step_signal: Terminating StepId=264340.181
srun: error: cmp196: task 0: Exited with exit code 124
srun: launch/slurm: _step_signal: Terminating StepId=264340.182
srun: error: cmp196: task 0: Exited with exit code 124
srun: launch/slurm: _step_signal: Terminating StepId=264340.183
srun: error: cmp196: task 0: Exited with exit code 124
srun: launch/slurm: _step_signal: Terminating StepId=264340.184
srun: error: cmp196: task 0: Exited with exit code 124
srun: launch/slurm: _step_signal: Terminating StepId=264340.185
srun: error: cmp196: task 0: Exited with exit code 124
srun: launch/slurm: _step_signal: Terminating StepId=264340.186
srun: error: cmp196: task 0: Exited with exit code 124
srun: launch/slurm: _step_signal: Terminating StepId=264340.187
srun: error: cmp196: task 0: Exited with exit code 124
srun: launch/slurm: _step_signal: Terminating StepId=264340.188
srun: error: cmp196: task 0: Exited with exit code 124
srun: launch/slurm: _step_signal: Terminating StepId=264340.189
srun: error: cmp196: task 0: Exited with exit code 124
srun: launch/slurm: _step_signal: Terminating StepId=264340.190
srun: error: cmp196: task 0: Exited with exit code 124
srun: launch/slurm: _step_signal: Terminating StepId=264340.191
srun: error: cmp196: task 0: Exited with exit code 124
srun: launch/slurm: _step_signal: Terminating StepId=264340.192
srun: error: cmp196: task 0: Exited with exit code 124
srun: launch/slurm: _step_signal: Terminating StepId=264340.193
srun: error: cmp196: task 0: Exited with exit code 124
srun: launch/slurm: _step_signal: Terminating StepId=264340.194
srun: error: cmp196: task 0: Exited with exit code 124
srun: launch/slurm: _step_signal: Terminating StepId=264340.195
srun: error: cmp196: task 0: Exited with exit code 124
srun: launch/slurm: _step_signal: Terminating StepId=264340.196
srun: error: cmp196: task 0: Exited with exit code 124
srun: launch/slurm: _step_signal: Terminating StepId=264340.197
srun: error: cmp196: task 0: Exited with exit code 124
srun: launch/slurm: _step_signal: Terminating StepId=264340.198
srun: error: cmp196: task 0: Exited with exit code 124
srun: launch/slurm: _step_signal: Terminating StepId=264340.199
srun: error: cmp196: task 0: Exited with exit code 124
srun: launch/slurm: _step_signal: Terminating StepId=264340.200
srun: error: cmp196: task 0: Exited with exit code 124
srun: launch/slurm: _step_signal: Terminating StepId=264340.201
srun: error: cmp196: task 0: Exited with exit code 124
srun: launch/slurm: _step_signal: Terminating StepId=264340.202
srun: error: cmp196: task 0: Exited with exit code 124
srun: launch/slurm: _step_signal: Terminating StepId=264340.203
srun: error: cmp196: task 0: Exited with exit code 124
srun: launch/slurm: _step_signal: Terminating StepId=264340.204
srun: error: cmp196: task 0: Exited with exit code 124
srun: launch/slurm: _step_signal: Terminating StepId=264340.205
srun: error: cmp196: task 0: Exited with exit code 124
srun: launch/slurm: _step_signal: Terminating StepId=264340.206
srun: error: cmp196: task 0: Exited with exit code 124
srun: launch/slurm: _step_signal: Terminating StepId=264340.207
srun: error: cmp196: task 0: Exited with exit code 124
srun: launch/slurm: _step_signal: Terminating StepId=264340.208
srun: error: cmp196: task 0: Exited with exit code 124
srun: launch/slurm: _step_signal: Terminating StepId=264340.209
srun: error: cmp196: task 0: Exited with exit code 124
srun: launch/slurm: _step_signal: Terminating StepId=264340.210
srun: error: cmp196: task 0: Exited with exit code 124
srun: launch/slurm: _step_signal: Terminating StepId=264340.211
srun: error: cmp196: task 0: Exited with exit code 124
srun: launch/slurm: _step_signal: Terminating StepId=264340.212
srun: error: cmp196: task 0: Exited with exit code 124
srun: launch/slurm: _step_signal: Terminating StepId=264340.213
srun: error: cmp196: task 0: Exited with exit code 124
srun: launch/slurm: _step_signal: Terminating StepId=264340.214
srun: error: cmp196: task 0: Exited with exit code 124
srun: launch/slurm: _step_signal: Terminating StepId=264340.215
srun: error: cmp196: task 0: Exited with exit code 124
srun: launch/slurm: _step_signal: Terminating StepId=264340.216
srun: error: cmp196: task 0: Exited with exit code 124
srun: launch/slurm: _step_signal: Terminating StepId=264340.217
srun: error: cmp196: task 0: Exited with exit code 124
srun: launch/slurm: _step_signal: Terminating StepId=264340.218
srun: error: cmp196: task 0: Exited with exit code 124
srun: launch/slurm: _step_signal: Terminating StepId=264340.219
srun: error: cmp196: task 0: Exited with exit code 124
srun: launch/slurm: _step_signal: Terminating StepId=264340.220
srun: error: cmp196: task 0: Exited with exit code 124
srun: launch/slurm: _step_signal: Terminating StepId=264340.221
srun: error: cmp196: task 0: Exited with exit code 124
srun: launch/slurm: _step_signal: Terminating StepId=264340.222
srun: error: cmp196: task 0: Exited with exit code 124
srun: launch/slurm: _step_signal: Terminating StepId=264340.223
srun: error: cmp196: task 0: Exited with exit code 124
srun: launch/slurm: _step_signal: Terminating StepId=264340.224
srun: error: cmp196: task 0: Exited with exit code 124
srun: launch/slurm: _step_signal: Terminating StepId=264340.225
srun: error: cmp196: task 0: Exited with exit code 124
srun: launch/slurm: _step_signal: Terminating StepId=264340.226
srun: error: cmp196: task 0: Exited with exit code 124
srun: launch/slurm: _step_signal: Terminating StepId=264340.227
srun: error: cmp196: task 0: Exited with exit code 124
srun: launch/slurm: _step_signal: Terminating StepId=264340.228
srun: error: cmp196: task 0: Exited with exit code 124
srun: launch/slurm: _step_signal: Terminating StepId=264340.229
srun: error: cmp196: task 0: Exited with exit code 124
srun: launch/slurm: _step_signal: Terminating StepId=264340.230
srun: error: cmp196: task 0: Exited with exit code 124
srun: launch/slurm: _step_signal: Terminating StepId=264340.231
srun: error: cmp196: task 0: Exited with exit code 124
srun: launch/slurm: _step_signal: Terminating StepId=264340.232
srun: error: cmp196: task 0: Exited with exit code 124
srun: launch/slurm: _step_signal: Terminating StepId=264340.233
srun: error: cmp196: task 0: Exited with exit code 124
srun: launch/slurm: _step_signal: Terminating StepId=264340.234
srun: error: cmp196: task 0: Exited with exit code 124
srun: launch/slurm: _step_signal: Terminating StepId=264340.235
srun: error: cmp196: task 0: Exited with exit code 124
srun: launch/slurm: _step_signal: Terminating StepId=264340.236
srun: error: cmp196: task 0: Exited with exit code 124
srun: launch/slurm: _step_signal: Terminating StepId=264340.237
srun: error: cmp196: task 0: Exited with exit code 124
srun: launch/slurm: _step_signal: Terminating StepId=264340.238
srun: error: cmp196: task 0: Exited with exit code 124
srun: launch/slurm: _step_signal: Terminating StepId=264340.239
