srun: error: cmp052: task 0: Exited with exit code 124
srun: launch/slurm: _step_signal: Terminating StepId=213106.0
srun: error: cmp052: task 0: Exited with exit code 124
srun: launch/slurm: _step_signal: Terminating StepId=213106.1
srun: error: cmp052: task 0: Exited with exit code 124
srun: launch/slurm: _step_signal: Terminating StepId=213106.2
srun: error: cmp052: task 0: Exited with exit code 124
srun: launch/slurm: _step_signal: Terminating StepId=213106.4
srun: error: cmp052: task 0: Exited with exit code 124
srun: launch/slurm: _step_signal: Terminating StepId=213106.6
srun: error: cmp052: task 0: Exited with exit code 124
srun: launch/slurm: _step_signal: Terminating StepId=213106.8
srun: error: cmp052: task 0: Exited with exit code 124
srun: launch/slurm: _step_signal: Terminating StepId=213106.10
srun: error: cmp052: task 0: Exited with exit code 124
srun: launch/slurm: _step_signal: Terminating StepId=213106.12
srun: error: cmp052: task 0: Exited with exit code 124
srun: launch/slurm: _step_signal: Terminating StepId=213106.14
srun: error: cmp052: task 0: Exited with exit code 124
srun: launch/slurm: _step_signal: Terminating StepId=213106.16
srun: error: cmp052: task 0: Exited with exit code 124
srun: launch/slurm: _step_signal: Terminating StepId=213106.18
srun: error: cmp052: task 0: Exited with exit code 124
srun: launch/slurm: _step_signal: Terminating StepId=213106.20
srun: error: cmp052: task 0: Exited with exit code 124
srun: launch/slurm: _step_signal: Terminating StepId=213106.22
srun: error: cmp052: task 0: Exited with exit code 124
srun: launch/slurm: _step_signal: Terminating StepId=213106.24
srun: error: cmp052: task 0: Exited with exit code 124
srun: launch/slurm: _step_signal: Terminating StepId=213106.26
srun: error: cmp052: task 0: Exited with exit code 124
srun: launch/slurm: _step_signal: Terminating StepId=213106.28
srun: error: cmp052: task 0: Exited with exit code 124
srun: launch/slurm: _step_signal: Terminating StepId=213106.30
srun: error: cmp052: task 0: Exited with exit code 124
srun: launch/slurm: _step_signal: Terminating StepId=213106.32
srun: error: cmp052: task 0: Exited with exit code 124
srun: launch/slurm: _step_signal: Terminating StepId=213106.34
srun: error: cmp052: task 0: Exited with exit code 124
srun: launch/slurm: _step_signal: Terminating StepId=213106.36
srun: error: cmp052: task 0: Exited with exit code 124
srun: launch/slurm: _step_signal: Terminating StepId=213106.38
srun: error: cmp052: task 0: Exited with exit code 124
srun: launch/slurm: _step_signal: Terminating StepId=213106.40
srun: error: cmp052: task 0: Exited with exit code 124
srun: launch/slurm: _step_signal: Terminating StepId=213106.41
srun: error: cmp052: task 0: Exited with exit code 124
srun: launch/slurm: _step_signal: Terminating StepId=213106.42
srun: error: cmp052: task 0: Exited with exit code 124
srun: launch/slurm: _step_signal: Terminating StepId=213106.44
srun: error: cmp052: task 0: Exited with exit code 124
srun: launch/slurm: _step_signal: Terminating StepId=213106.46
srun: error: cmp052: task 0: Exited with exit code 124
srun: launch/slurm: _step_signal: Terminating StepId=213106.48
srun: error: cmp052: task 0: Exited with exit code 124
srun: launch/slurm: _step_signal: Terminating StepId=213106.50
srun: error: cmp052: task 0: Exited with exit code 124
srun: launch/slurm: _step_signal: Terminating StepId=213106.52
srun: error: cmp052: task 0: Exited with exit code 124
srun: launch/slurm: _step_signal: Terminating StepId=213106.54
srun: error: cmp052: task 0: Exited with exit code 124
srun: launch/slurm: _step_signal: Terminating StepId=213106.56
srun: error: cmp052: task 0: Exited with exit code 124
srun: launch/slurm: _step_signal: Terminating StepId=213106.58
srun: error: cmp052: task 0: Exited with exit code 124
srun: launch/slurm: _step_signal: Terminating StepId=213106.60
srun: error: cmp052: task 0: Exited with exit code 124
srun: launch/slurm: _step_signal: Terminating StepId=213106.61
srun: error: cmp052: task 0: Exited with exit code 124
srun: launch/slurm: _step_signal: Terminating StepId=213106.62
srun: error: cmp052: task 0: Exited with exit code 124
srun: launch/slurm: _step_signal: Terminating StepId=213106.64
srun: error: cmp052: task 0: Exited with exit code 124
srun: launch/slurm: _step_signal: Terminating StepId=213106.65
srun: error: cmp052: task 0: Exited with exit code 124
srun: launch/slurm: _step_signal: Terminating StepId=213106.66
srun: error: cmp052: task 0: Exited with exit code 124
srun: launch/slurm: _step_signal: Terminating StepId=213106.67
srun: error: cmp052: task 0: Exited with exit code 124
srun: launch/slurm: _step_signal: Terminating StepId=213106.68
srun: error: cmp052: task 0: Exited with exit code 124
srun: launch/slurm: _step_signal: Terminating StepId=213106.69
srun: error: cmp052: task 0: Exited with exit code 124
srun: launch/slurm: _step_signal: Terminating StepId=213106.70
srun: error: cmp052: task 0: Exited with exit code 124
srun: launch/slurm: _step_signal: Terminating StepId=213106.72
srun: error: cmp052: task 0: Exited with exit code 124
srun: launch/slurm: _step_signal: Terminating StepId=213106.73
srun: error: cmp052: task 0: Exited with exit code 124
srun: launch/slurm: _step_signal: Terminating StepId=213106.74
srun: error: cmp052: task 0: Exited with exit code 124
srun: launch/slurm: _step_signal: Terminating StepId=213106.75
srun: error: cmp052: task 0: Segmentation fault
srun: launch/slurm: _step_signal: Terminating StepId=213106.76
/usr/bin/timeout: the monitored command dumped core
srun: error: cmp052: task 0: Exited with exit code 124
srun: launch/slurm: _step_signal: Terminating StepId=213106.77
srun: error: cmp052: task 0: Exited with exit code 124
srun: launch/slurm: _step_signal: Terminating StepId=213106.78
srun: error: cmp052: task 0: Exited with exit code 124
srun: launch/slurm: _step_signal: Terminating StepId=213106.79
srun: error: cmp052: task 0: Exited with exit code 124
srun: launch/slurm: _step_signal: Terminating StepId=213106.80
srun: error: cmp052: task 0: Exited with exit code 124
srun: launch/slurm: _step_signal: Terminating StepId=213106.82
srun: error: cmp052: task 0: Exited with exit code 124
srun: launch/slurm: _step_signal: Terminating StepId=213106.84
srun: error: cmp052: task 0: Exited with exit code 124
srun: launch/slurm: _step_signal: Terminating StepId=213106.86
srun: error: cmp052: task 0: Exited with exit code 124
srun: launch/slurm: _step_signal: Terminating StepId=213106.87
srun: error: cmp052: task 0: Exited with exit code 124
srun: launch/slurm: _step_signal: Terminating StepId=213106.88
srun: error: cmp052: task 0: Exited with exit code 124
srun: launch/slurm: _step_signal: Terminating StepId=213106.90
srun: error: cmp052: task 0: Exited with exit code 124
srun: launch/slurm: _step_signal: Terminating StepId=213106.91
srun: error: cmp052: task 0: Exited with exit code 124
srun: launch/slurm: _step_signal: Terminating StepId=213106.92
srun: error: cmp052: task 0: Exited with exit code 124
srun: launch/slurm: _step_signal: Terminating StepId=213106.93
srun: error: cmp052: task 0: Exited with exit code 124
srun: launch/slurm: _step_signal: Terminating StepId=213106.94
srun: error: cmp052: task 0: Exited with exit code 124
srun: launch/slurm: _step_signal: Terminating StepId=213106.96
srun: error: cmp052: task 0: Exited with exit code 124
srun: launch/slurm: _step_signal: Terminating StepId=213106.97
srun: error: cmp052: task 0: Exited with exit code 124
srun: launch/slurm: _step_signal: Terminating StepId=213106.98
srun: error: cmp052: task 0: Exited with exit code 124
srun: launch/slurm: _step_signal: Terminating StepId=213106.99
srun: error: cmp052: task 0: Exited with exit code 124
srun: launch/slurm: _step_signal: Terminating StepId=213106.100
srun: error: cmp052: task 0: Exited with exit code 124
srun: launch/slurm: _step_signal: Terminating StepId=213106.102
srun: error: cmp052: task 0: Exited with exit code 124
srun: launch/slurm: _step_signal: Terminating StepId=213106.104
srun: error: cmp052: task 0: Exited with exit code 124
srun: launch/slurm: _step_signal: Terminating StepId=213106.105
srun: error: cmp052: task 0: Exited with exit code 124
srun: launch/slurm: _step_signal: Terminating StepId=213106.106
srun: error: cmp052: task 0: Exited with exit code 124
srun: launch/slurm: _step_signal: Terminating StepId=213106.108
srun: error: cmp052: task 0: Exited with exit code 124
srun: launch/slurm: _step_signal: Terminating StepId=213106.110
srun: error: cmp052: task 0: Exited with exit code 124
srun: launch/slurm: _step_signal: Terminating StepId=213106.111
srun: error: cmp052: task 0: Exited with exit code 124
srun: launch/slurm: _step_signal: Terminating StepId=213106.112
srun: error: cmp052: task 0: Exited with exit code 124
srun: launch/slurm: _step_signal: Terminating StepId=213106.113
srun: error: cmp052: task 0: Exited with exit code 124
srun: launch/slurm: _step_signal: Terminating StepId=213106.114
srun: error: cmp052: task 0: Exited with exit code 124
srun: launch/slurm: _step_signal: Terminating StepId=213106.115
srun: error: cmp052: task 0: Exited with exit code 124
srun: launch/slurm: _step_signal: Terminating StepId=213106.116
srun: error: cmp052: task 0: Exited with exit code 124
srun: launch/slurm: _step_signal: Terminating StepId=213106.117
srun: error: cmp052: task 0: Exited with exit code 124
srun: launch/slurm: _step_signal: Terminating StepId=213106.118
srun: error: cmp052: task 0: Exited with exit code 124
srun: launch/slurm: _step_signal: Terminating StepId=213106.120
srun: error: cmp052: task 0: Exited with exit code 124
srun: launch/slurm: _step_signal: Terminating StepId=213106.121
srun: error: cmp052: task 0: Exited with exit code 124
srun: launch/slurm: _step_signal: Terminating StepId=213106.122
srun: error: cmp052: task 0: Exited with exit code 124
srun: launch/slurm: _step_signal: Terminating StepId=213106.123
performance-testing: /home/jaspervermeule/executables/performance-testing/performance-testing.cpp:544: int Heuristic_Solver::optimize_task_list(int, std::vector<Heuristic_Solver::Task>&, bool, int): Assertion `optimal_insertion_index >= 0' failed.
/usr/bin/timeout: the monitored command dumped core
srun: error: cmp052: task 0: Aborted
srun: launch/slurm: _step_signal: Terminating StepId=213106.124
srun: error: cmp052: task 0: Exited with exit code 124
srun: launch/slurm: _step_signal: Terminating StepId=213106.125
srun: error: cmp052: task 0: Segmentation fault
srun: launch/slurm: _step_signal: Terminating StepId=213106.126
/usr/bin/timeout: the monitored command dumped core
srun: error: cmp052: task 0: Exited with exit code 124
srun: launch/slurm: _step_signal: Terminating StepId=213106.127
srun: error: cmp052: task 0: Exited with exit code 124
srun: launch/slurm: _step_signal: Terminating StepId=213106.128
srun: error: cmp052: task 0: Exited with exit code 124
srun: launch/slurm: _step_signal: Terminating StepId=213106.129
srun: error: cmp052: task 0: Segmentation fault
srun: launch/slurm: _step_signal: Terminating StepId=213106.130
/usr/bin/timeout: the monitored command dumped core
srun: error: cmp052: task 0: Exited with exit code 124
srun: launch/slurm: _step_signal: Terminating StepId=213106.131
srun: error: cmp052: task 0: Exited with exit code 124
srun: launch/slurm: _step_signal: Terminating StepId=213106.132
srun: error: cmp052: task 0: Exited with exit code 124
srun: launch/slurm: _step_signal: Terminating StepId=213106.133
performance-testing: /home/jaspervermeule/executables/performance-testing/performance-testing.cpp:544: int Heuristic_Solver::optimize_task_list(int, std::vector<Heuristic_Solver::Task>&, bool, int): Assertion `optimal_insertion_index >= 0' failed.
/usr/bin/timeout: the monitored command dumped core
srun: error: cmp052: task 0: Aborted
srun: launch/slurm: _step_signal: Terminating StepId=213106.134
srun: error: cmp052: task 0: Exited with exit code 124
srun: launch/slurm: _step_signal: Terminating StepId=213106.135
srun: error: cmp052: task 0: Exited with exit code 124
srun: launch/slurm: _step_signal: Terminating StepId=213106.136
srun: error: cmp052: task 0: Exited with exit code 124
srun: launch/slurm: _step_signal: Terminating StepId=213106.137
srun: error: cmp052: task 0: Exited with exit code 124
srun: launch/slurm: _step_signal: Terminating StepId=213106.138
srun: error: cmp052: task 0: Exited with exit code 124
srun: launch/slurm: _step_signal: Terminating StepId=213106.140
srun: error: cmp052: task 0: Exited with exit code 124
srun: launch/slurm: _step_signal: Terminating StepId=213106.141
srun: error: cmp052: task 0: Exited with exit code 124
srun: launch/slurm: _step_signal: Terminating StepId=213106.142
srun: error: cmp052: task 0: Exited with exit code 124
srun: launch/slurm: _step_signal: Terminating StepId=213106.143
srun: error: cmp052: task 0: Exited with exit code 124
srun: launch/slurm: _step_signal: Terminating StepId=213106.144
srun: error: cmp052: task 0: Exited with exit code 124
srun: launch/slurm: _step_signal: Terminating StepId=213106.145
srun: error: cmp052: task 0: Exited with exit code 124
srun: launch/slurm: _step_signal: Terminating StepId=213106.146
srun: error: cmp052: task 0: Exited with exit code 124
srun: launch/slurm: _step_signal: Terminating StepId=213106.147
srun: error: cmp052: task 0: Exited with exit code 124
srun: launch/slurm: _step_signal: Terminating StepId=213106.148
srun: error: cmp052: task 0: Exited with exit code 124
srun: launch/slurm: _step_signal: Terminating StepId=213106.149
srun: error: cmp052: task 0: Exited with exit code 124
srun: launch/slurm: _step_signal: Terminating StepId=213106.150
srun: error: cmp052: task 0: Exited with exit code 124
srun: launch/slurm: _step_signal: Terminating StepId=213106.151
srun: error: cmp052: task 0: Exited with exit code 124
srun: launch/slurm: _step_signal: Terminating StepId=213106.152
srun: error: cmp052: task 0: Exited with exit code 124
srun: launch/slurm: _step_signal: Terminating StepId=213106.153
srun: error: cmp052: task 0: Exited with exit code 124
srun: launch/slurm: _step_signal: Terminating StepId=213106.154
srun: error: cmp052: task 0: Exited with exit code 124
srun: launch/slurm: _step_signal: Terminating StepId=213106.155
srun: error: cmp052: task 0: Exited with exit code 124
srun: launch/slurm: _step_signal: Terminating StepId=213106.156
srun: error: cmp052: task 0: Exited with exit code 124
srun: launch/slurm: _step_signal: Terminating StepId=213106.157
srun: error: cmp052: task 0: Exited with exit code 124
srun: launch/slurm: _step_signal: Terminating StepId=213106.158
srun: error: cmp052: task 0: Exited with exit code 124
srun: launch/slurm: _step_signal: Terminating StepId=213106.159
srun: error: cmp052: task 0: Exited with exit code 124
srun: launch/slurm: _step_signal: Terminating StepId=213106.160
srun: error: cmp052: task 0: Exited with exit code 124
srun: launch/slurm: _step_signal: Terminating StepId=213106.162
srun: error: cmp052: task 0: Exited with exit code 124
srun: launch/slurm: _step_signal: Terminating StepId=213106.163
srun: error: cmp052: task 0: Exited with exit code 124
srun: launch/slurm: _step_signal: Terminating StepId=213106.164
srun: error: cmp052: task 0: Exited with exit code 124
srun: launch/slurm: _step_signal: Terminating StepId=213106.165
srun: error: cmp052: task 0: Exited with exit code 124
srun: launch/slurm: _step_signal: Terminating StepId=213106.166
srun: error: cmp052: task 0: Exited with exit code 124
srun: launch/slurm: _step_signal: Terminating StepId=213106.167
srun: error: cmp052: task 0: Exited with exit code 124
srun: launch/slurm: _step_signal: Terminating StepId=213106.168
srun: error: cmp052: task 0: Exited with exit code 124
srun: launch/slurm: _step_signal: Terminating StepId=213106.169
srun: error: cmp052: task 0: Exited with exit code 124
srun: launch/slurm: _step_signal: Terminating StepId=213106.170
srun: error: cmp052: task 0: Exited with exit code 124
srun: launch/slurm: _step_signal: Terminating StepId=213106.171
srun: error: cmp052: task 0: Exited with exit code 124
srun: launch/slurm: _step_signal: Terminating StepId=213106.172
srun: error: cmp052: task 0: Exited with exit code 124
srun: launch/slurm: _step_signal: Terminating StepId=213106.173
srun: error: cmp052: task 0: Exited with exit code 124
srun: launch/slurm: _step_signal: Terminating StepId=213106.174
srun: error: cmp052: task 0: Exited with exit code 124
srun: launch/slurm: _step_signal: Terminating StepId=213106.175
srun: error: cmp052: task 0: Exited with exit code 124
srun: launch/slurm: _step_signal: Terminating StepId=213106.176
srun: error: cmp052: task 0: Exited with exit code 124
srun: launch/slurm: _step_signal: Terminating StepId=213106.178
srun: error: cmp052: task 0: Exited with exit code 124
srun: launch/slurm: _step_signal: Terminating StepId=213106.179
performance-testing: /home/jaspervermeule/executables/performance-testing/performance-testing.cpp:288: void Heuristic_Solver::construct_initial_task_list(std::vector<Heuristic_Solver::Task>&): Assertion `optimal_index >= 0' failed.
/usr/bin/timeout: the monitored command dumped core
srun: error: cmp052: task 0: Aborted
srun: launch/slurm: _step_signal: Terminating StepId=213106.180
performance-testing: /home/jaspervermeule/executables/performance-testing/performance-testing.cpp:946: void SAT_encoder::construct_upper_bound_task_list(std::vector<SAT_encoder::Task>&): Assertion `optimal_index >= 0' failed.
/usr/bin/timeout: the monitored command dumped core
srun: error: cmp052: task 0: Aborted
srun: launch/slurm: _step_signal: Terminating StepId=213106.181
performance-testing: /home/jaspervermeule/executables/performance-testing/performance-testing.cpp:544: int Heuristic_Solver::optimize_task_list(int, std::vector<Heuristic_Solver::Task>&, bool, int): Assertion `optimal_insertion_index >= 0' failed.
/usr/bin/timeout: the monitored command dumped core
srun: error: cmp052: task 0: Aborted
srun: launch/slurm: _step_signal: Terminating StepId=213106.182
srun: error: cmp052: task 0: Exited with exit code 124
srun: launch/slurm: _step_signal: Terminating StepId=213106.183
performance-testing: /home/jaspervermeule/executables/performance-testing/performance-testing.cpp:544: int Heuristic_Solver::optimize_task_list(int, std::vector<Heuristic_Solver::Task>&, bool, int): Assertion `optimal_insertion_index >= 0' failed.
/usr/bin/timeout: the monitored command dumped core
srun: error: cmp052: task 0: Aborted
srun: launch/slurm: _step_signal: Terminating StepId=213106.184
srun: error: cmp052: task 0: Exited with exit code 124
srun: launch/slurm: _step_signal: Terminating StepId=213106.185
srun: error: cmp052: task 0: Segmentation fault
srun: launch/slurm: _step_signal: Terminating StepId=213106.186
/usr/bin/timeout: the monitored command dumped core
srun: error: cmp052: task 0: Exited with exit code 124
srun: launch/slurm: _step_signal: Terminating StepId=213106.187
performance-testing: /home/jaspervermeule/executables/performance-testing/performance-testing.cpp:288: void Heuristic_Solver::construct_initial_task_list(std::vector<Heuristic_Solver::Task>&): Assertion `optimal_index >= 0' failed.
/usr/bin/timeout: the monitored command dumped core
srun: error: cmp052: task 0: Aborted
srun: launch/slurm: _step_signal: Terminating StepId=213106.188
performance-testing: /home/jaspervermeule/executables/performance-testing/performance-testing.cpp:946: void SAT_encoder::construct_upper_bound_task_list(std::vector<SAT_encoder::Task>&): Assertion `optimal_index >= 0' failed.
/usr/bin/timeout: the monitored command dumped core
srun: error: cmp052: task 0: Aborted
srun: launch/slurm: _step_signal: Terminating StepId=213106.189
performance-testing: /home/jaspervermeule/executables/performance-testing/performance-testing.cpp:544: int Heuristic_Solver::optimize_task_list(int, std::vector<Heuristic_Solver::Task>&, bool, int): Assertion `optimal_insertion_index >= 0' failed.
/usr/bin/timeout: the monitored command dumped core
srun: error: cmp052: task 0: Aborted
srun: launch/slurm: _step_signal: Terminating StepId=213106.190
srun: error: cmp052: task 0: Exited with exit code 124
srun: launch/slurm: _step_signal: Terminating StepId=213106.191
performance-testing: /home/jaspervermeule/executables/performance-testing/performance-testing.cpp:288: void Heuristic_Solver::construct_initial_task_list(std::vector<Heuristic_Solver::Task>&): Assertion `optimal_index >= 0' failed.
/usr/bin/timeout: the monitored command dumped core
srun: error: cmp052: task 0: Aborted
srun: launch/slurm: _step_signal: Terminating StepId=213106.192
performance-testing: /home/jaspervermeule/executables/performance-testing/performance-testing.cpp:946: void SAT_encoder::construct_upper_bound_task_list(std::vector<SAT_encoder::Task>&): Assertion `optimal_index >= 0' failed.
/usr/bin/timeout: the monitored command dumped core
srun: error: cmp052: task 0: Aborted
srun: launch/slurm: _step_signal: Terminating StepId=213106.193
performance-testing: /home/jaspervermeule/executables/performance-testing/performance-testing.cpp:288: void Heuristic_Solver::construct_initial_task_list(std::vector<Heuristic_Solver::Task>&): Assertion `optimal_index >= 0' failed.
/usr/bin/timeout: the monitored command dumped core
srun: error: cmp052: task 0: Aborted
srun: launch/slurm: _step_signal: Terminating StepId=213106.194
performance-testing: /home/jaspervermeule/executables/performance-testing/performance-testing.cpp:946: void SAT_encoder::construct_upper_bound_task_list(std::vector<SAT_encoder::Task>&): Assertion `optimal_index >= 0' failed.
/usr/bin/timeout: the monitored command dumped core
srun: error: cmp052: task 0: Aborted
srun: launch/slurm: _step_signal: Terminating StepId=213106.195
performance-testing: /home/jaspervermeule/executables/performance-testing/performance-testing.cpp:288: void Heuristic_Solver::construct_initial_task_list(std::vector<Heuristic_Solver::Task>&): Assertion `optimal_index >= 0' failed.
/usr/bin/timeout: the monitored command dumped core
srun: error: cmp052: task 0: Aborted
srun: launch/slurm: _step_signal: Terminating StepId=213106.196
performance-testing: /home/jaspervermeule/executables/performance-testing/performance-testing.cpp:946: void SAT_encoder::construct_upper_bound_task_list(std::vector<SAT_encoder::Task>&): Assertion `optimal_index >= 0' failed.
/usr/bin/timeout: the monitored command dumped core
srun: error: cmp052: task 0: Aborted
srun: launch/slurm: _step_signal: Terminating StepId=213106.197
performance-testing: /home/jaspervermeule/executables/performance-testing/performance-testing.cpp:288: void Heuristic_Solver::construct_initial_task_list(std::vector<Heuristic_Solver::Task>&): Assertion `optimal_index >= 0' failed.
/usr/bin/timeout: the monitored command dumped core
srun: error: cmp052: task 0: Aborted
srun: launch/slurm: _step_signal: Terminating StepId=213106.198
performance-testing: /home/jaspervermeule/executables/performance-testing/performance-testing.cpp:946: void SAT_encoder::construct_upper_bound_task_list(std::vector<SAT_encoder::Task>&): Assertion `optimal_index >= 0' failed.
/usr/bin/timeout: the monitored command dumped core
srun: error: cmp052: task 0: Aborted
srun: launch/slurm: _step_signal: Terminating StepId=213106.199
srun: error: cmp052: task 0: Exited with exit code 124
srun: launch/slurm: _step_signal: Terminating StepId=213106.200
srun: error: cmp052: task 0: Exited with exit code 124
srun: launch/slurm: _step_signal: Terminating StepId=213106.201
srun: error: cmp052: task 0: Exited with exit code 124
srun: launch/slurm: _step_signal: Terminating StepId=213106.202
srun: error: cmp052: task 0: Exited with exit code 124
srun: launch/slurm: _step_signal: Terminating StepId=213106.203
srun: error: cmp052: task 0: Exited with exit code 124
srun: launch/slurm: _step_signal: Terminating StepId=213106.204
srun: error: cmp052: task 0: Exited with exit code 124
srun: launch/slurm: _step_signal: Terminating StepId=213106.205
srun: error: cmp052: task 0: Exited with exit code 124
srun: launch/slurm: _step_signal: Terminating StepId=213106.206
srun: error: cmp052: task 0: Exited with exit code 124
srun: launch/slurm: _step_signal: Terminating StepId=213106.207
srun: error: cmp052: task 0: Exited with exit code 124
srun: launch/slurm: _step_signal: Terminating StepId=213106.208
srun: error: cmp052: task 0: Exited with exit code 124
srun: launch/slurm: _step_signal: Terminating StepId=213106.209
performance-testing: /home/jaspervermeule/executables/performance-testing/performance-testing.cpp:544: int Heuristic_Solver::optimize_task_list(int, std::vector<Heuristic_Solver::Task>&, bool, int): Assertion `optimal_insertion_index >= 0' failed.
/usr/bin/timeout: the monitored command dumped core
srun: error: cmp052: task 0: Aborted
srun: launch/slurm: _step_signal: Terminating StepId=213106.210
srun: error: cmp052: task 0: Exited with exit code 124
srun: launch/slurm: _step_signal: Terminating StepId=213106.211
srun: error: cmp052: task 0: Exited with exit code 124
srun: launch/slurm: _step_signal: Terminating StepId=213106.212
srun: error: cmp052: task 0: Exited with exit code 124
srun: launch/slurm: _step_signal: Terminating StepId=213106.213
srun: error: cmp052: task 0: Exited with exit code 124
srun: launch/slurm: _step_signal: Terminating StepId=213106.214
srun: error: cmp052: task 0: Exited with exit code 124
srun: launch/slurm: _step_signal: Terminating StepId=213106.215
srun: error: cmp052: task 0: Exited with exit code 124
srun: launch/slurm: _step_signal: Terminating StepId=213106.216
srun: error: cmp052: task 0: Exited with exit code 124
srun: launch/slurm: _step_signal: Terminating StepId=213106.217
srun: error: cmp052: task 0: Exited with exit code 124
srun: launch/slurm: _step_signal: Terminating StepId=213106.218
srun: error: cmp052: task 0: Exited with exit code 124
srun: launch/slurm: _step_signal: Terminating StepId=213106.219
srun: error: cmp052: task 0: Exited with exit code 124
srun: launch/slurm: _step_signal: Terminating StepId=213106.220
srun: error: cmp052: task 0: Exited with exit code 124
srun: launch/slurm: _step_signal: Terminating StepId=213106.221
srun: error: cmp052: task 0: Exited with exit code 124
srun: launch/slurm: _step_signal: Terminating StepId=213106.222
srun: error: cmp052: task 0: Exited with exit code 124
srun: launch/slurm: _step_signal: Terminating StepId=213106.223
srun: error: cmp052: task 0: Exited with exit code 124
srun: launch/slurm: _step_signal: Terminating StepId=213106.224
srun: error: cmp052: task 0: Exited with exit code 124
srun: launch/slurm: _step_signal: Terminating StepId=213106.225
srun: error: cmp052: task 0: Exited with exit code 124
srun: launch/slurm: _step_signal: Terminating StepId=213106.226
srun: error: cmp052: task 0: Exited with exit code 124
srun: launch/slurm: _step_signal: Terminating StepId=213106.227
srun: error: cmp052: task 0: Exited with exit code 124
srun: launch/slurm: _step_signal: Terminating StepId=213106.228
srun: error: cmp052: task 0: Exited with exit code 124
srun: launch/slurm: _step_signal: Terminating StepId=213106.229
srun: error: cmp052: task 0: Exited with exit code 124
srun: launch/slurm: _step_signal: Terminating StepId=213106.230
srun: error: cmp052: task 0: Exited with exit code 124
srun: launch/slurm: _step_signal: Terminating StepId=213106.231
srun: error: cmp052: task 0: Exited with exit code 124
srun: launch/slurm: _step_signal: Terminating StepId=213106.232
srun: error: cmp052: task 0: Exited with exit code 124
srun: launch/slurm: _step_signal: Terminating StepId=213106.233
srun: error: cmp052: task 0: Exited with exit code 124
srun: launch/slurm: _step_signal: Terminating StepId=213106.234
srun: error: cmp052: task 0: Exited with exit code 124
srun: launch/slurm: _step_signal: Terminating StepId=213106.235
srun: error: cmp052: task 0: Exited with exit code 124
srun: launch/slurm: _step_signal: Terminating StepId=213106.236
srun: error: cmp052: task 0: Exited with exit code 124
srun: launch/slurm: _step_signal: Terminating StepId=213106.237
srun: error: cmp052: task 0: Exited with exit code 124
srun: launch/slurm: _step_signal: Terminating StepId=213106.238
srun: error: cmp052: task 0: Exited with exit code 124
srun: launch/slurm: _step_signal: Terminating StepId=213106.239
